TN:
SF:/Users/thiagolima/Documents/projetos/ibge/brasil/codigofonte/ClientApp/setupJest.ts
FN:4,(anonymous_0)
FN:7,(anonymous_1)
FN:8,(anonymous_2)
FN:9,(anonymous_3)
FN:10,(anonymous_4)
FN:17,(anonymous_5)
FNF:6
FNH:1
FNDA:14,(anonymous_0)
FNDA:0,(anonymous_1)
FNDA:0,(anonymous_2)
FNDA:0,(anonymous_3)
FNDA:0,(anonymous_4)
FNDA:0,(anonymous_5)
DA:1,7
DA:4,7
DA:5,14
DA:6,14
DA:7,0
DA:8,0
DA:9,0
DA:10,0
DA:14,7
DA:15,7
DA:16,7
DA:17,0
LF:12
LH:7
BRDA:7,1,0,0
BRDA:7,1,1,0
BRDA:8,2,0,0
BRDA:8,2,1,0
BRF:4
BRH:0
end_of_record
TN:
SF:/Users/thiagolima/Documents/projetos/ibge/brasil/codigofonte/ClientApp/app/shared3/models/index.ts
FNF:0
FNH:0
DA:1,3
DA:2,3
DA:3,3
LF:3
LH:3
BRF:0
BRH:0
end_of_record
TN:
SF:/Users/thiagolima/Documents/projetos/ibge/brasil/codigofonte/ClientApp/app/shared3/models/indicador.model.ts
FN:27,(anonymous_0)
FN:51,Indicador
FN:62,(anonymous_2)
FN:28,(anonymous_3)
FN:89,(anonymous_4)
FN:90,(anonymous_5)
FNF:6
FNH:3
FNDA:3,(anonymous_0)
FNDA:20,Indicador
FNDA:0,(anonymous_2)
FNDA:20,(anonymous_3)
FNDA:0,(anonymous_4)
FNDA:0,(anonymous_5)
DA:3,3
DA:27,3
DA:28,3
DA:29,20
DA:52,20
DA:53,0
DA:56,20
DA:57,20
DA:58,20
DA:59,20
DA:60,20
DA:62,20
DA:63,0
DA:68,20
DA:73,20
DA:74,20
DA:80,0
DA:83,20
DA:84,20
DA:86,20
DA:89,3
DA:90,0
DA:92,3
LF:23
LH:19
BRDA:52,1,0,0
BRDA:52,1,1,20
BRDA:52,2,0,20
BRDA:52,2,1,20
BRDA:64,3,0,0
BRDA:64,3,1,0
BRDA:73,4,0,20
BRDA:73,4,1,0
BRDA:75,5,0,20
BRDA:75,5,1,0
BRDA:76,6,0,20
BRDA:76,6,1,0
BRDA:77,7,0,20
BRDA:77,7,1,8
BRDA:83,8,0,20
BRDA:83,8,1,0
BRDA:83,9,0,20
BRDA:83,9,1,20
BRDA:84,10,0,0
BRDA:84,10,1,20
BRDA:86,11,0,4
BRDA:86,11,1,16
BRDA:90,12,0,0
BRDA:90,12,1,0
BRF:24
BRH:14
end_of_record
TN:
SF:/Users/thiagolima/Documents/projetos/ibge/brasil/codigofonte/ClientApp/app/shared3/models/pesquisa.model.ts
FN:6,(anonymous_0)
FN:27,Pesquisa
FN:7,(anonymous_2)
FN:11,(anonymous_3)
FN:36,(anonymous_4)
FN:40,(anonymous_5)
FN:41,(anonymous_6)
FN:44,(anonymous_7)
FN:45,(anonymous_8)
FN:49,(anonymous_9)
FN:50,(anonymous_10)
FN:54,(anonymous_11)
FN:55,(anonymous_12)
FN:59,(anonymous_13)
FN:60,(anonymous_14)
FN:64,(anonymous_15)
FN:69,(anonymous_16)
FN:77,(anonymous_17)
FN:83,(anonymous_18)
FN:84,(anonymous_19)
FNF:20
FNH:10
FNDA:3,(anonymous_0)
FNDA:43,Pesquisa
FNDA:43,(anonymous_2)
FNDA:46,(anonymous_3)
FNDA:6,(anonymous_4)
FNDA:0,(anonymous_5)
FNDA:0,(anonymous_6)
FNDA:0,(anonymous_7)
FNDA:0,(anonymous_8)
FNDA:0,(anonymous_9)
FNDA:0,(anonymous_10)
FNDA:0,(anonymous_11)
FNDA:0,(anonymous_12)
FNDA:0,(anonymous_13)
FNDA:0,(anonymous_14)
FNDA:43,(anonymous_15)
FNDA:172,(anonymous_16)
FNDA:258,(anonymous_17)
FNDA:43,(anonymous_18)
FNDA:224,(anonymous_19)
DA:2,3
DA:4,3
DA:6,3
DA:7,3
DA:8,43
DA:11,3
DA:12,46
DA:28,43
DA:29,43
DA:30,43
DA:31,43
DA:32,43
DA:33,43
DA:36,3
DA:37,6
DA:40,3
DA:41,0
DA:44,3
DA:45,0
DA:46,0
DA:49,3
DA:50,0
DA:51,0
DA:54,3
DA:55,0
DA:56,0
DA:59,3
DA:60,0
DA:61,0
DA:64,3
DA:65,43
DA:69,172
DA:72,43
DA:73,43
DA:74,43
DA:75,43
DA:77,43
DA:78,258
DA:79,258
DA:83,3
DA:84,43
DA:85,224
DA:86,224
DA:87,224
DA:88,224
DA:90,224
DA:91,224
DA:92,224
DA:93,224
DA:94,224
DA:97,224
DA:105,3
LF:52
LH:43
BRDA:30,1,0,43
BRDA:30,1,1,43
BRDA:31,2,0,43
BRDA:31,2,1,43
BRDA:51,3,0,0
BRDA:51,3,1,0
BRDA:61,4,0,0
BRDA:61,4,1,0
BRDA:66,5,0,43
BRDA:66,5,1,0
BRDA:90,6,0,224
BRDA:90,6,1,0
BRF:12
BRH:6
end_of_record
TN:
SF:/Users/thiagolima/Documents/projetos/ibge/brasil/codigofonte/ClientApp/app/utils2/index.ts
FNF:0
FNH:0
DA:1,3
DA:2,3
DA:3,3
LF:3
LH:3
BRF:0
BRH:0
end_of_record
TN:
SF:/Users/thiagolima/Documents/projetos/ibge/brasil/codigofonte/ClientApp/app/utils2/arrayUniqueValues.ts
FN:1,arrayUniqueValues
FNF:1
FNH:0
FNDA:0,arrayUniqueValues
DA:1,3
DA:2,0
LF:2
LH:1
BRF:0
BRH:0
end_of_record
TN:
SF:/Users/thiagolima/Documents/projetos/ibge/brasil/codigofonte/ClientApp/app/utils2/converterObjArrayEmHash.ts
FN:1,converterObjArrayEmHash
FN:7,_hashUniqueValue
FN:8,(anonymous_2)
FN:20,_hashManyValues
FN:21,(anonymous_4)
FN:31,getLabel
FN:34,(anonymous_6)
FN:49,isInvalidLabel
FNF:8
FNH:6
FNDA:2,converterObjArrayEmHash
FNDA:2,_hashUniqueValue
FNDA:6,(anonymous_2)
FNDA:0,_hashManyValues
FNDA:0,(anonymous_4)
FNDA:6,getLabel
FNDA:6,(anonymous_6)
FNDA:6,isInvalidLabel
DA:1,4
DA:2,2
DA:8,2
DA:9,6
DA:11,6
DA:12,0
DA:15,6
DA:16,6
DA:21,0
DA:22,0
DA:24,0
DA:26,0
DA:27,0
DA:32,6
DA:34,6
DA:35,6
DA:36,0
DA:37,0
DA:40,6
DA:43,6
DA:44,0
DA:47,6
DA:50,6
LF:23
LH:14
BRDA:1,1,0,2
BRDA:1,1,1,0
BRDA:3,2,0,0
BRDA:3,2,1,2
BRDA:11,3,0,0
BRDA:11,3,1,6
BRDA:24,4,0,0
BRDA:24,4,1,0
BRDA:35,5,0,0
BRDA:35,5,1,6
BRDA:43,6,0,0
BRDA:43,6,1,6
BRDA:50,7,0,6
BRDA:50,7,1,6
BRF:14
BRH:7
end_of_record
TN:
SF:/Users/thiagolima/Documents/projetos/ibge/brasil/codigofonte/ClientApp/app/utils2/converterEmNumero.ts
FN:1,converterEmNumero
FNF:1
FNH:1
FNDA:1344,converterEmNumero
DA:1,3
DA:2,1344
LF:2
LH:2
BRF:0
BRH:0
end_of_record
TN:
SF:/Users/thiagolima/Documents/projetos/ibge/brasil/codigofonte/ClientApp/app/shared3/values/index.ts
FNF:0
FNH:0
DA:1,3
DA:2,3
DA:3,3
LF:3
LH:3
BRF:0
BRH:0
end_of_record
TN:
SF:/Users/thiagolima/Documents/projetos/ibge/brasil/codigofonte/ClientApp/app/shared3/values/escopo-indicadores.values.ts
FNF:0
FNH:0
DA:1,3
LF:1
LH:1
BRF:0
BRH:0
end_of_record
TN:
SF:/Users/thiagolima/Documents/projetos/ibge/brasil/codigofonte/ClientApp/app/shared3/values/niveis-territoriais.values.ts
FN:47,(anonymous_0)
FNF:1
FNH:1
FNDA:18,(anonymous_0)
DA:17,3
DA:47,18
LF:2
LH:2
BRF:0
BRH:0
end_of_record
TN:
SF:/Users/thiagolima/Documents/projetos/ibge/brasil/codigofonte/ClientApp/app/shared3/values/servicoDados.values.ts
FN:4,(anonymous_0)
FNF:1
FNH:1
FNDA:58,(anonymous_0)
DA:1,3
DA:3,3
DA:5,58
DA:6,0
DA:8,58
LF:5
LH:4
BRDA:5,1,0,0
BRDA:5,1,1,58
BRF:2
BRH:1
end_of_record
TN:
SF:/Users/thiagolima/Documents/projetos/ibge/brasil/codigofonte/ClientApp/app/shared3/models/resultado.model.ts
FN:9,(anonymous_0)
FN:32,Resultado
FN:38,(anonymous_2)
FN:10,(anonymous_3)
FN:13,(anonymous_4)
FN:16,(anonymous_5)
FN:17,(anonymous_6)
FN:41,(anonymous_7)
FN:45,(anonymous_8)
FN:49,(anonymous_9)
FN:53,(anonymous_10)
FN:54,(anonymous_11)
FN:62,(anonymous_12)
FN:66,(anonymous_13)
FN:70,(anonymous_14)
FN:75,(anonymous_15)
FNF:16
FNH:7
FNDA:3,(anonymous_0)
FNDA:15,Resultado
FNDA:67,(anonymous_2)
FNDA:15,(anonymous_3)
FNDA:7,(anonymous_4)
FNDA:8,(anonymous_5)
FNDA:15,(anonymous_6)
FNDA:0,(anonymous_7)
FNDA:0,(anonymous_8)
FNDA:0,(anonymous_9)
FNDA:0,(anonymous_10)
FNDA:0,(anonymous_11)
FNDA:0,(anonymous_12)
FNDA:0,(anonymous_13)
FNDA:0,(anonymous_14)
FNDA:0,(anonymous_15)
DA:9,3
DA:10,3
DA:11,15
DA:13,3
DA:14,7
DA:16,7
DA:17,15
DA:22,8
DA:32,30
DA:33,15
DA:34,15
DA:36,15
DA:37,15
DA:38,67
DA:41,3
DA:42,0
DA:45,3
DA:46,0
DA:49,3
DA:50,0
DA:53,3
DA:54,0
DA:55,0
DA:56,0
DA:58,0
DA:62,3
DA:63,0
DA:66,3
DA:67,0
DA:70,3
DA:71,0
DA:72,0
DA:75,3
DA:76,0
DA:78,3
LF:35
LH:23
BRDA:32,1,0,0
BRDA:32,1,1,15
BRDA:32,2,0,0
BRDA:32,2,1,15
BRDA:14,3,0,3
BRDA:14,3,1,4
BRDA:46,4,0,0
BRDA:46,4,1,0
BRDA:50,5,0,0
BRDA:50,5,1,0
BRDA:55,6,0,0
BRDA:55,6,1,0
BRDA:67,7,0,0
BRDA:67,7,1,0
BRDA:72,8,0,0
BRDA:72,8,1,0
BRDA:76,9,0,0
BRDA:76,9,1,0
BRF:18
BRH:4
end_of_record
TN:
SF:/Users/thiagolima/Documents/projetos/ibge/brasil/codigofonte/ClientApp/app/shared3/services/index.ts
FNF:0
FNH:0
DA:1,1
DA:2,1
DA:3,1
LF:3
LH:3
BRF:0
BRH:0
end_of_record
TN:
SF:/Users/thiagolima/Documents/projetos/ibge/brasil/codigofonte/ClientApp/app/shared3/services/indicador.service.ts
FN:23,(anonymous_2)
FN:27,IndicadorService3
FN:30,(anonymous_4)
FN:32,(anonymous_5)
FN:35,(anonymous_6)
FN:41,(anonymous_7)
FN:41,(anonymous_8)
FN:42,(anonymous_9)
FN:44,(anonymous_10)
FN:50,(anonymous_11)
FN:50,(anonymous_12)
FN:51,(anonymous_13)
FN:54,(anonymous_14)
FN:59,(anonymous_15)
FN:60,(anonymous_16)
FN:63,(anonymous_17)
FN:68,(anonymous_18)
FN:69,(anonymous_19)
FN:70,(anonymous_20)
FN:72,(anonymous_21)
FN:74,(anonymous_22)
FN:76,(anonymous_23)
FN:80,(anonymous_24)
FN:83,(anonymous_25)
FN:102,(anonymous_26)
FN:106,(anonymous_27)
FNF:26
FNH:9
FNDA:1,(anonymous_2)
FNDA:11,IndicadorService3
FNDA:0,(anonymous_4)
FNDA:0,(anonymous_5)
FNDA:0,(anonymous_6)
FNDA:0,(anonymous_7)
FNDA:0,(anonymous_8)
FNDA:0,(anonymous_9)
FNDA:0,(anonymous_10)
FNDA:0,(anonymous_11)
FNDA:0,(anonymous_12)
FNDA:0,(anonymous_13)
FNDA:9,(anonymous_14)
FNDA:7,(anonymous_15)
FNDA:2,(anonymous_16)
FNDA:0,(anonymous_17)
FNDA:0,(anonymous_18)
FNDA:0,(anonymous_19)
FNDA:0,(anonymous_20)
FNDA:0,(anonymous_21)
FNDA:0,(anonymous_22)
FNDA:0,(anonymous_23)
FNDA:9,(anonymous_24)
FNDA:9,(anonymous_25)
FNDA:2,(anonymous_26)
FNDA:7,(anonymous_27)
DA:1,1
DA:2,1
DA:4,1
DA:5,1
DA:6,1
DA:7,1
DA:9,1
DA:10,1
DA:11,1
DA:12,1
DA:13,1
DA:14,1
DA:15,1
DA:16,1
DA:19,1
DA:20,1
DA:23,1
DA:26,11
DA:27,11
DA:30,1
DA:31,0
DA:32,0
DA:35,1
DA:36,0
DA:37,0
DA:38,0
DA:40,0
DA:41,0
DA:42,0
DA:44,1
DA:45,0
DA:46,0
DA:47,0
DA:49,0
DA:50,0
DA:51,0
DA:54,18
DA:55,9
DA:56,9
DA:58,9
DA:59,7
DA:60,2
DA:63,1
DA:64,0
DA:65,0
DA:67,0
DA:69,0
DA:70,0
DA:72,0
DA:73,0
DA:74,0
DA:76,0
DA:80,9
DA:81,9
DA:84,9
DA:85,0
DA:88,9
DA:89,2
DA:92,7
DA:93,7
DA:94,0
DA:97,7
DA:102,1
DA:103,2
DA:106,1
DA:107,7
DA:110,1
LF:67
LH:42
BRDA:30,1,0,0
BRDA:30,1,1,0
BRDA:30,2,0,0
BRDA:30,2,1,0
BRDA:30,3,0,0
BRDA:30,3,1,0
BRDA:35,4,0,0
BRDA:35,4,1,0
BRDA:35,5,0,0
BRDA:35,5,1,0
BRDA:35,6,0,0
BRDA:35,6,1,0
BRDA:36,7,0,0
BRDA:36,7,1,0
BRDA:44,8,0,0
BRDA:44,8,1,0
BRDA:44,9,0,0
BRDA:44,9,1,0
BRDA:44,10,0,0
BRDA:44,10,1,0
BRDA:45,11,0,0
BRDA:45,11,1,0
BRDA:54,12,0,9
BRDA:54,12,1,0
BRDA:56,13,0,9
BRDA:56,13,1,2
BRDA:63,14,0,0
BRDA:63,14,1,0
BRDA:65,15,0,0
BRDA:65,15,1,0
BRDA:84,16,0,0
BRDA:84,16,1,9
BRDA:88,17,0,2
BRDA:88,17,1,7
BRDA:88,18,0,9
BRDA:88,18,1,9
BRDA:93,19,0,0
BRDA:93,19,1,7
BRDA:103,20,0,0
BRDA:103,20,1,2
BRDA:107,21,0,7
BRDA:107,21,1,0
BRDA:26,22,0,1
BRDA:26,22,1,0
BRDA:26,22,2,1
BRDA:26,23,0,1
BRDA:26,23,1,0
BRF:47
BRH:14
end_of_record
TN:
SF:/Users/thiagolima/Documents/projetos/ibge/brasil/codigofonte/ClientApp/app/shared3/services/pesquisa.service.ts
FN:20,(anonymous_2)
FN:23,PesquisaService3
FN:26,(anonymous_4)
FN:31,(anonymous_5)
FN:32,(anonymous_6)
FN:35,(anonymous_7)
FN:42,(anonymous_8)
FN:42,(anonymous_9)
FN:43,(anonymous_10)
FN:46,(anonymous_11)
FN:48,(anonymous_12)
FN:52,(anonymous_13)
FN:55,(anonymous_14)
FN:61,(anonymous_15)
FN:64,(anonymous_16)
FN:67,(anonymous_17)
FN:85,(anonymous_18)
FN:89,(anonymous_19)
FN:93,(anonymous_20)
FN:94,(anonymous_21)
FNF:20
FNH:19
FNDA:2,(anonymous_2)
FNDA:22,PesquisaService3
FNDA:8,(anonymous_4)
FNDA:6,(anonymous_5)
FNDA:2,(anonymous_6)
FNDA:3,(anonymous_7)
FNDA:2,(anonymous_8)
FNDA:6,(anonymous_9)
FNDA:0,(anonymous_10)
FNDA:3,(anonymous_11)
FNDA:2,(anonymous_12)
FNDA:1,(anonymous_13)
FNDA:2,(anonymous_14)
FNDA:1,(anonymous_15)
FNDA:10,(anonymous_16)
FNDA:10,(anonymous_17)
FNDA:5,(anonymous_18)
FNDA:7,(anonymous_19)
FNDA:2,(anonymous_20)
FNDA:4,(anonymous_21)
DA:1,2
DA:2,2
DA:4,2
DA:6,2
DA:7,2
DA:9,2
DA:10,2
DA:11,2
DA:12,2
DA:13,2
DA:14,2
DA:16,2
DA:17,2
DA:20,2
DA:23,22
DA:26,8
DA:27,8
DA:28,8
DA:30,8
DA:31,6
DA:32,2
DA:35,3
DA:36,3
DA:37,1
DA:38,1
DA:41,2
DA:42,6
DA:43,0
DA:46,3
DA:47,3
DA:49,2
DA:50,2
DA:52,1
DA:55,2
DA:56,2
DA:57,2
DA:59,2
DA:61,1
DA:64,10
DA:65,10
DA:68,10
DA:69,0
DA:72,10
DA:73,3
DA:76,7
DA:77,7
DA:78,0
DA:81,7
DA:85,2
DA:86,5
DA:89,2
DA:90,7
DA:93,2
DA:94,2
DA:95,4
DA:96,4
DA:98,0
DA:100,4
DA:103,2
DA:104,0
DA:107,2
DA:109,2
LF:62
LH:57
BRDA:36,1,0,1
BRDA:36,1,1,2
BRDA:68,2,0,0
BRDA:68,2,1,10
BRDA:72,3,0,3
BRDA:72,3,1,7
BRDA:72,4,0,10
BRDA:72,4,1,10
BRDA:77,5,0,0
BRDA:77,5,1,7
BRDA:86,6,0,2
BRDA:86,6,1,3
BRDA:90,7,0,7
BRDA:90,7,1,0
BRDA:95,8,0,4
BRDA:95,8,1,0
BRDA:103,9,0,0
BRDA:103,9,1,2
BRF:18
BRH:13
end_of_record
TN:
SF:/Users/thiagolima/Documents/projetos/ibge/brasil/codigofonte/ClientApp/app/shared3/services/resultado.service.ts
FN:17,(anonymous_2)
FN:20,ResultadoService3
FN:23,(anonymous_4)
FN:30,(anonymous_5)
FN:31,(anonymous_6)
FN:34,(anonymous_7)
FN:37,(anonymous_8)
FN:40,(anonymous_9)
FN:59,(anonymous_10)
FN:63,(anonymous_11)
FNF:10
FNH:7
FNDA:2,(anonymous_2)
FNDA:3,ResultadoService3
FNDA:3,(anonymous_4)
FNDA:3,(anonymous_5)
FNDA:0,(anonymous_6)
FNDA:0,(anonymous_7)
FNDA:3,(anonymous_8)
FNDA:3,(anonymous_9)
FNDA:0,(anonymous_10)
FNDA:3,(anonymous_11)
DA:1,2
DA:2,2
DA:4,2
DA:5,2
DA:7,2
DA:8,2
DA:9,2
DA:10,2
DA:11,2
DA:12,2
DA:14,2
DA:15,2
DA:17,2
DA:20,3
DA:23,3
DA:24,3
DA:25,3
DA:26,3
DA:27,3
DA:29,3
DA:30,3
DA:31,0
DA:34,2
DA:37,3
DA:38,3
DA:41,3
DA:42,0
DA:45,3
DA:46,0
DA:49,3
DA:50,3
DA:51,0
DA:54,3
DA:59,2
DA:60,0
DA:63,2
DA:64,3
DA:66,2
LF:38
LH:33
BRDA:24,1,0,0
BRDA:24,1,1,3
BRDA:25,2,0,0
BRDA:25,2,1,3
BRDA:41,3,0,0
BRDA:41,3,1,3
BRDA:45,4,0,0
BRDA:45,4,1,3
BRDA:45,5,0,3
BRDA:45,5,1,3
BRDA:50,6,0,0
BRDA:50,6,1,3
BRDA:60,7,0,0
BRDA:60,7,1,0
BRDA:64,8,0,3
BRDA:64,8,1,0
BRDA:64,8,2,0
BRF:17
BRH:8
end_of_record
TN:
SF:/Users/thiagolima/Documents/projetos/ibge/brasil/codigofonte/ClientApp/app/cache/decorators/index.ts
FNF:0
FNH:0
DA:1,2
DA:2,2
LF:2
LH:2
BRF:0
BRH:0
end_of_record
TN:
SF:/Users/thiagolima/Documents/projetos/ibge/brasil/codigofonte/ClientApp/app/cache/decorators/rx-cache.decorator.ts
FN:6,(anonymous_0)
FN:7,RxCache
FN:9,_RxCache
FN:12,(anonymous_3)
FN:21,(anonymous_4)
FN:22,(anonymous_5)
FNF:6
FNH:5
FNDA:3,(anonymous_0)
FNDA:2,RxCache
FNDA:2,_RxCache
FNDA:3,(anonymous_3)
FNDA:2,(anonymous_4)
FNDA:0,(anonymous_5)
DA:3,2
DA:6,3
DA:7,4
DA:9,2
DA:10,2
DA:12,3
DA:13,3
DA:14,3
DA:16,3
DA:17,2
DA:18,2
DA:20,2
DA:21,2
DA:23,0
DA:24,0
DA:25,0
DA:30,3
DA:33,2
DA:34,2
LF:19
LH:16
BRDA:7,1,0,2
BRDA:7,1,1,0
BRDA:16,2,0,2
BRDA:16,2,1,1
BRF:4
BRH:3
end_of_record
TN:
SF:/Users/thiagolima/Documents/projetos/ibge/brasil/codigofonte/ClientApp/app/cache/decorators/sync-cache.decorator.ts
FN:2,SyncCache
FN:4,_ObservableCache
FN:7,(anonymous_2)
FNF:3
FNH:3
FNDA:2,SyncCache
FNDA:2,_ObservableCache
FNDA:3,(anonymous_2)
DA:2,2
DA:4,2
DA:5,2
DA:7,3
DA:8,3
DA:10,3
DA:11,2
DA:12,2
DA:15,3
DA:18,2
DA:19,2
LF:11
LH:11
BRDA:10,1,0,2
BRDA:10,1,1,1
BRF:2
BRH:2
end_of_record
TN:
SF:/Users/thiagolima/Documents/projetos/ibge/brasil/codigofonte/ClientApp/app/cache/basic-lru-cache.model.ts
FN:3,(anonymous_0)
FN:7,BasicLRUCache
FN:14,(anonymous_2)
FN:22,(anonymous_3)
FN:34,(anonymous_4)
FN:46,(anonymous_5)
FN:53,(anonymous_6)
FN:57,(anonymous_7)
FN:61,(anonymous_8)
FN:65,(anonymous_9)
FN:71,(anonymous_10)
FN:75,(anonymous_11)
FN:77,(anonymous_12)
FN:85,(anonymous_13)
FN:93,(anonymous_14)
FN:94,(anonymous_15)
FN:107,(anonymous_16)
FN:115,(anonymous_17)
FNF:18
FNH:17
FNDA:3,(anonymous_0)
FNDA:12,BasicLRUCache
FNDA:16,(anonymous_2)
FNDA:19,(anonymous_3)
FNDA:16,(anonymous_4)
FNDA:0,(anonymous_5)
FNDA:1,(anonymous_6)
FNDA:12,(anonymous_7)
FNDA:39,(anonymous_8)
FNDA:19,(anonymous_9)
FNDA:23,(anonymous_10)
FNDA:2,(anonymous_11)
FNDA:3,(anonymous_12)
FNDA:3,(anonymous_13)
FNDA:2,(anonymous_14)
FNDA:4,(anonymous_15)
FNDA:51,(anonymous_16)
FNDA:51,(anonymous_17)
DA:1,3
DA:3,3
DA:4,12
DA:7,12
DA:8,12
DA:14,3
DA:15,16
DA:16,16
DA:22,3
DA:23,19
DA:24,19
DA:25,19
DA:34,3
DA:35,16
DA:37,16
DA:38,8
DA:39,8
DA:40,8
DA:43,8
DA:46,3
DA:47,0
DA:53,3
DA:54,1
DA:57,3
DA:58,12
DA:61,3
DA:62,39
DA:65,3
DA:66,19
DA:67,2
DA:71,3
DA:72,23
DA:75,3
DA:76,2
DA:77,3
DA:79,2
DA:80,2
DA:82,2
DA:83,2
DA:85,2
DA:86,3
DA:88,2
DA:93,3
DA:94,2
DA:95,4
DA:97,4
DA:98,3
DA:101,4
DA:103,4
DA:107,3
DA:108,51
DA:109,0
DA:112,51
DA:115,3
DA:116,51
DA:123,3
LF:56
LH:54
BRDA:7,1,0,0
BRDA:7,1,1,12
BRDA:37,2,0,8
BRDA:37,2,1,8
BRDA:66,3,0,2
BRDA:66,3,1,17
BRDA:72,4,0,23
BRDA:72,4,1,12
BRDA:79,5,0,2
BRDA:79,5,1,0
BRDA:97,6,0,3
BRDA:97,6,1,1
BRDA:108,7,0,0
BRDA:108,7,1,51
BRDA:108,8,0,51
BRDA:108,8,1,51
BRDA:116,9,0,51
BRDA:116,9,1,51
BRDA:116,9,2,51
BRDA:116,9,3,51
BRDA:116,9,4,51
BRDA:116,9,5,51
BRF:22
BRH:19
end_of_record
TN:
SF:/Users/thiagolima/Documents/projetos/ibge/brasil/codigofonte/ClientApp/app/shared3/services/batch.service.ts
FN:7,(anonymous_2)
FN:7,FooService
FN:10,(anonymous_4)
FN:15,(anonymous_5)
FN:19,(anonymous_6)
FN:21,(anonymous_7)
FN:25,BatchRequest
FN:29,(anonymous_9)
FN:32,(anonymous_10)
FN:35,(anonymous_11)
FN:36,(anonymous_12)
FN:44,(anonymous_13)
FN:53,_batchRequestDecorator
FN:56,(anonymous_15)
FN:63,(anonymous_16)
FNF:15
FNH:3
FNDA:1,(anonymous_2)
FNDA:0,FooService
FNDA:0,(anonymous_4)
FNDA:0,(anonymous_5)
FNDA:0,(anonymous_6)
FNDA:0,(anonymous_7)
FNDA:2,BatchRequest
FNDA:0,(anonymous_9)
FNDA:0,(anonymous_10)
FNDA:0,(anonymous_11)
FNDA:0,(anonymous_12)
FNDA:0,(anonymous_13)
FNDA:2,_batchRequestDecorator
FNDA:0,(anonymous_15)
FNDA:0,(anonymous_16)
DA:2,1
DA:4,1
DA:5,1
DA:7,1
DA:10,2
DA:11,0
DA:15,2
DA:16,0
DA:19,1
DA:20,0
DA:21,0
DA:23,1
DA:25,4
DA:26,2
DA:27,2
DA:29,2
DA:30,0
DA:32,2
DA:33,0
DA:35,0
DA:36,0
DA:37,0
DA:38,0
DA:40,0
DA:44,2
DA:45,0
DA:46,0
DA:49,2
DA:50,2
DA:53,2
DA:54,2
DA:56,2
DA:57,0
DA:58,0
DA:59,0
DA:61,0
DA:62,0
DA:64,0
DA:65,0
DA:68,0
DA:69,0
DA:71,0
DA:74,2
LF:43
LH:20
BRDA:20,1,0,0
BRDA:20,1,1,0
BRDA:25,2,0,2
BRDA:25,2,1,0
BRDA:25,3,0,2
BRDA:25,3,1,0
BRDA:25,4,0,2
BRDA:25,4,1,0
BRDA:33,5,0,0
BRDA:33,5,1,0
BRDA:57,6,0,0
BRDA:57,6,1,0
BRDA:57,7,0,0
BRDA:57,7,1,0
BRF:14
BRH:3
end_of_record
TN:
SF:/Users/thiagolima/Documents/projetos/ibge/brasil/codigofonte/ClientApp/api/municipios.ts
FNF:0
FNH:0
DA:1,0
LF:1
LH:0
BRF:0
BRH:0
end_of_record
TN:
SF:/Users/thiagolima/Documents/projetos/ibge/brasil/codigofonte/ClientApp/api/brasil.ts
FNF:0
FNH:0
DA:1,0
LF:1
LH:0
BRF:0
BRH:0
end_of_record
TN:
SF:/Users/thiagolima/Documents/projetos/ibge/brasil/codigofonte/ClientApp/api/ufs.ts
FNF:0
FNH:0
DA:1,0
LF:1
LH:0
BRF:0
BRH:0
end_of_record
TN:
SF:/Users/thiagolima/Documents/projetos/ibge/brasil/codigofonte/ClientApp/app/app/app.component.ts
FN:8,(anonymous_1)
FN:8,AppComponent
FNF:2
FNH:0
FNDA:0,(anonymous_1)
FNDA:0,AppComponent
DA:1,0
DA:8,0
DA:9,0
LF:3
LH:0
BRF:0
BRH:0
end_of_record
TN:
SF:/Users/thiagolima/Documents/projetos/ibge/brasil/codigofonte/ClientApp/app/barra-gov/barra-gov.ts
FN:9,(anonymous_2)
FN:13,BarraGov
FN:18,(anonymous_4)
FN:23,(anonymous_5)
FN:26,(anonymous_6)
FN:29,(anonymous_7)
FN:32,(anonymous_8)
FN:35,(anonymous_9)
FN:38,(anonymous_10)
FN:43,(anonymous_11)
FNF:10
FNH:0
FNDA:0,(anonymous_2)
FNDA:0,BarraGov
FNDA:0,(anonymous_4)
FNDA:0,(anonymous_5)
FNDA:0,(anonymous_6)
FNDA:0,(anonymous_7)
FNDA:0,(anonymous_8)
FNDA:0,(anonymous_9)
FNDA:0,(anonymous_10)
FNDA:0,(anonymous_11)
DA:1,0
DA:3,0
DA:9,0
DA:11,0
DA:13,0
DA:14,0
DA:17,0
DA:19,0
DA:20,0
DA:24,0
DA:27,0
DA:30,0
DA:33,0
DA:36,0
DA:39,0
DA:43,0
DA:46,0
LF:17
LH:0
BRDA:19,1,0,0
BRDA:19,1,1,0
BRDA:20,2,0,0
BRDA:20,2,1,0
BRDA:36,3,0,0
BRDA:36,3,1,0
BRDA:39,4,0,0
BRDA:39,4,1,0
BRDA:39,4,2,0
BRDA:39,4,3,0
BRDA:39,4,4,0
BRF:11
BRH:0
end_of_record
TN:
SF:/Users/thiagolima/Documents/projetos/ibge/brasil/codigofonte/ClientApp/app/cache/cacheFactory.service.ts
FN:3,(anonymous_0)
FN:3,CacheFactory
FN:7,(anonymous_2)
FN:11,(anonymous_3)
FN:19,(anonymous_4)
FNF:5
FNH:0
FNDA:0,(anonymous_0)
FNDA:0,CacheFactory
FNDA:0,(anonymous_2)
FNDA:0,(anonymous_3)
FNDA:0,(anonymous_4)
DA:1,0
DA:3,0
DA:4,0
DA:5,0
DA:7,0
DA:8,0
DA:11,0
DA:12,0
DA:13,0
DA:16,0
DA:19,0
DA:20,0
DA:22,0
LF:13
LH:0
BRDA:12,1,0,0
BRDA:12,1,1,0
BRDA:20,2,0,0
BRDA:20,2,1,0
BRF:4
BRH:0
end_of_record
TN:
SF:/Users/thiagolima/Documents/projetos/ibge/brasil/codigofonte/ClientApp/app/core/busca/busca.component.ts
FN:14,(anonymous_2)
FN:41,BuscaComponent
FN:44,(anonymous_4)
FN:46,(anonymous_5)
FN:51,(anonymous_6)
FN:52,(anonymous_7)
FN:53,(anonymous_8)
FN:60,(anonymous_9)
FN:65,(anonymous_10)
FN:76,(anonymous_11)
FN:91,(anonymous_12)
FN:135,(anonymous_13)
FN:153,(anonymous_14)
FN:169,(anonymous_15)
FN:175,(anonymous_16)
FNF:15
FNH:0
FNDA:0,(anonymous_2)
FNDA:0,BuscaComponent
FNDA:0,(anonymous_4)
FNDA:0,(anonymous_5)
FNDA:0,(anonymous_6)
FNDA:0,(anonymous_7)
FNDA:0,(anonymous_8)
FNDA:0,(anonymous_9)
FNDA:0,(anonymous_10)
FNDA:0,(anonymous_11)
FNDA:0,(anonymous_12)
FNDA:0,(anonymous_13)
FNDA:0,(anonymous_14)
FNDA:0,(anonymous_15)
FNDA:0,(anonymous_16)
DA:1,0
DA:3,0
DA:4,0
DA:8,0
DA:14,0
DA:16,0
DA:18,0
DA:19,0
DA:22,0
DA:24,0
DA:25,0
DA:26,0
DA:27,0
DA:28,0
DA:30,0
DA:31,0
DA:33,0
DA:36,0
DA:39,0
DA:40,0
DA:41,0
DA:44,0
DA:46,0
DA:48,0
DA:51,0
DA:52,0
DA:55,0
DA:56,0
DA:58,0
DA:60,0
DA:65,0
DA:67,0
DA:68,0
DA:69,0
DA:70,0
DA:72,0
DA:73,0
DA:75,0
DA:76,0
DA:78,0
DA:87,0
DA:90,0
DA:91,0
DA:93,0
DA:94,0
DA:95,0
DA:97,0
DA:99,0
DA:100,0
DA:103,0
DA:105,0
DA:106,0
DA:107,0
DA:110,0
DA:120,0
DA:121,0
DA:126,0
DA:129,0
DA:131,0
DA:132,0
DA:135,0
DA:137,0
DA:139,0
DA:142,0
DA:143,0
DA:145,0
DA:146,0
DA:148,0
DA:149,0
DA:153,0
DA:155,0
DA:157,0
DA:159,0
DA:163,0
DA:166,0
DA:169,0
DA:170,0
DA:171,0
DA:172,0
DA:175,0
DA:177,0
DA:178,0
DA:179,0
DA:180,0
DA:182,0
LF:85
LH:0
BRDA:97,1,0,0
BRDA:97,1,1,0
BRDA:103,2,0,0
BRDA:103,2,1,0
BRDA:120,3,0,0
BRDA:120,3,1,0
BRDA:141,4,0,0
BRDA:141,4,1,0
BRDA:141,4,2,0
BRDA:157,5,0,0
BRDA:157,5,1,0
BRDA:39,6,0,0
BRDA:39,6,1,0
BRDA:39,6,2,0
BRDA:39,7,0,0
BRDA:39,7,1,0
BRDA:40,8,0,0
BRDA:40,8,1,0
BRDA:40,8,2,0
BRDA:40,9,0,0
BRDA:40,9,1,0
BRF:21
BRH:0
end_of_record
TN:
SF:/Users/thiagolima/Documents/projetos/ibge/brasil/codigofonte/ClientApp/app/core/busca/busca.service.ts
FN:19,(anonymous_2)
FN:29,BuscaService
FN:22,(anonymous_4)
FN:32,(anonymous_5)
FN:55,(anonymous_6)
FN:57,(anonymous_7)
FN:61,(anonymous_8)
FN:64,(anonymous_9)
FN:69,(anonymous_10)
FN:89,(anonymous_11)
FN:91,(anonymous_12)
FN:95,(anonymous_13)
FN:99,(anonymous_14)
FNF:13
FNH:0
FNDA:0,(anonymous_2)
FNDA:0,BuscaService
FNDA:0,(anonymous_4)
FNDA:0,(anonymous_5)
FNDA:0,(anonymous_6)
FNDA:0,(anonymous_7)
FNDA:0,(anonymous_8)
FNDA:0,(anonymous_9)
FNDA:0,(anonymous_10)
FNDA:0,(anonymous_11)
FNDA:0,(anonymous_12)
FNDA:0,(anonymous_13)
FNDA:0,(anonymous_14)
DA:1,0
DA:5,0
DA:7,0
DA:8,0
DA:9,0
DA:10,0
DA:11,0
DA:12,0
DA:14,0
DA:15,0
DA:16,0
DA:19,0
DA:21,0
DA:22,0
DA:26,0
DA:27,0
DA:28,0
DA:29,0
DA:32,0
DA:33,0
DA:34,0
DA:36,0
DA:37,0
DA:40,0
DA:41,0
DA:43,0
DA:44,0
DA:45,0
DA:47,0
DA:50,0
DA:55,0
DA:57,0
DA:59,0
DA:61,0
DA:64,0
DA:66,0
DA:68,0
DA:69,0
DA:71,0
DA:85,0
DA:89,0
DA:90,0
DA:92,0
DA:96,0
DA:100,0
DA:104,0
LF:46
LH:0
BRDA:36,1,0,0
BRDA:36,1,1,0
BRDA:44,2,0,0
BRDA:44,2,1,0
BRDA:92,3,0,0
BRDA:92,3,1,0
BRDA:92,3,2,0
BRDA:96,4,0,0
BRDA:96,4,1,0
BRDA:100,5,0,0
BRDA:100,5,1,0
BRDA:26,6,0,0
BRDA:26,6,1,0
BRDA:26,6,2,0
BRDA:26,7,0,0
BRDA:26,7,1,0
BRDA:27,8,0,0
BRDA:27,8,1,0
BRDA:27,8,2,0
BRDA:27,9,0,0
BRDA:27,9,1,0
BRDA:28,10,0,0
BRDA:28,10,1,0
BRDA:28,10,2,0
BRDA:28,11,0,0
BRDA:28,11,1,0
BRF:26
BRH:0
end_of_record
TN:
SF:/Users/thiagolima/Documents/projetos/ibge/brasil/codigofonte/ClientApp/app/core/core.guard.ts
FN:1,throwIfAlreadyLoaded
FNF:1
FNH:0
FNDA:0,throwIfAlreadyLoaded
DA:1,0
DA:2,0
DA:3,0
LF:3
LH:0
BRDA:2,1,0,0
BRDA:2,1,1,0
BRF:2
BRH:0
end_of_record
TN:
SF:/Users/thiagolima/Documents/projetos/ibge/brasil/codigofonte/ClientApp/app/core/core.module.ts
FN:32,(anonymous_4)
FN:33,CoreModule
FNF:2
FNH:0
FNDA:0,(anonymous_4)
FNDA:0,CoreModule
DA:1,0
DA:2,0
DA:4,0
DA:6,0
DA:7,0
DA:8,0
DA:9,0
DA:10,0
DA:32,0
DA:34,0
DA:36,0
LF:11
LH:0
BRF:0
BRH:0
end_of_record
TN:
SF:/Users/thiagolima/Documents/projetos/ibge/brasil/codigofonte/ClientApp/app/core/seletor-localidade/seletor-localidade.component.ts
FN:26,(anonymous_2)
FN:137,SeletorLocalidadeComponent
FN:52,(anonymous_4)
FN:55,(anonymous_5)
FN:71,(anonymous_6)
FN:78,(anonymous_7)
FN:142,(anonymous_8)
FN:142,(anonymous_9)
FN:158,(anonymous_10)
FN:166,(anonymous_11)
FN:167,(anonymous_12)
FN:167,(anonymous_13)
FN:93,(anonymous_14)
FN:82,(anonymous_15)
FN:127,(anonymous_16)
FN:107,(anonymous_17)
FN:114,(anonymous_18)
FN:171,(anonymous_19)
FN:174,(anonymous_20)
FN:181,(anonymous_21)
FN:182,(anonymous_22)
FN:183,(anonymous_23)
FN:186,(anonymous_24)
FN:193,(anonymous_25)
FN:199,(anonymous_26)
FN:204,(anonymous_27)
FN:214,(anonymous_28)
FN:222,(anonymous_29)
FN:239,(anonymous_30)
FN:258,(anonymous_31)
FN:262,(anonymous_32)
FN:270,(anonymous_33)
FNF:32
FNH:0
FNDA:0,(anonymous_2)
FNDA:0,SeletorLocalidadeComponent
FNDA:0,(anonymous_4)
FNDA:0,(anonymous_5)
FNDA:0,(anonymous_6)
FNDA:0,(anonymous_7)
FNDA:0,(anonymous_8)
FNDA:0,(anonymous_9)
FNDA:0,(anonymous_10)
FNDA:0,(anonymous_11)
FNDA:0,(anonymous_12)
FNDA:0,(anonymous_13)
FNDA:0,(anonymous_14)
FNDA:0,(anonymous_15)
FNDA:0,(anonymous_16)
FNDA:0,(anonymous_17)
FNDA:0,(anonymous_18)
FNDA:0,(anonymous_19)
FNDA:0,(anonymous_20)
FNDA:0,(anonymous_21)
FNDA:0,(anonymous_22)
FNDA:0,(anonymous_23)
FNDA:0,(anonymous_24)
FNDA:0,(anonymous_25)
FNDA:0,(anonymous_26)
FNDA:0,(anonymous_27)
FNDA:0,(anonymous_28)
FNDA:0,(anonymous_29)
FNDA:0,(anonymous_30)
FNDA:0,(anonymous_31)
FNDA:0,(anonymous_32)
FNDA:0,(anonymous_33)
DA:1,0
DA:3,0
DA:4,0
DA:6,0
DA:8,0
DA:9,0
DA:11,0
DA:13,0
DA:14,0
DA:15,0
DA:16,0
DA:18,0
DA:26,0
DA:27,0
DA:28,0
DA:29,0
DA:30,0
DA:35,0
DA:38,0
DA:40,0
DA:42,0
DA:44,0
DA:46,0
DA:52,0
DA:53,0
DA:55,0
DA:56,0
DA:57,0
DA:60,0
DA:62,0
DA:63,0
DA:66,0
DA:68,0
DA:71,0
DA:72,0
DA:78,0
DA:82,0
DA:83,0
DA:84,0
DA:85,0
DA:86,0
DA:88,0
DA:89,0
DA:94,0
DA:98,0
DA:106,0
DA:107,0
DA:108,0
DA:109,0
DA:111,0
DA:113,0
DA:114,0
DA:115,0
DA:116,0
DA:119,0
DA:122,0
DA:123,0
DA:128,0
DA:132,0
DA:133,0
DA:134,0
DA:135,0
DA:136,0
DA:137,0
DA:142,0
DA:143,0
DA:144,0
DA:145,0
DA:146,0
DA:147,0
DA:148,0
DA:149,0
DA:150,0
DA:151,0
DA:152,0
DA:153,0
DA:157,0
DA:158,0
DA:159,0
DA:160,0
DA:161,0
DA:163,0
DA:166,0
DA:167,0
DA:171,0
DA:172,0
DA:175,0
DA:178,0
DA:181,0
DA:182,0
DA:183,0
DA:186,0
DA:187,0
DA:188,0
DA:193,0
DA:195,0
DA:199,0
DA:201,0
DA:204,0
DA:206,0
DA:207,0
DA:209,0
DA:210,0
DA:211,0
DA:214,0
DA:215,0
DA:216,0
DA:217,0
DA:218,0
DA:219,0
DA:222,0
DA:223,0
DA:224,0
DA:225,0
DA:229,0
DA:231,0
DA:232,0
DA:233,0
DA:234,0
DA:239,0
DA:241,0
DA:242,0
DA:245,0
DA:246,0
DA:247,0
DA:248,0
DA:249,0
DA:251,0
DA:252,0
DA:253,0
DA:254,0
DA:258,0
DA:259,0
DA:262,0
DA:263,0
DA:264,0
DA:266,0
DA:270,0
DA:271,0
DA:272,0
DA:275,0
LF:141
LH:0
BRDA:52,1,0,0
BRDA:52,1,1,0
BRDA:56,2,0,0
BRDA:56,2,1,0
BRDA:62,3,0,0
BRDA:62,3,1,0
BRDA:78,4,0,0
BRDA:78,4,1,0
BRDA:78,5,0,0
BRDA:78,5,1,0
BRDA:143,6,0,0
BRDA:143,6,1,0
BRDA:145,7,0,0
BRDA:145,7,1,0
BRDA:147,8,0,0
BRDA:147,8,1,0
BRDA:150,9,0,0
BRDA:150,9,1,0
BRDA:152,10,0,0
BRDA:152,10,1,0
BRDA:160,11,0,0
BRDA:160,11,1,0
BRDA:161,12,0,0
BRDA:161,12,1,0
BRDA:161,13,0,0
BRDA:161,13,1,0
BRDA:166,14,0,0
BRDA:166,14,1,0
BRDA:167,15,0,0
BRDA:167,15,1,0
BRDA:84,16,0,0
BRDA:84,16,1,0
BRDA:108,17,0,0
BRDA:108,17,1,0
BRDA:113,18,0,0
BRDA:113,18,1,0
BRDA:122,19,0,0
BRDA:122,19,1,0
BRDA:182,20,0,0
BRDA:182,20,1,0
BRDA:201,21,0,0
BRDA:201,21,1,0
BRDA:201,22,0,0
BRDA:201,22,1,0
BRDA:206,23,0,0
BRDA:206,23,1,0
BRDA:206,24,0,0
BRDA:206,24,1,0
BRDA:206,25,0,0
BRDA:206,25,1,0
BRDA:222,26,0,0
BRDA:222,26,1,0
BRDA:229,27,0,0
BRDA:229,27,1,0
BRDA:233,28,0,0
BRDA:233,28,1,0
BRDA:239,29,0,0
BRDA:239,29,1,0
BRDA:241,30,0,0
BRDA:241,30,1,0
BRDA:245,31,0,0
BRDA:245,31,1,0
BRDA:246,32,0,0
BRDA:246,32,1,0
BRDA:248,33,0,0
BRDA:248,33,1,0
BRDA:251,34,0,0
BRDA:251,34,1,0
BRDA:253,35,0,0
BRDA:253,35,1,0
BRDA:263,36,0,0
BRDA:263,36,1,0
BRDA:263,37,0,0
BRDA:263,37,1,0
BRDA:271,38,0,0
BRDA:271,38,1,0
BRDA:133,39,0,0
BRDA:133,39,1,0
BRDA:133,39,2,0
BRDA:133,40,0,0
BRDA:133,40,1,0
BRDA:134,41,0,0
BRDA:134,41,1,0
BRDA:134,41,2,0
BRDA:134,42,0,0
BRDA:134,42,1,0
BRDA:135,43,0,0
BRDA:135,43,1,0
BRDA:135,43,2,0
BRDA:135,44,0,0
BRDA:135,44,1,0
BRDA:136,45,0,0
BRDA:136,45,1,0
BRDA:136,45,2,0
BRDA:136,46,0,0
BRDA:136,46,1,0
BRF:96
BRH:0
end_of_record
TN:
SF:/Users/thiagolima/Documents/projetos/ibge/brasil/codigofonte/ClientApp/app/core/titulo-browser/titulo-browser.component.ts
FN:18,(anonymous_2)
FN:24,TituloBrowserComponent
FN:27,(anonymous_4)
FN:28,(anonymous_5)
FN:49,(anonymous_6)
FN:50,(anonymous_7)
FNF:6
FNH:0
FNDA:0,(anonymous_2)
FNDA:0,TituloBrowserComponent
FNDA:0,(anonymous_4)
FNDA:0,(anonymous_5)
FNDA:0,(anonymous_6)
FNDA:0,(anonymous_7)
DA:1,0
DA:2,0
DA:3,0
DA:5,0
DA:6,0
DA:7,0
DA:18,0
DA:19,0
DA:21,0
DA:22,0
DA:23,0
DA:24,0
DA:27,0
DA:28,0
DA:29,0
DA:30,0
DA:31,0
DA:33,0
DA:34,0
DA:36,0
DA:39,0
DA:40,0
DA:41,0
DA:42,0
DA:43,0
DA:44,0
DA:45,0
DA:46,0
DA:47,0
DA:48,0
DA:49,0
DA:50,0
DA:51,0
DA:52,0
DA:53,0
DA:54,0
DA:57,0
DA:58,0
DA:59,0
DA:61,0
DA:69,0
LF:41
LH:0
BRDA:29,1,0,0
BRDA:29,1,1,0
BRDA:29,2,0,0
BRDA:29,2,1,0
BRDA:33,3,0,0
BRDA:33,3,1,0
BRDA:40,4,0,0
BRDA:40,4,1,0
BRDA:43,5,0,0
BRDA:43,5,1,0
BRDA:46,6,0,0
BRDA:46,6,1,0
BRDA:48,7,0,0
BRDA:48,7,1,0
BRDA:51,8,0,0
BRDA:51,8,1,0
BRDA:53,9,0,0
BRDA:53,9,1,0
BRDA:58,10,0,0
BRDA:58,10,1,0
BRDA:21,11,0,0
BRDA:21,11,1,0
BRDA:21,11,2,0
BRDA:21,12,0,0
BRDA:21,12,1,0
BRDA:22,13,0,0
BRDA:22,13,1,0
BRDA:22,13,2,0
BRDA:22,14,0,0
BRDA:22,14,1,0
BRDA:23,15,0,0
BRDA:23,15,1,0
BRDA:23,15,2,0
BRDA:23,16,0,0
BRDA:23,16,1,0
BRF:35
BRH:0
end_of_record
TN:
SF:/Users/thiagolima/Documents/projetos/ibge/brasil/codigofonte/ClientApp/app/empty-location.guard.ts
FN:10,(anonymous_2)
FN:13,EmptyLocationGuard
FN:16,(anonymous_4)
FNF:3
FNH:0
FNDA:0,(anonymous_2)
FNDA:0,EmptyLocationGuard
FNDA:0,(anonymous_4)
DA:1,0
DA:2,0
DA:3,0
DA:6,0
DA:10,0
DA:12,0
DA:13,0
DA:16,0
DA:19,0
DA:20,0
DA:23,0
DA:24,0
DA:26,0
DA:28,0
DA:30,0
DA:32,0
DA:33,0
DA:35,0
DA:37,0
DA:39,0
LF:20
LH:0
BRDA:19,1,0,0
BRDA:19,1,1,0
BRDA:23,2,0,0
BRDA:23,2,1,0
BRDA:12,3,0,0
BRDA:12,3,1,0
BRDA:12,3,2,0
BRDA:12,4,0,0
BRDA:12,4,1,0
BRF:9
BRH:0
end_of_record
TN:
SF:/Users/thiagolima/Documents/projetos/ibge/brasil/codigofonte/ClientApp/app/empty.component.ts
FN:8,(anonymous_2)
FN:9,EmptyComponent
FN:11,(anonymous_4)
FNF:3
FNH:0
FNDA:0,(anonymous_2)
FNDA:0,EmptyComponent
FNDA:0,(anonymous_4)
DA:1,0
DA:8,0
DA:11,0
DA:12,0
LF:4
LH:0
BRF:0
BRH:0
end_of_record
TN:
SF:/Users/thiagolima/Documents/projetos/ibge/brasil/codigofonte/ClientApp/app/global-config.ts
FN:1,(anonymous_0)
FN:1,PESQUISAS
FN:2,(anonymous_2)
FN:6,(anonymous_3)
FN:12,(anonymous_4)
FN:12,BASES
FN:13,(anonymous_6)
FN:15,(anonymous_7)
FN:19,(anonymous_8)
FN:21,(anonymous_9)
FN:25,(anonymous_10)
FN:27,(anonymous_11)
FN:28,(anonymous_12)
FN:29,(anonymous_13)
FN:30,(anonymous_14)
FN:31,(anonymous_15)
FN:35,(anonymous_16)
FN:42,(anonymous_17)
FNF:18
FNH:0
FNDA:0,(anonymous_0)
FNDA:0,PESQUISAS
FNDA:0,(anonymous_2)
FNDA:0,(anonymous_3)
FNDA:0,(anonymous_4)
FNDA:0,BASES
FNDA:0,(anonymous_6)
FNDA:0,(anonymous_7)
FNDA:0,(anonymous_8)
FNDA:0,(anonymous_9)
FNDA:0,(anonymous_10)
FNDA:0,(anonymous_11)
FNDA:0,(anonymous_12)
FNDA:0,(anonymous_13)
FNDA:0,(anonymous_14)
FNDA:0,(anonymous_15)
FNDA:0,(anonymous_16)
FNDA:0,(anonymous_17)
DA:1,0
DA:2,0
DA:3,0
DA:6,0
DA:7,0
DA:9,0
DA:12,0
DA:13,0
DA:14,0
DA:15,0
DA:19,0
DA:20,0
DA:21,0
DA:25,0
DA:26,0
DA:27,0
DA:28,0
DA:29,0
DA:30,0
DA:31,0
DA:35,0
DA:41,0
DA:42,0
DA:45,0
LF:24
LH:0
BRDA:29,1,0,0
BRDA:29,1,1,0
BRDA:29,2,0,0
BRDA:29,2,1,0
BRF:4
BRH:0
end_of_record
TN:
SF:/Users/thiagolima/Documents/projetos/ibge/brasil/codigofonte/ClientApp/app/infografia/cartograma/cartograma.component.ts
FN:32,(anonymous_2)
FN:52,CartogramaComponent
FN:55,(anonymous_4)
FN:60,(anonymous_5)
FN:68,(anonymous_6)
FN:69,(anonymous_7)
FN:74,(anonymous_8)
FN:77,(anonymous_9)
FN:79,(anonymous_10)
FN:80,(anonymous_11)
FN:81,(anonymous_12)
FN:83,(anonymous_13)
FN:92,(anonymous_14)
FN:94,(anonymous_15)
FN:100,(anonymous_16)
FN:116,(anonymous_17)
FN:118,(anonymous_18)
FN:127,(anonymous_19)
FN:130,(anonymous_20)
FN:133,(anonymous_21)
FN:136,(anonymous_22)
FN:142,(anonymous_23)
FN:165,(anonymous_24)
FN:148,LocalCartogramaComponent
FN:179,(anonymous_26)
FN:182,(anonymous_27)
FN:183,(anonymous_28)
FN:209,(anonymous_29)
FN:219,(anonymous_30)
FNF:29
FNH:0
FNDA:0,(anonymous_2)
FNDA:0,CartogramaComponent
FNDA:0,(anonymous_4)
FNDA:0,(anonymous_5)
FNDA:0,(anonymous_6)
FNDA:0,(anonymous_7)
FNDA:0,(anonymous_8)
FNDA:0,(anonymous_9)
FNDA:0,(anonymous_10)
FNDA:0,(anonymous_11)
FNDA:0,(anonymous_12)
FNDA:0,(anonymous_13)
FNDA:0,(anonymous_14)
FNDA:0,(anonymous_15)
FNDA:0,(anonymous_16)
FNDA:0,(anonymous_17)
FNDA:0,(anonymous_18)
FNDA:0,(anonymous_19)
FNDA:0,(anonymous_20)
FNDA:0,(anonymous_21)
FNDA:0,(anonymous_22)
FNDA:0,(anonymous_23)
FNDA:0,(anonymous_24)
FNDA:0,LocalCartogramaComponent
FNDA:0,(anonymous_26)
FNDA:0,(anonymous_27)
FNDA:0,(anonymous_28)
FNDA:0,(anonymous_29)
FNDA:0,(anonymous_30)
DA:1,0
DA:3,0
DA:4,0
DA:5,0
DA:8,0
DA:9,0
DA:11,0
DA:12,0
DA:14,0
DA:15,0
DA:16,0
DA:17,0
DA:32,0
DA:33,0
DA:34,0
DA:35,0
DA:36,0
DA:41,0
DA:42,0
DA:43,0
DA:45,0
DA:46,0
DA:47,0
DA:50,0
DA:51,0
DA:52,0
DA:55,0
DA:57,0
DA:61,0
DA:65,0
DA:68,0
DA:69,0
DA:71,0
DA:73,0
DA:74,0
DA:78,0
DA:79,0
DA:80,0
DA:81,0
DA:84,0
DA:85,0
DA:86,0
DA:87,0
DA:89,0
DA:92,0
DA:94,0
DA:95,0
DA:100,0
DA:102,0
DA:105,0
DA:108,0
DA:111,0
DA:116,0
DA:117,0
DA:118,0
DA:119,0
DA:120,0
DA:122,0
DA:124,0
DA:127,0
DA:128,0
DA:130,0
DA:131,0
DA:133,0
DA:134,0
DA:136,0
DA:137,0
DA:138,0
DA:139,0
DA:142,0
DA:143,0
DA:146,0
DA:165,0
DA:166,0
DA:167,0
DA:168,0
DA:169,0
DA:170,0
DA:171,0
DA:173,0
DA:176,0
DA:177,0
DA:179,0
DA:180,0
DA:182,0
DA:183,0
DA:186,0
DA:187,0
DA:188,0
DA:189,0
DA:192,0
DA:193,0
DA:195,0
DA:196,0
DA:198,0
DA:199,0
DA:202,0
DA:205,0
DA:209,0
DA:210,0
DA:211,0
DA:214,0
DA:215,0
DA:219,0
DA:222,0
LF:105
LH:0
BRDA:68,1,0,0
BRDA:68,1,1,0
BRDA:79,2,0,0
BRDA:79,2,1,0
BRDA:81,3,0,0
BRDA:81,3,1,0
BRDA:86,4,0,0
BRDA:86,4,1,0
BRDA:102,5,0,0
BRDA:102,5,1,0
BRDA:102,6,0,0
BRDA:102,6,1,0
BRDA:102,6,2,0
BRDA:102,6,3,0
BRDA:108,7,0,0
BRDA:108,7,1,0
BRDA:108,8,0,0
BRDA:108,8,1,0
BRDA:108,8,2,0
BRDA:108,8,3,0
BRDA:117,9,0,0
BRDA:117,9,1,0
BRDA:119,10,0,0
BRDA:119,10,1,0
BRDA:139,11,0,0
BRDA:139,11,1,0
BRDA:50,12,0,0
BRDA:50,12,1,0
BRDA:50,12,2,0
BRDA:50,13,0,0
BRDA:50,13,1,0
BRDA:51,14,0,0
BRDA:51,14,1,0
BRDA:51,14,2,0
BRDA:51,15,0,0
BRDA:51,15,1,0
BRDA:182,16,0,0
BRDA:182,16,1,0
BRDA:187,17,0,0
BRDA:187,17,1,0
BRDA:192,18,0,0
BRDA:192,18,1,0
BRDA:195,19,0,0
BRDA:195,19,1,0
BRDA:198,20,0,0
BRDA:198,20,1,0
BRDA:210,21,0,0
BRDA:210,21,1,0
BRDA:210,22,0,0
BRDA:210,22,1,0
BRDA:214,23,0,0
BRDA:214,23,1,0
BRDA:214,24,0,0
BRDA:214,24,1,0
BRF:54
BRH:0
end_of_record
TN:
SF:/Users/thiagolima/Documents/projetos/ibge/brasil/codigofonte/ClientApp/app/infografia/cartograma/mapa.service.ts
FN:16,(anonymous_4)
FN:22,(anonymous_5)
FN:28,MapaService
FN:66,(anonymous_7)
FN:70,(anonymous_8)
FN:73,(anonymous_9)
FN:77,(anonymous_10)
FN:108,(anonymous_11)
FN:111,(anonymous_12)
FN:31,(anonymous_13)
FN:35,(anonymous_14)
FN:36,(anonymous_15)
FN:37,(anonymous_16)
FN:46,(anonymous_17)
FN:50,(anonymous_18)
FN:51,(anonymous_19)
FN:52,(anonymous_20)
FN:60,(anonymous_21)
FN:62,(anonymous_22)
FN:118,(anonymous_23)
FN:123,(anonymous_24)
FN:131,(anonymous_25)
FN:145,(anonymous_26)
FN:146,(anonymous_27)
FN:160,(anonymous_28)
FN:161,(anonymous_29)
FN:162,(anonymous_30)
FNF:27
FNH:0
FNDA:0,(anonymous_4)
FNDA:0,(anonymous_5)
FNDA:0,MapaService
FNDA:0,(anonymous_7)
FNDA:0,(anonymous_8)
FNDA:0,(anonymous_9)
FNDA:0,(anonymous_10)
FNDA:0,(anonymous_11)
FNDA:0,(anonymous_12)
FNDA:0,(anonymous_13)
FNDA:0,(anonymous_14)
FNDA:0,(anonymous_15)
FNDA:0,(anonymous_16)
FNDA:0,(anonymous_17)
FNDA:0,(anonymous_18)
FNDA:0,(anonymous_19)
FNDA:0,(anonymous_20)
FNDA:0,(anonymous_21)
FNDA:0,(anonymous_22)
FNDA:0,(anonymous_23)
FNDA:0,(anonymous_24)
FNDA:0,(anonymous_25)
FNDA:0,(anonymous_26)
FNDA:0,(anonymous_27)
FNDA:0,(anonymous_28)
FNDA:0,(anonymous_29)
FNDA:0,(anonymous_30)
DA:1,0
DA:2,0
DA:4,0
DA:6,0
DA:8,0
DA:11,0
DA:12,0
DA:13,0
DA:14,0
DA:16,0
DA:17,0
DA:18,0
DA:22,0
DA:23,0
DA:25,0
DA:26,0
DA:27,0
DA:28,0
DA:31,0
DA:32,0
DA:33,0
DA:35,0
DA:36,0
DA:38,0
DA:42,0
DA:46,0
DA:47,0
DA:48,0
DA:50,0
DA:51,0
DA:53,0
DA:57,0
DA:60,0
DA:61,0
DA:62,0
DA:66,0
DA:67,0
DA:70,0
DA:71,0
DA:72,0
DA:73,0
DA:74,0
DA:75,0
DA:76,0
DA:77,0
DA:78,0
DA:79,0
DA:80,0
DA:81,0
DA:88,0
DA:90,0
DA:95,0
DA:105,0
DA:108,0
DA:109,0
DA:110,0
DA:111,0
DA:112,0
DA:114,0
DA:115,0
DA:118,0
DA:119,0
DA:123,0
DA:125,0
DA:128,0
DA:129,0
DA:131,0
DA:132,0
DA:133,0
DA:139,0
DA:140,0
DA:141,0
DA:142,0
DA:144,0
DA:145,0
DA:146,0
DA:147,0
DA:148,0
DA:149,0
DA:150,0
DA:152,0
DA:153,0
DA:154,0
DA:155,0
DA:156,0
DA:159,0
DA:160,0
DA:161,0
DA:162,0
DA:163,0
DA:164,0
DA:165,0
DA:166,0
DA:168,0
DA:169,0
DA:170,0
DA:171,0
DA:172,0
DA:178,0
DA:189,0
DA:191,0
DA:192,0
DA:193,0
DA:194,0
DA:195,0
DA:196,0
DA:197,0
DA:200,0
DA:202,0
DA:205,0
LF:110
LH:0
BRDA:16,1,0,0
BRDA:16,1,1,0
BRDA:80,2,0,0
BRDA:80,2,1,0
BRDA:32,3,0,0
BRDA:32,3,1,0
BRDA:47,4,0,0
BRDA:47,4,1,0
BRDA:134,5,0,0
BRDA:134,5,1,0
BRDA:144,6,0,0
BRDA:144,6,1,0
BRDA:147,7,0,0
BRDA:147,7,1,0
BRDA:148,8,0,0
BRDA:148,8,1,0
BRDA:149,9,0,0
BRDA:149,9,1,0
BRDA:150,10,0,0
BRDA:150,10,1,0
BRDA:152,11,0,0
BRDA:152,11,1,0
BRDA:153,12,0,0
BRDA:153,12,1,0
BRDA:154,13,0,0
BRDA:154,13,1,0
BRDA:155,14,0,0
BRDA:155,14,1,0
BRDA:159,15,0,0
BRDA:159,15,1,0
BRDA:163,16,0,0
BRDA:163,16,1,0
BRDA:164,17,0,0
BRDA:164,17,1,0
BRDA:165,18,0,0
BRDA:165,18,1,0
BRDA:166,19,0,0
BRDA:166,19,1,0
BRDA:168,20,0,0
BRDA:168,20,1,0
BRDA:169,21,0,0
BRDA:169,21,1,0
BRDA:170,22,0,0
BRDA:170,22,1,0
BRDA:171,23,0,0
BRDA:171,23,1,0
BRDA:193,24,0,0
BRDA:193,24,1,0
BRDA:26,25,0,0
BRDA:26,25,1,0
BRDA:26,25,2,0
BRDA:26,26,0,0
BRDA:26,26,1,0
BRF:53
BRH:0
end_of_record
TN:
SF:/Users/thiagolima/Documents/projetos/ibge/brasil/codigofonte/ClientApp/app/infografia/grafico-base/grafico.component.ts
FN:63,(anonymous_2)
FN:142,GraficoComponent
FN:146,(anonymous_4)
FN:147,(anonymous_5)
FN:148,(anonymous_6)
FN:149,(anonymous_7)
FN:156,(anonymous_8)
FN:161,(anonymous_9)
FN:162,(anonymous_10)
FN:165,(anonymous_11)
FN:170,(anonymous_12)
FN:172,(anonymous_13)
FN:173,(anonymous_14)
FN:178,(anonymous_15)
FN:218,(anonymous_16)
FN:220,(anonymous_17)
FN:232,(anonymous_18)
FN:321,(anonymous_19)
FN:332,(anonymous_20)
FNF:19
FNH:0
FNDA:0,(anonymous_2)
FNDA:0,GraficoComponent
FNDA:0,(anonymous_4)
FNDA:0,(anonymous_5)
FNDA:0,(anonymous_6)
FNDA:0,(anonymous_7)
FNDA:0,(anonymous_8)
FNDA:0,(anonymous_9)
FNDA:0,(anonymous_10)
FNDA:0,(anonymous_11)
FNDA:0,(anonymous_12)
FNDA:0,(anonymous_13)
FNDA:0,(anonymous_14)
FNDA:0,(anonymous_15)
FNDA:0,(anonymous_16)
FNDA:0,(anonymous_17)
FNDA:0,(anonymous_18)
FNDA:0,(anonymous_19)
FNDA:0,(anonymous_20)
DA:1,0
DA:3,0
DA:5,0
DA:8,0
DA:10,0
DA:12,0
DA:13,0
DA:15,0
DA:16,0
DA:22,0
DA:35,0
DA:48,0
DA:63,0
DA:64,0
DA:65,0
DA:66,0
DA:67,0
DA:70,0
DA:71,0
DA:72,0
DA:73,0
DA:79,0
DA:80,0
DA:107,0
DA:108,0
DA:116,0
DA:132,0
DA:135,0
DA:136,0
DA:138,0
DA:139,0
DA:140,0
DA:141,0
DA:142,0
DA:144,0
DA:146,0
DA:147,0
DA:148,0
DA:149,0
DA:155,0
DA:156,0
DA:159,0
DA:161,0
DA:162,0
DA:163,0
DA:164,0
DA:165,0
DA:171,0
DA:172,0
DA:173,0
DA:176,0
DA:181,0
DA:183,0
DA:184,0
DA:187,0
DA:188,0
DA:191,0
DA:192,0
DA:193,0
DA:196,0
DA:197,0
DA:198,0
DA:201,0
DA:202,0
DA:203,0
DA:206,0
DA:207,0
DA:208,0
DA:209,0
DA:212,0
DA:218,0
DA:220,0
DA:222,0
DA:225,0
DA:229,0
DA:232,0
DA:234,0
DA:235,0
DA:238,0
DA:239,0
DA:242,0
DA:243,0
DA:245,0
DA:246,0
DA:248,0
DA:249,0
DA:252,0
DA:256,0
DA:257,0
DA:260,0
DA:261,0
DA:321,0
DA:322,0
DA:326,0
DA:329,0
DA:332,0
DA:334,0
DA:335,0
DA:336,0
DA:339,0
LF:100
LH:0
BRDA:146,1,0,0
BRDA:146,1,1,0
BRDA:156,2,0,0
BRDA:156,2,1,0
BRDA:163,3,0,0
BRDA:163,3,1,0
BRDA:182,4,0,0
BRDA:182,4,1,0
BRDA:182,4,2,0
BRDA:182,4,3,0
BRDA:182,4,4,0
BRDA:182,4,5,0
BRDA:182,4,6,0
BRDA:222,5,0,0
BRDA:222,5,1,0
BRDA:234,6,0,0
BRDA:234,6,1,0
BRDA:234,7,0,0
BRDA:234,7,1,0
BRDA:238,8,0,0
BRDA:238,8,1,0
BRDA:238,9,0,0
BRDA:238,9,1,0
BRDA:242,10,0,0
BRDA:242,10,1,0
BRDA:242,11,0,0
BRDA:242,11,1,0
BRDA:245,12,0,0
BRDA:245,12,1,0
BRDA:248,13,0,0
BRDA:248,13,1,0
BRDA:256,14,0,0
BRDA:256,14,1,0
BRDA:256,15,0,0
BRDA:256,15,1,0
BRDA:260,16,0,0
BRDA:260,16,1,0
BRDA:322,17,0,0
BRDA:322,17,1,0
BRDA:322,18,0,0
BRDA:322,18,1,0
BRDA:322,18,2,0
BRDA:322,18,3,0
BRDA:322,18,4,0
BRDA:322,18,5,0
BRDA:322,18,6,0
BRDA:329,19,0,0
BRDA:329,19,1,0
BRDA:334,20,0,0
BRDA:334,20,1,0
BRDA:139,21,0,0
BRDA:139,21,1,0
BRDA:139,21,2,0
BRDA:139,22,0,0
BRDA:139,22,1,0
BRDA:140,23,0,0
BRDA:140,23,1,0
BRDA:140,23,2,0
BRDA:140,24,0,0
BRDA:140,24,1,0
BRDA:141,25,0,0
BRDA:141,25,1,0
BRDA:141,25,2,0
BRDA:141,26,0,0
BRDA:141,26,1,0
BRF:65
BRH:0
end_of_record
TN:
SF:/Users/thiagolima/Documents/projetos/ibge/brasil/codigofonte/ClientApp/app/infografia/infografia.module.ts
FN:28,(anonymous_1)
FN:28,InfografiaModule
FNF:2
FNH:0
FNDA:0,(anonymous_1)
FNDA:0,InfografiaModule
DA:1,0
DA:3,0
DA:4,0
DA:5,0
DA:6,0
DA:7,0
DA:28,0
DA:30,0
LF:8
LH:0
BRF:0
BRH:0
end_of_record
TN:
SF:/Users/thiagolima/Documents/projetos/ibge/brasil/codigofonte/ClientApp/app/infografia/ng2-charts.module.ts
FN:20,(anonymous_2)
FN:55,BaseChartDirective
FN:59,(anonymous_4)
FN:70,(anonymous_5)
FN:90,(anonymous_6)
FN:97,(anonymous_7)
FN:107,(anonymous_8)
FN:116,(anonymous_9)
FN:137,(anonymous_10)
FN:139,(anonymous_11)
FN:151,(anonymous_12)
FN:156,(anonymous_13)
FN:167,(anonymous_14)
FN:186,(anonymous_15)
FN:231,rgba
FN:235,getRandomInt
FN:239,formatLineColor
FN:250,formatBarColor
FN:259,formatPieColors
FN:261,(anonymous_21)
FN:262,(anonymous_22)
FN:263,(anonymous_23)
FN:264,(anonymous_24)
FN:265,(anonymous_25)
FN:266,(anonymous_26)
FN:270,formatPolarAreaColors
FN:272,(anonymous_28)
FN:273,(anonymous_29)
FN:274,(anonymous_30)
FN:275,(anonymous_31)
FN:279,getRandomColor
FN:288,generateColor
FN:297,generateColors
FN:312,getColors
FN:340,(anonymous_36)
FN:340,ChartsModule
FNF:36
FNH:0
FNDA:0,(anonymous_2)
FNDA:0,BaseChartDirective
FNDA:0,(anonymous_4)
FNDA:0,(anonymous_5)
FNDA:0,(anonymous_6)
FNDA:0,(anonymous_7)
FNDA:0,(anonymous_8)
FNDA:0,(anonymous_9)
FNDA:0,(anonymous_10)
FNDA:0,(anonymous_11)
FNDA:0,(anonymous_12)
FNDA:0,(anonymous_13)
FNDA:0,(anonymous_14)
FNDA:0,(anonymous_15)
FNDA:0,rgba
FNDA:0,getRandomInt
FNDA:0,formatLineColor
FNDA:0,formatBarColor
FNDA:0,formatPieColors
FNDA:0,(anonymous_21)
FNDA:0,(anonymous_22)
FNDA:0,(anonymous_23)
FNDA:0,(anonymous_24)
FNDA:0,(anonymous_25)
FNDA:0,(anonymous_26)
FNDA:0,formatPolarAreaColors
FNDA:0,(anonymous_28)
FNDA:0,(anonymous_29)
FNDA:0,(anonymous_30)
FNDA:0,(anonymous_31)
FNDA:0,getRandomColor
FNDA:0,generateColor
FNDA:0,generateColors
FNDA:0,getColors
FNDA:0,(anonymous_36)
FNDA:0,ChartsModule
DA:1,0
DA:14,0
DA:20,0
DA:21,0
DA:22,0
DA:37,0
DA:38,0
DA:39,0
DA:40,0
DA:41,0
DA:42,0
DA:43,0
DA:45,0
DA:46,0
DA:51,0
DA:56,0
DA:59,0
DA:60,0
DA:61,0
DA:62,0
DA:63,0
DA:64,0
DA:65,0
DA:70,0
DA:71,0
DA:73,0
DA:74,0
DA:75,0
DA:77,0
DA:86,0
DA:90,0
DA:91,0
DA:92,0
DA:93,0
DA:97,0
DA:98,0
DA:100,0
DA:101,0
DA:102,0
DA:105,0
DA:106,0
DA:107,0
DA:108,0
DA:109,0
DA:111,0
DA:115,0
DA:116,0
DA:117,0
DA:121,0
DA:130,0
DA:131,0
DA:134,0
DA:137,0
DA:138,0
DA:139,0
DA:140,0
DA:142,0
DA:143,0
DA:147,0
DA:151,0
DA:152,0
DA:154,0
DA:155,0
DA:156,0
DA:157,0
DA:160,0
DA:164,0
DA:166,0
DA:168,0
DA:169,0
DA:170,0
DA:172,0
DA:174,0
DA:178,0
DA:179,0
DA:183,0
DA:186,0
DA:192,0
DA:193,0
DA:195,0
DA:232,0
DA:236,0
DA:240,0
DA:251,0
DA:260,0
DA:261,0
DA:262,0
DA:263,0
DA:264,0
DA:265,0
DA:266,0
DA:271,0
DA:272,0
DA:273,0
DA:274,0
DA:275,0
DA:280,0
DA:289,0
DA:298,0
DA:299,0
DA:300,0
DA:302,0
DA:313,0
DA:314,0
DA:317,0
DA:318,0
DA:321,0
DA:322,0
DA:325,0
DA:326,0
DA:328,0
DA:340,0
DA:341,0
LF:113
LH:0
BRDA:60,1,0,0
BRDA:60,1,1,0
BRDA:64,2,0,0
BRDA:64,2,1,0
BRDA:64,3,0,0
BRDA:64,3,1,0
BRDA:71,4,0,0
BRDA:71,4,1,0
BRDA:71,5,0,0
BRDA:71,5,1,0
BRDA:73,6,0,0
BRDA:73,6,1,0
BRDA:73,7,0,0
BRDA:73,7,1,0
BRDA:74,8,0,0
BRDA:74,8,1,0
BRDA:91,9,0,0
BRDA:91,9,1,0
BRDA:91,10,0,0
BRDA:91,10,1,0
BRDA:101,11,0,0
BRDA:101,11,1,0
BRDA:105,12,0,0
BRDA:105,12,1,0
BRDA:106,13,0,0
BRDA:106,13,1,0
BRDA:108,14,0,0
BRDA:108,14,1,0
BRDA:108,15,0,0
BRDA:108,15,1,0
BRDA:115,16,0,0
BRDA:115,16,1,0
BRDA:130,17,0,0
BRDA:130,17,1,0
BRDA:138,18,0,0
BRDA:138,18,1,0
BRDA:142,19,0,0
BRDA:142,19,1,0
BRDA:154,20,0,0
BRDA:154,20,1,0
BRDA:154,21,0,0
BRDA:154,21,1,0
BRDA:154,21,2,0
BRDA:154,21,3,0
BRDA:155,22,0,0
BRDA:155,22,1,0
BRDA:157,23,0,0
BRDA:157,23,1,0
BRDA:164,24,0,0
BRDA:164,24,1,0
BRDA:164,25,0,0
BRDA:164,25,1,0
BRDA:164,25,2,0
BRDA:164,25,3,0
BRDA:166,26,0,0
BRDA:166,26,1,0
BRDA:169,27,0,0
BRDA:169,27,1,0
BRDA:169,28,0,0
BRDA:169,28,1,0
BRDA:178,29,0,0
BRDA:178,29,1,0
BRDA:289,30,0,0
BRDA:289,30,1,0
BRDA:300,31,0,0
BRDA:300,31,1,0
BRDA:313,32,0,0
BRDA:313,32,1,0
BRDA:313,33,0,0
BRDA:313,33,1,0
BRDA:317,34,0,0
BRDA:317,34,1,0
BRDA:321,35,0,0
BRDA:321,35,1,0
BRDA:321,36,0,0
BRDA:321,36,1,0
BRDA:325,37,0,0
BRDA:325,37,1,0
BRDA:325,38,0,0
BRDA:325,38,1,0
BRF:80
BRH:0
end_of_record
TN:
SF:/Users/thiagolima/Documents/projetos/ibge/brasil/codigofonte/ClientApp/app/panorama/configuration/panorama.model.ts
FN:18,(anonymous_0)
FN:34,PanoramaConfigurationItem
FN:46,(anonymous_2)
FN:61,(anonymous_3)
FNF:4
FNH:0
FNDA:0,(anonymous_0)
FNDA:0,PanoramaConfigurationItem
FNDA:0,(anonymous_2)
FNDA:0,(anonymous_3)
DA:2,0
DA:18,0
DA:32,0
DA:35,0
DA:36,0
DA:37,0
DA:38,0
DA:39,0
DA:40,0
DA:41,0
DA:42,0
DA:43,0
DA:44,0
DA:45,0
DA:46,0
DA:48,0
DA:50,0
DA:51,0
DA:53,0
DA:56,0
DA:57,0
DA:62,0
DA:63,0
DA:65,0
DA:68,0
DA:69,0
DA:72,0
DA:75,0
DA:77,0
LF:29
LH:0
BRDA:35,1,0,0
BRDA:35,1,1,0
BRDA:36,2,0,0
BRDA:36,2,1,0
BRDA:38,3,0,0
BRDA:38,3,1,0
BRDA:39,4,0,0
BRDA:39,4,1,0
BRDA:40,5,0,0
BRDA:40,5,1,0
BRDA:41,6,0,0
BRDA:41,6,1,0
BRDA:42,7,0,0
BRDA:42,7,1,0
BRDA:44,8,0,0
BRDA:44,8,1,0
BRDA:46,9,0,0
BRDA:46,9,1,0
BRDA:48,10,0,0
BRDA:48,10,1,0
BRDA:50,11,0,0
BRDA:50,11,1,0
BRDA:50,12,0,0
BRDA:50,12,1,0
BRDA:56,13,0,0
BRDA:56,13,1,0
BRDA:56,14,0,0
BRDA:56,14,1,0
BRDA:56,14,2,0
BRDA:62,15,0,0
BRDA:62,15,1,0
BRDA:68,16,0,0
BRDA:68,16,1,0
BRF:33
BRH:0
end_of_record
TN:
SF:/Users/thiagolima/Documents/projetos/ibge/brasil/codigofonte/ClientApp/app/panorama/configuration/panorama.configuration.ts
FN:395,(anonymous_0)
FN:397,(anonymous_1)
FN:399,(anonymous_2)
FN:400,(anonymous_3)
FN:402,(anonymous_4)
FNF:5
FNH:0
FNDA:0,(anonymous_0)
FNDA:0,(anonymous_1)
FNDA:0,(anonymous_2)
FNDA:0,(anonymous_3)
FNDA:0,(anonymous_4)
DA:1,0
DA:2,0
DA:3,0
DA:5,0
DA:6,0
DA:7,0
DA:9,0
DA:27,0
DA:395,0
DA:396,0
DA:397,0
DA:400,0
DA:402,0
LF:13
LH:0
BRF:0
BRH:0
end_of_record
TN:
SF:/Users/thiagolima/Documents/projetos/ibge/brasil/codigofonte/ClientApp/app/panorama/panorama-painel/panorama-card/panorama-card.component.ts
FN:23,(anonymous_2)
FN:45,PanoramaCardComponent
FN:48,(anonymous_4)
FN:51,(anonymous_5)
FN:51,(anonymous_6)
FN:52,(anonymous_7)
FN:53,(anonymous_8)
FN:61,(anonymous_9)
FN:64,(anonymous_10)
FN:66,(anonymous_11)
FN:71,(anonymous_12)
FN:71,(anonymous_13)
FN:76,(anonymous_14)
FN:79,(anonymous_15)
FN:79,(anonymous_16)
FN:83,(anonymous_17)
FN:87,(anonymous_18)
FN:97,(anonymous_19)
FN:103,(anonymous_20)
FN:111,(anonymous_21)
FN:133,(anonymous_22)
FN:120,PanoramaCardReguaComponent
FN:142,(anonymous_24)
FN:161,(anonymous_25)
FNF:24
FNH:0
FNDA:0,(anonymous_2)
FNDA:0,PanoramaCardComponent
FNDA:0,(anonymous_4)
FNDA:0,(anonymous_5)
FNDA:0,(anonymous_6)
FNDA:0,(anonymous_7)
FNDA:0,(anonymous_8)
FNDA:0,(anonymous_9)
FNDA:0,(anonymous_10)
FNDA:0,(anonymous_11)
FNDA:0,(anonymous_12)
FNDA:0,(anonymous_13)
FNDA:0,(anonymous_14)
FNDA:0,(anonymous_15)
FNDA:0,(anonymous_16)
FNDA:0,(anonymous_17)
FNDA:0,(anonymous_18)
FNDA:0,(anonymous_19)
FNDA:0,(anonymous_20)
FNDA:0,(anonymous_21)
FNDA:0,(anonymous_22)
FNDA:0,PanoramaCardReguaComponent
FNDA:0,(anonymous_24)
FNDA:0,(anonymous_25)
DA:2,0
DA:4,0
DA:7,0
DA:9,0
DA:10,0
DA:11,0
DA:13,0
DA:14,0
DA:23,0
DA:24,0
DA:25,0
DA:26,0
DA:33,0
DA:34,0
DA:36,0
DA:38,0
DA:39,0
DA:42,0
DA:43,0
DA:44,0
DA:45,0
DA:48,0
DA:50,0
DA:51,0
DA:52,0
DA:54,0
DA:61,0
DA:63,0
DA:65,0
DA:66,0
DA:70,0
DA:71,0
DA:74,0
DA:76,0
DA:78,0
DA:79,0
DA:82,0
DA:83,0
DA:87,0
DA:88,0
DA:89,0
DA:92,0
DA:93,0
DA:97,0
DA:98,0
DA:100,0
DA:103,0
DA:104,0
DA:105,0
DA:108,0
DA:111,0
DA:112,0
DA:113,0
DA:116,0
DA:118,0
DA:133,0
DA:134,0
DA:135,0
DA:136,0
DA:137,0
DA:142,0
DA:144,0
DA:145,0
DA:146,0
DA:147,0
DA:148,0
DA:151,0
DA:152,0
DA:153,0
DA:154,0
DA:156,0
DA:157,0
DA:161,0
DA:162,0
DA:163,0
DA:166,0
DA:167,0
DA:169,0
LF:78
LH:0
BRDA:52,1,0,0
BRDA:52,1,1,0
BRDA:52,1,2,0
BRDA:88,2,0,0
BRDA:88,2,1,0
BRDA:88,3,0,0
BRDA:88,3,1,0
BRDA:92,4,0,0
BRDA:92,4,1,0
BRDA:92,5,0,0
BRDA:92,5,1,0
BRDA:104,6,0,0
BRDA:104,6,1,0
BRDA:104,7,0,0
BRDA:104,7,1,0
BRDA:104,7,2,0
BRDA:112,8,0,0
BRDA:112,8,1,0
BRDA:112,9,0,0
BRDA:112,9,1,0
BRDA:112,9,2,0
BRDA:42,10,0,0
BRDA:42,10,1,0
BRDA:42,10,2,0
BRDA:42,11,0,0
BRDA:42,11,1,0
BRDA:43,12,0,0
BRDA:43,12,1,0
BRDA:43,12,2,0
BRDA:43,13,0,0
BRDA:43,13,1,0
BRDA:44,14,0,0
BRDA:44,14,1,0
BRDA:44,14,2,0
BRDA:44,15,0,0
BRDA:44,15,1,0
BRDA:144,16,0,0
BRDA:144,16,1,0
BRDA:144,17,0,0
BRDA:144,17,1,0
BRDA:146,18,0,0
BRDA:146,18,1,0
BRDA:152,19,0,0
BRDA:152,19,1,0
BRDA:162,20,0,0
BRDA:162,20,1,0
BRDA:166,21,0,0
BRDA:166,21,1,0
BRF:48
BRH:0
end_of_record
TN:
SF:/Users/thiagolima/Documents/projetos/ibge/brasil/codigofonte/ClientApp/app/panorama/panorama-painel/panorama-painel.component.ts
FN:36,(anonymous_2)
FN:66,PanoramaPainelComponent
FN:69,(anonymous_4)
FN:73,(anonymous_5)
FN:82,(anonymous_6)
FN:86,(anonymous_7)
FN:99,(anonymous_8)
FN:106,(anonymous_9)
FN:140,(anonymous_10)
FN:155,(anonymous_11)
FN:169,(anonymous_12)
FN:174,(anonymous_13)
FNF:12
FNH:0
FNDA:0,(anonymous_2)
FNDA:0,PanoramaPainelComponent
FNDA:0,(anonymous_4)
FNDA:0,(anonymous_5)
FNDA:0,(anonymous_6)
FNDA:0,(anonymous_7)
FNDA:0,(anonymous_8)
FNDA:0,(anonymous_9)
FNDA:0,(anonymous_10)
FNDA:0,(anonymous_11)
FNDA:0,(anonymous_12)
FNDA:0,(anonymous_13)
DA:1,0
DA:12,0
DA:15,0
DA:16,0
DA:17,0
DA:20,0
DA:22,0
DA:23,0
DA:24,0
DA:36,0
DA:37,0
DA:38,0
DA:40,0
DA:46,0
DA:47,0
DA:48,0
DA:49,0
DA:50,0
DA:52,0
DA:53,0
DA:56,0
DA:59,0
DA:60,0
DA:61,0
DA:62,0
DA:65,0
DA:66,0
DA:69,0
DA:70,0
DA:73,0
DA:75,0
DA:76,0
DA:79,0
DA:82,0
DA:84,0
DA:86,0
DA:87,0
DA:88,0
DA:89,0
DA:91,0
DA:93,0
DA:99,0
DA:101,0
DA:102,0
DA:106,0
DA:107,0
DA:111,0
DA:114,0
DA:116,0
DA:118,0
DA:121,0
DA:125,0
DA:127,0
DA:134,0
DA:135,0
DA:136,0
DA:140,0
DA:141,0
DA:142,0
DA:143,0
DA:144,0
DA:148,0
DA:149,0
DA:150,0
DA:155,0
DA:156,0
DA:158,0
DA:159,0
DA:160,0
DA:161,0
DA:162,0
DA:165,0
DA:166,0
DA:169,0
DA:170,0
DA:174,0
DA:175,0
DA:178,0
LF:78
LH:0
BRDA:75,1,0,0
BRDA:75,1,1,0
BRDA:84,2,0,0
BRDA:84,2,1,0
BRDA:88,3,0,0
BRDA:88,3,1,0
BRDA:91,4,0,0
BRDA:91,4,1,0
BRDA:101,5,0,0
BRDA:101,5,1,0
BRDA:107,6,0,0
BRDA:107,6,1,0
BRDA:108,7,0,0
BRDA:108,7,1,0
BRDA:116,8,0,0
BRDA:116,8,1,0
BRDA:116,9,0,0
BRDA:116,9,1,0
BRDA:121,10,0,0
BRDA:121,10,1,0
BRDA:122,11,0,0
BRDA:122,11,1,0
BRDA:122,11,2,0
BRDA:127,12,0,0
BRDA:127,12,1,0
BRDA:127,12,2,0
BRDA:127,12,3,0
BRDA:127,12,4,0
BRDA:134,13,0,0
BRDA:134,13,1,0
BRDA:141,14,0,0
BRDA:141,14,1,0
BRDA:141,15,0,0
BRDA:141,15,1,0
BRDA:148,16,0,0
BRDA:148,16,1,0
BRDA:148,17,0,0
BRDA:148,17,1,0
BRDA:148,17,2,0
BRDA:158,18,0,0
BRDA:158,18,1,0
BRDA:158,19,0,0
BRDA:158,19,1,0
BRDA:160,20,0,0
BRDA:160,20,1,0
BRDA:165,21,0,0
BRDA:165,21,1,0
BRDA:166,22,0,0
BRDA:166,22,1,0
BRDA:170,23,0,0
BRDA:170,23,1,0
BRDA:65,24,0,0
BRDA:65,24,1,0
BRDA:65,24,2,0
BRDA:65,25,0,0
BRDA:65,25,1,0
BRF:56
BRH:0
end_of_record
TN:
SF:/Users/thiagolima/Documents/projetos/ibge/brasil/codigofonte/ClientApp/app/panorama/panorama-resumo/panorama-resumo.component.ts
FN:27,(anonymous_2)
FN:45,PanoramaResumoComponent
FN:37,(anonymous_4)
FN:47,(anonymous_5)
FN:48,(anonymous_6)
FN:53,(anonymous_7)
FN:55,(anonymous_8)
FNF:7
FNH:0
FNDA:0,(anonymous_2)
FNDA:0,PanoramaResumoComponent
FNDA:0,(anonymous_4)
FNDA:0,(anonymous_5)
FNDA:0,(anonymous_6)
FNDA:0,(anonymous_7)
FNDA:0,(anonymous_8)
DA:1,0
DA:14,0
DA:19,0
DA:27,0
DA:28,0
DA:30,0
DA:31,0
DA:34,0
DA:37,0
DA:38,0
DA:39,0
DA:40,0
DA:47,0
DA:48,0
DA:53,0
DA:55,0
DA:56,0
DA:57,0
DA:58,0
DA:61,0
DA:62,0
DA:65,0
LF:22
LH:0
BRDA:38,1,0,0
BRDA:38,1,1,0
BRDA:56,2,0,0
BRDA:56,2,1,0
BRF:4
BRH:0
end_of_record
TN:
SF:/Users/thiagolima/Documents/projetos/ibge/brasil/codigofonte/ClientApp/app/panorama/panorama-temas/panorama-temas.component.ts
FN:24,(anonymous_2)
FN:51,PanoramaTemasComponent
FN:54,(anonymous_4)
FN:83,(anonymous_5)
FN:90,(anonymous_6)
FN:100,(anonymous_7)
FN:101,(anonymous_8)
FN:105,(anonymous_9)
FN:108,(anonymous_10)
FN:109,(anonymous_11)
FN:123,(anonymous_12)
FN:136,(anonymous_13)
FN:142,(anonymous_14)
FN:142,(anonymous_15)
FN:156,(anonymous_16)
FN:160,(anonymous_17)
FN:164,(anonymous_18)
FN:168,(anonymous_19)
FN:171,(anonymous_20)
FN:181,(anonymous_21)
FN:185,(anonymous_22)
FN:189,(anonymous_23)
FN:193,(anonymous_24)
FN:197,(anonymous_25)
FN:201,(anonymous_26)
FN:204,(anonymous_27)
FN:220,(anonymous_28)
FN:224,(anonymous_29)
FN:228,(anonymous_30)
FN:232,(anonymous_31)
FN:236,(anonymous_32)
FN:240,(anonymous_33)
FN:243,(anonymous_34)
FN:259,(anonymous_35)
FN:263,(anonymous_36)
FN:267,(anonymous_37)
FN:271,(anonymous_38)
FN:274,(anonymous_39)
FN:288,(anonymous_40)
FN:292,(anonymous_41)
FN:296,(anonymous_42)
FN:300,(anonymous_43)
FN:303,(anonymous_44)
FN:318,(anonymous_45)
FN:322,(anonymous_46)
FN:326,(anonymous_47)
FN:330,(anonymous_48)
FN:334,(anonymous_49)
FN:338,(anonymous_50)
FN:341,(anonymous_51)
FN:359,(anonymous_52)
FNF:51
FNH:0
FNDA:0,(anonymous_2)
FNDA:0,PanoramaTemasComponent
FNDA:0,(anonymous_4)
FNDA:0,(anonymous_5)
FNDA:0,(anonymous_6)
FNDA:0,(anonymous_7)
FNDA:0,(anonymous_8)
FNDA:0,(anonymous_9)
FNDA:0,(anonymous_10)
FNDA:0,(anonymous_11)
FNDA:0,(anonymous_12)
FNDA:0,(anonymous_13)
FNDA:0,(anonymous_14)
FNDA:0,(anonymous_15)
FNDA:0,(anonymous_16)
FNDA:0,(anonymous_17)
FNDA:0,(anonymous_18)
FNDA:0,(anonymous_19)
FNDA:0,(anonymous_20)
FNDA:0,(anonymous_21)
FNDA:0,(anonymous_22)
FNDA:0,(anonymous_23)
FNDA:0,(anonymous_24)
FNDA:0,(anonymous_25)
FNDA:0,(anonymous_26)
FNDA:0,(anonymous_27)
FNDA:0,(anonymous_28)
FNDA:0,(anonymous_29)
FNDA:0,(anonymous_30)
FNDA:0,(anonymous_31)
FNDA:0,(anonymous_32)
FNDA:0,(anonymous_33)
FNDA:0,(anonymous_34)
FNDA:0,(anonymous_35)
FNDA:0,(anonymous_36)
FNDA:0,(anonymous_37)
FNDA:0,(anonymous_38)
FNDA:0,(anonymous_39)
FNDA:0,(anonymous_40)
FNDA:0,(anonymous_41)
FNDA:0,(anonymous_42)
FNDA:0,(anonymous_43)
FNDA:0,(anonymous_44)
FNDA:0,(anonymous_45)
FNDA:0,(anonymous_46)
FNDA:0,(anonymous_47)
FNDA:0,(anonymous_48)
FNDA:0,(anonymous_49)
FNDA:0,(anonymous_50)
FNDA:0,(anonymous_51)
FNDA:0,(anonymous_52)
DA:1,0
DA:2,0
DA:4,0
DA:6,0
DA:8,0
DA:9,0
DA:13,0
DA:24,0
DA:27,0
DA:29,0
DA:36,0
DA:38,0
DA:40,0
DA:41,0
DA:42,0
DA:43,0
DA:44,0
DA:45,0
DA:47,0
DA:50,0
DA:51,0
DA:54,0
DA:56,0
DA:57,0
DA:60,0
DA:61,0
DA:64,0
DA:65,0
DA:68,0
DA:69,0
DA:72,0
DA:73,0
DA:76,0
DA:77,0
DA:83,0
DA:90,0
DA:91,0
DA:92,0
DA:93,0
DA:95,0
DA:96,0
DA:100,0
DA:101,0
DA:105,0
DA:107,0
DA:108,0
DA:110,0
DA:111,0
DA:116,0
DA:123,0
DA:125,0
DA:126,0
DA:127,0
DA:136,0
DA:138,0
DA:139,0
DA:142,0
DA:143,0
DA:146,0
DA:147,0
DA:148,0
DA:149,0
DA:151,0
DA:155,0
DA:156,0
DA:159,0
DA:160,0
DA:163,0
DA:164,0
DA:167,0
DA:168,0
DA:170,0
DA:171,0
DA:173,0
DA:180,0
DA:181,0
DA:184,0
DA:185,0
DA:188,0
DA:189,0
DA:192,0
DA:193,0
DA:196,0
DA:197,0
DA:200,0
DA:201,0
DA:203,0
DA:204,0
DA:206,0
DA:219,0
DA:220,0
DA:223,0
DA:224,0
DA:227,0
DA:228,0
DA:231,0
DA:232,0
DA:235,0
DA:236,0
DA:239,0
DA:240,0
DA:242,0
DA:243,0
DA:245,0
DA:258,0
DA:259,0
DA:262,0
DA:263,0
DA:266,0
DA:267,0
DA:270,0
DA:271,0
DA:273,0
DA:274,0
DA:276,0
DA:287,0
DA:288,0
DA:291,0
DA:292,0
DA:295,0
DA:296,0
DA:299,0
DA:300,0
DA:302,0
DA:303,0
DA:305,0
DA:317,0
DA:318,0
DA:321,0
DA:322,0
DA:325,0
DA:326,0
DA:329,0
DA:330,0
DA:333,0
DA:334,0
DA:337,0
DA:338,0
DA:340,0
DA:341,0
DA:343,0
DA:359,0
DA:360,0
DA:361,0
DA:362,0
DA:365,0
LF:146
LH:0
BRDA:56,1,0,0
BRDA:56,1,1,0
BRDA:60,2,0,0
BRDA:60,2,1,0
BRDA:64,3,0,0
BRDA:64,3,1,0
BRDA:68,4,0,0
BRDA:68,4,1,0
BRDA:72,5,0,0
BRDA:72,5,1,0
BRDA:76,6,0,0
BRDA:76,6,1,0
BRDA:91,7,0,0
BRDA:91,7,1,0
BRDA:91,8,0,0
BRDA:91,8,1,0
BRDA:91,8,2,0
BRDA:95,9,0,0
BRDA:95,9,1,0
BRDA:100,10,0,0
BRDA:100,10,1,0
BRDA:110,11,0,0
BRDA:110,11,1,0
BRDA:125,12,0,0
BRDA:125,12,1,0
BRDA:126,13,0,0
BRDA:126,13,1,0
BRDA:138,14,0,0
BRDA:138,14,1,0
BRDA:138,15,0,0
BRDA:138,15,1,0
BRDA:360,16,0,0
BRDA:360,16,1,0
BRDA:360,17,0,0
BRDA:360,17,1,0
BRDA:50,18,0,0
BRDA:50,18,1,0
BRDA:50,18,2,0
BRDA:50,19,0,0
BRDA:50,19,1,0
BRF:40
BRH:0
end_of_record
TN:
SF:/Users/thiagolima/Documents/projetos/ibge/brasil/codigofonte/ClientApp/app/panorama/panorama.component.ts
FN:27,(anonymous_2)
FN:38,PanoramaComponent
FN:41,(anonymous_4)
FN:49,(anonymous_5)
FN:52,(anonymous_6)
FN:56,(anonymous_7)
FN:59,(anonymous_8)
FN:61,(anonymous_9)
FN:66,(anonymous_10)
FN:67,(anonymous_11)
FN:70,(anonymous_12)
FN:71,(anonymous_13)
FN:71,(anonymous_14)
FN:74,(anonymous_15)
FN:78,(anonymous_16)
FN:79,(anonymous_17)
FN:100,(anonymous_18)
FN:102,(anonymous_19)
FN:104,(anonymous_20)
FN:114,(anonymous_21)
FN:116,(anonymous_22)
FN:139,(anonymous_23)
FN:141,(anonymous_24)
FN:147,(anonymous_25)
FN:150,(anonymous_26)
FN:151,(anonymous_27)
FN:153,(anonymous_28)
FN:154,(anonymous_29)
FN:155,(anonymous_30)
FN:166,(anonymous_31)
FN:174,(anonymous_32)
FN:176,(anonymous_33)
FN:177,(anonymous_34)
FN:182,(anonymous_35)
FN:190,(anonymous_36)
FN:194,(anonymous_37)
FN:195,(anonymous_38)
FN:200,(anonymous_39)
FN:209,(anonymous_40)
FN:215,(anonymous_41)
FN:218,(anonymous_42)
FN:223,(anonymous_43)
FN:236,(anonymous_44)
FN:237,(anonymous_45)
FN:243,(anonymous_46)
FN:244,(anonymous_47)
FN:254,(anonymous_48)
FNF:47
FNH:0
FNDA:0,(anonymous_2)
FNDA:0,PanoramaComponent
FNDA:0,(anonymous_4)
FNDA:0,(anonymous_5)
FNDA:0,(anonymous_6)
FNDA:0,(anonymous_7)
FNDA:0,(anonymous_8)
FNDA:0,(anonymous_9)
FNDA:0,(anonymous_10)
FNDA:0,(anonymous_11)
FNDA:0,(anonymous_12)
FNDA:0,(anonymous_13)
FNDA:0,(anonymous_14)
FNDA:0,(anonymous_15)
FNDA:0,(anonymous_16)
FNDA:0,(anonymous_17)
FNDA:0,(anonymous_18)
FNDA:0,(anonymous_19)
FNDA:0,(anonymous_20)
FNDA:0,(anonymous_21)
FNDA:0,(anonymous_22)
FNDA:0,(anonymous_23)
FNDA:0,(anonymous_24)
FNDA:0,(anonymous_25)
FNDA:0,(anonymous_26)
FNDA:0,(anonymous_27)
FNDA:0,(anonymous_28)
FNDA:0,(anonymous_29)
FNDA:0,(anonymous_30)
FNDA:0,(anonymous_31)
FNDA:0,(anonymous_32)
FNDA:0,(anonymous_33)
FNDA:0,(anonymous_34)
FNDA:0,(anonymous_35)
FNDA:0,(anonymous_36)
FNDA:0,(anonymous_37)
FNDA:0,(anonymous_38)
FNDA:0,(anonymous_39)
FNDA:0,(anonymous_40)
FNDA:0,(anonymous_41)
FNDA:0,(anonymous_42)
FNDA:0,(anonymous_43)
FNDA:0,(anonymous_44)
FNDA:0,(anonymous_45)
FNDA:0,(anonymous_46)
FNDA:0,(anonymous_47)
FNDA:0,(anonymous_48)
DA:1,0
DA:3,0
DA:4,0
DA:5,0
DA:6,0
DA:8,0
DA:10,0
DA:11,0
DA:13,0
DA:14,0
DA:15,0
DA:16,0
DA:17,0
DA:18,0
DA:19,0
DA:20,0
DA:27,0
DA:37,0
DA:38,0
DA:41,0
DA:43,0
DA:45,0
DA:46,0
DA:48,0
DA:49,0
DA:52,0
DA:55,0
DA:56,0
DA:60,0
DA:61,0
DA:62,0
DA:65,0
DA:66,0
DA:67,0
DA:69,0
DA:70,0
DA:71,0
DA:73,0
DA:74,0
DA:78,0
DA:79,0
DA:80,0
DA:98,0
DA:100,0
DA:102,0
DA:103,0
DA:104,0
DA:106,0
DA:107,0
DA:108,0
DA:109,0
DA:113,0
DA:114,0
DA:115,0
DA:116,0
DA:117,0
DA:118,0
DA:127,0
DA:130,0
DA:136,0
DA:138,0
DA:140,0
DA:141,0
DA:145,0
DA:148,0
DA:150,0
DA:151,0
DA:152,0
DA:153,0
DA:155,0
DA:160,0
DA:163,0
DA:166,0
DA:172,0
DA:174,0
DA:175,0
DA:176,0
DA:178,0
DA:182,0
DA:190,0
DA:191,0
DA:194,0
DA:195,0
DA:196,0
DA:197,0
DA:199,0
DA:200,0
DA:201,0
DA:202,0
DA:206,0
DA:209,0
DA:215,0
DA:216,0
DA:217,0
DA:218,0
DA:219,0
DA:220,0
DA:222,0
DA:223,0
DA:224,0
DA:225,0
DA:230,0
DA:236,0
DA:237,0
DA:239,0
DA:240,0
DA:243,0
DA:244,0
DA:247,0
DA:249,0
DA:254,0
DA:255,0
DA:258,0
LF:113
LH:0
BRDA:78,1,0,0
BRDA:78,1,1,0
BRDA:106,2,0,0
BRDA:106,2,1,0
BRDA:108,3,0,0
BRDA:108,3,1,0
BRDA:108,4,0,0
BRDA:108,4,1,0
BRDA:109,5,0,0
BRDA:109,5,1,0
BRDA:109,6,0,0
BRDA:109,6,1,0
BRDA:113,7,0,0
BRDA:113,7,1,0
BRDA:117,8,0,0
BRDA:117,8,1,0
BRDA:166,9,0,0
BRDA:166,9,1,0
BRDA:194,10,0,0
BRDA:194,10,1,0
BRDA:196,11,0,0
BRDA:196,11,1,0
BRDA:199,12,0,0
BRDA:199,12,1,0
BRDA:199,13,0,0
BRDA:199,13,1,0
BRDA:199,13,2,0
BRDA:201,14,0,0
BRDA:201,14,1,0
BRDA:215,15,0,0
BRDA:215,15,1,0
BRDA:222,16,0,0
BRDA:222,16,1,0
BRDA:222,17,0,0
BRDA:222,17,1,0
BRDA:222,17,2,0
BRDA:236,18,0,0
BRDA:236,18,1,0
BRDA:239,19,0,0
BRDA:239,19,1,0
BRDA:37,20,0,0
BRDA:37,20,1,0
BRDA:37,20,2,0
BRDA:37,21,0,0
BRDA:37,21,1,0
BRF:45
BRH:0
end_of_record
TN:
SF:/Users/thiagolima/Documents/projetos/ibge/brasil/codigofonte/ClientApp/app/panorama/panorama.module.ts
FN:30,(anonymous_1)
FN:30,PanoramaModule
FNF:2
FNH:0
FNDA:0,(anonymous_1)
FNDA:0,PanoramaModule
DA:1,0
DA:3,0
DA:4,0
DA:5,0
DA:6,0
DA:7,0
DA:9,0
DA:10,0
DA:11,0
DA:30,0
LF:10
LH:0
BRF:0
BRH:0
end_of_record
TN:
SF:/Users/thiagolima/Documents/projetos/ibge/brasil/codigofonte/ClientApp/app/pesquisa2/pesquisa-header/pesquisa-header.component.ts
FN:17,(anonymous_2)
FN:43,PesquisaHeaderComponent
FN:46,(anonymous_4)
FN:47,(anonymous_5)
FN:48,(anonymous_6)
FN:59,(anonymous_7)
FN:80,(anonymous_8)
FN:84,(anonymous_9)
FN:97,(anonymous_10)
FN:101,(anonymous_11)
FN:105,(anonymous_12)
FN:109,(anonymous_13)
FN:113,(anonymous_14)
FN:118,(anonymous_15)
FN:124,(anonymous_16)
FN:173,(anonymous_17)
FN:181,BuscaHeaderComponent
FN:184,(anonymous_19)
FN:188,(anonymous_20)
FN:192,(anonymous_21)
FN:198,(anonymous_22)
FNF:21
FNH:0
FNDA:0,(anonymous_2)
FNDA:0,PesquisaHeaderComponent
FNDA:0,(anonymous_4)
FNDA:0,(anonymous_5)
FNDA:0,(anonymous_6)
FNDA:0,(anonymous_7)
FNDA:0,(anonymous_8)
FNDA:0,(anonymous_9)
FNDA:0,(anonymous_10)
FNDA:0,(anonymous_11)
FNDA:0,(anonymous_12)
FNDA:0,(anonymous_13)
FNDA:0,(anonymous_14)
FNDA:0,(anonymous_15)
FNDA:0,(anonymous_16)
FNDA:0,(anonymous_17)
FNDA:0,BuscaHeaderComponent
FNDA:0,(anonymous_19)
FNDA:0,(anonymous_20)
FNDA:0,(anonymous_21)
FNDA:0,(anonymous_22)
DA:1,0
DA:3,0
DA:4,0
DA:5,0
DA:6,0
DA:7,0
DA:17,0
DA:19,0
DA:20,0
DA:25,0
DA:26,0
DA:27,0
DA:28,0
DA:29,0
DA:30,0
DA:31,0
DA:32,0
DA:33,0
DA:36,0
DA:39,0
DA:40,0
DA:41,0
DA:42,0
DA:43,0
DA:46,0
DA:47,0
DA:48,0
DA:49,0
DA:50,0
DA:52,0
DA:53,0
DA:59,0
DA:64,0
DA:65,0
DA:67,0
DA:68,0
DA:70,0
DA:71,0
DA:72,0
DA:73,0
DA:74,0
DA:75,0
DA:76,0
DA:80,0
DA:81,0
DA:84,0
DA:85,0
DA:86,0
DA:87,0
DA:88,0
DA:89,0
DA:90,0
DA:91,0
DA:92,0
DA:93,0
DA:94,0
DA:97,0
DA:98,0
DA:101,0
DA:102,0
DA:105,0
DA:106,0
DA:109,0
DA:110,0
DA:113,0
DA:114,0
DA:115,0
DA:118,0
DA:120,0
DA:121,0
DA:124,0
DA:125,0
DA:127,0
DA:173,0
DA:174,0
DA:177,0
DA:178,0
DA:181,0
DA:184,0
DA:185,0
DA:188,0
DA:189,0
DA:190,0
DA:191,0
DA:192,0
DA:194,0
DA:198,0
DA:199,0
DA:200,0
DA:202,0
LF:90
LH:0
BRDA:52,1,0,0
BRDA:52,1,1,0
BRDA:59,2,0,0
BRDA:59,2,1,0
BRDA:67,3,0,0
BRDA:67,3,1,0
BRDA:68,4,0,0
BRDA:68,4,1,0
BRDA:73,5,0,0
BRDA:73,5,1,0
BRDA:74,6,0,0
BRDA:74,6,1,0
BRDA:75,7,0,0
BRDA:75,7,1,0
BRDA:76,8,0,0
BRDA:76,8,1,0
BRDA:84,9,0,0
BRDA:84,9,1,0
BRDA:84,10,0,0
BRDA:84,10,1,0
BRDA:84,11,0,0
BRDA:84,11,1,0
BRDA:84,12,0,0
BRDA:84,12,1,0
BRDA:85,13,0,0
BRDA:85,13,1,0
BRDA:86,14,0,0
BRDA:86,14,1,0
BRDA:87,15,0,0
BRDA:87,15,1,0
BRDA:88,16,0,0
BRDA:88,16,1,0
BRDA:91,17,0,0
BRDA:91,17,1,0
BRDA:92,18,0,0
BRDA:92,18,1,0
BRDA:93,19,0,0
BRDA:93,19,1,0
BRDA:98,20,0,0
BRDA:98,20,1,0
BRDA:102,21,0,0
BRDA:102,21,1,0
BRDA:39,22,0,0
BRDA:39,22,1,0
BRDA:39,22,2,0
BRDA:39,23,0,0
BRDA:39,23,1,0
BRDA:40,24,0,0
BRDA:40,24,1,0
BRDA:40,24,2,0
BRDA:40,25,0,0
BRDA:40,25,1,0
BRDA:41,26,0,0
BRDA:41,26,1,0
BRDA:41,26,2,0
BRDA:41,27,0,0
BRDA:41,27,1,0
BRDA:42,28,0,0
BRDA:42,28,1,0
BRDA:42,28,2,0
BRDA:42,29,0,0
BRDA:42,29,1,0
BRDA:190,30,0,0
BRDA:190,30,1,0
BRF:64
BRH:0
end_of_record
TN:
SF:/Users/thiagolima/Documents/projetos/ibge/brasil/codigofonte/ClientApp/app/pesquisa2/pesquisa-tabela/pesquisa-tabela.component.ts
FN:19,(anonymous_2)
FN:32,PesquisaTabelaComponent
FN:36,(anonymous_4)
FN:41,(anonymous_5)
FN:65,(anonymous_6)
FN:67,(anonymous_7)
FN:84,(anonymous_8)
FN:89,(anonymous_9)
FN:107,(anonymous_10)
FN:128,(anonymous_11)
FN:143,(anonymous_12)
FN:156,(anonymous_13)
FN:165,(anonymous_14)
FN:167,(anonymous_15)
FN:170,(anonymous_16)
FN:178,(anonymous_17)
FN:204,(anonymous_18)
FN:208,(anonymous_19)
FN:212,(anonymous_20)
FN:218,(anonymous_21)
FNF:20
FNH:0
FNDA:0,(anonymous_2)
FNDA:0,PesquisaTabelaComponent
FNDA:0,(anonymous_4)
FNDA:0,(anonymous_5)
FNDA:0,(anonymous_6)
FNDA:0,(anonymous_7)
FNDA:0,(anonymous_8)
FNDA:0,(anonymous_9)
FNDA:0,(anonymous_10)
FNDA:0,(anonymous_11)
FNDA:0,(anonymous_12)
FNDA:0,(anonymous_13)
FNDA:0,(anonymous_14)
FNDA:0,(anonymous_15)
FNDA:0,(anonymous_16)
FNDA:0,(anonymous_17)
FNDA:0,(anonymous_18)
FNDA:0,(anonymous_19)
FNDA:0,(anonymous_20)
FNDA:0,(anonymous_21)
DA:1,0
DA:3,0
DA:5,0
DA:6,0
DA:7,0
DA:11,0
DA:19,0
DA:21,0
DA:22,0
DA:23,0
DA:24,0
DA:25,0
DA:31,0
DA:32,0
DA:36,0
DA:38,0
DA:41,0
DA:44,0
DA:45,0
DA:47,0
DA:48,0
DA:49,0
DA:53,0
DA:54,0
DA:56,0
DA:58,0
DA:61,0
DA:62,0
DA:63,0
DA:65,0
DA:67,0
DA:69,0
DA:70,0
DA:72,0
DA:74,0
DA:77,0
DA:84,0
DA:86,0
DA:89,0
DA:91,0
DA:93,0
DA:96,0
DA:97,0
DA:98,0
DA:100,0
DA:101,0
DA:104,0
DA:107,0
DA:109,0
DA:111,0
DA:114,0
DA:116,0
DA:118,0
DA:120,0
DA:121,0
DA:125,0
DA:128,0
DA:130,0
DA:143,0
DA:147,0
DA:156,0
DA:158,0
DA:160,0
DA:164,0
DA:165,0
DA:167,0
DA:170,0
DA:172,0
DA:178,0
DA:180,0
DA:182,0
DA:184,0
DA:186,0
DA:189,0
DA:191,0
DA:193,0
DA:195,0
DA:200,0
DA:204,0
DA:206,0
DA:208,0
DA:212,0
DA:215,0
DA:218,0
DA:219,0
DA:220,0
DA:221,0
DA:222,0
DA:223,0
DA:225,0
DA:226,0
DA:227,0
DA:228,0
DA:229,0
DA:230,0
DA:233,0
DA:234,0
DA:235,0
DA:236,0
DA:237,0
DA:238,0
DA:239,0
DA:241,0
DA:242,0
DA:243,0
DA:244,0
DA:245,0
DA:250,0
DA:251,0
DA:253,0
LF:110
LH:0
BRDA:38,1,0,0
BRDA:38,1,1,0
BRDA:38,2,0,0
BRDA:38,2,1,0
BRDA:38,2,2,0
BRDA:41,3,0,0
BRDA:41,3,1,0
BRDA:47,4,0,0
BRDA:47,4,1,0
BRDA:53,5,0,0
BRDA:53,5,1,0
BRDA:56,6,0,0
BRDA:56,6,1,0
BRDA:62,7,0,0
BRDA:62,7,1,0
BRDA:63,8,0,0
BRDA:63,8,1,0
BRDA:70,9,0,0
BRDA:70,9,1,0
BRDA:72,10,0,0
BRDA:72,10,1,0
BRDA:86,11,0,0
BRDA:86,11,1,0
BRDA:91,12,0,0
BRDA:91,12,1,0
BRDA:91,13,0,0
BRDA:91,13,1,0
BRDA:91,13,2,0
BRDA:91,14,0,0
BRDA:91,14,1,0
BRDA:91,14,2,0
BRDA:97,15,0,0
BRDA:97,15,1,0
BRDA:98,16,0,0
BRDA:98,16,1,0
BRDA:100,17,0,0
BRDA:100,17,1,0
BRDA:101,18,0,0
BRDA:101,18,1,0
BRDA:109,19,0,0
BRDA:109,19,1,0
BRDA:109,20,0,0
BRDA:109,20,1,0
BRDA:118,21,0,0
BRDA:118,21,1,0
BRDA:120,22,0,0
BRDA:120,22,1,0
BRDA:130,23,0,0
BRDA:130,23,1,0
BRDA:130,23,2,0
BRDA:130,23,3,0
BRDA:130,23,4,0
BRDA:130,23,5,0
BRDA:130,23,6,0
BRDA:130,23,7,0
BRDA:130,23,8,0
BRDA:130,23,9,0
BRDA:130,23,10,0
BRDA:147,24,0,0
BRDA:147,24,1,0
BRDA:158,25,0,0
BRDA:158,25,1,0
BRDA:164,26,0,0
BRDA:164,26,1,0
BRDA:172,27,0,0
BRDA:172,27,1,0
BRDA:172,27,2,0
BRDA:182,28,0,0
BRDA:182,28,1,0
BRDA:189,29,0,0
BRDA:189,29,1,0
BRDA:208,30,0,0
BRDA:208,30,1,0
BRDA:221,31,0,0
BRDA:221,31,1,0
BRDA:222,32,0,0
BRDA:222,32,1,0
BRDA:227,33,0,0
BRDA:227,33,1,0
BRDA:227,34,0,0
BRDA:227,34,1,0
BRDA:228,35,0,0
BRDA:228,35,1,0
BRDA:228,36,0,0
BRDA:228,36,1,0
BRDA:229,37,0,0
BRDA:229,37,1,0
BRDA:229,38,0,0
BRDA:229,38,1,0
BRDA:230,39,0,0
BRDA:230,39,1,0
BRDA:234,40,0,0
BRDA:234,40,1,0
BRDA:31,41,0,0
BRDA:31,41,1,0
BRDA:31,41,2,0
BRDA:31,42,0,0
BRDA:31,42,1,0
BRF:98
BRH:0
end_of_record
TN:
SF:/Users/thiagolima/Documents/projetos/ibge/brasil/codigofonte/ClientApp/app/pesquisa2/pesquisa.component.ts
FN:24,(anonymous_2)
FN:43,PesquisaComponent2
FN:46,(anonymous_4)
FN:48,(anonymous_5)
FN:52,(anonymous_6)
FN:86,(anonymous_7)
FNF:6
FNH:0
FNDA:0,(anonymous_2)
FNDA:0,PesquisaComponent2
FNDA:0,(anonymous_4)
FNDA:0,(anonymous_5)
FNDA:0,(anonymous_6)
FNDA:0,(anonymous_7)
DA:1,0
DA:5,0
DA:9,0
DA:11,0
DA:12,0
DA:13,0
DA:14,0
DA:24,0
DA:26,0
DA:31,0
DA:32,0
DA:35,0
DA:39,0
DA:40,0
DA:41,0
DA:42,0
DA:43,0
DA:46,0
DA:48,0
DA:50,0
DA:51,0
DA:56,0
DA:58,0
DA:62,0
DA:67,0
DA:70,0
DA:73,0
DA:74,0
DA:76,0
DA:79,0
DA:86,0
DA:88,0
DA:90,0
LF:33
LH:0
BRDA:50,1,0,0
BRDA:50,1,1,0
BRDA:56,2,0,0
BRDA:56,2,1,0
BRDA:56,3,0,0
BRDA:56,3,1,0
BRDA:39,4,0,0
BRDA:39,4,1,0
BRDA:39,4,2,0
BRDA:39,5,0,0
BRDA:39,5,1,0
BRDA:40,6,0,0
BRDA:40,6,1,0
BRDA:40,6,2,0
BRDA:40,7,0,0
BRDA:40,7,1,0
BRDA:41,8,0,0
BRDA:41,8,1,0
BRDA:41,8,2,0
BRDA:41,9,0,0
BRDA:41,9,1,0
BRDA:42,10,0,0
BRDA:42,10,1,0
BRDA:42,10,2,0
BRDA:42,11,0,0
BRDA:42,11,1,0
BRF:26
BRH:0
end_of_record
TN:
SF:/Users/thiagolima/Documents/projetos/ibge/brasil/codigofonte/ClientApp/app/pesquisa2/pesquisa.module.ts
FN:20,(anonymous_1)
FN:20,PesquisaModule2
FNF:2
FNH:0
FNDA:0,(anonymous_1)
FNDA:0,PesquisaModule2
DA:1,0
DA:3,0
DA:4,0
DA:5,0
DA:6,0
DA:20,0
LF:6
LH:0
BRF:0
BRH:0
end_of_record
TN:
SF:/Users/thiagolima/Documents/projetos/ibge/brasil/codigofonte/ClientApp/app/root-routing.module.ts
FN:82,(anonymous_1)
FN:82,RootRoutingModule
FNF:2
FNH:0
FNDA:0,(anonymous_1)
FNDA:0,RootRoutingModule
DA:1,0
DA:2,0
DA:3,0
DA:4,0
DA:5,0
DA:7,0
DA:8,0
DA:9,0
DA:12,0
DA:13,0
DA:15,0
DA:82,0
LF:12
LH:0
BRF:0
BRH:0
end_of_record
TN:
SF:/Users/thiagolima/Documents/projetos/ibge/brasil/codigofonte/ClientApp/app/root.component.ts
FN:29,(anonymous_2)
FN:70,RootComponent
FN:47,(anonymous_4)
FN:55,(anonymous_5)
FN:73,(anonymous_6)
FN:75,(anonymous_7)
FN:84,(anonymous_8)
FN:96,(anonymous_9)
FN:112,(anonymous_10)
FN:131,(anonymous_11)
FN:135,(anonymous_12)
FN:141,(anonymous_13)
FN:146,(anonymous_14)
FNF:13
FNH:0
FNDA:0,(anonymous_2)
FNDA:0,RootComponent
FNDA:0,(anonymous_4)
FNDA:0,(anonymous_5)
FNDA:0,(anonymous_6)
FNDA:0,(anonymous_7)
FNDA:0,(anonymous_8)
FNDA:0,(anonymous_9)
FNDA:0,(anonymous_10)
FNDA:0,(anonymous_11)
FNDA:0,(anonymous_12)
FNDA:0,(anonymous_13)
FNDA:0,(anonymous_14)
DA:1,0
DA:2,0
DA:4,0
DA:6,0
DA:7,0
DA:8,0
DA:10,0
DA:16,0
DA:17,0
DA:29,0
DA:30,0
DA:32,0
DA:33,0
DA:35,0
DA:36,0
DA:37,0
DA:40,0
DA:43,0
DA:47,0
DA:48,0
DA:49,0
DA:50,0
DA:55,0
DA:56,0
DA:57,0
DA:60,0
DA:61,0
DA:66,0
DA:67,0
DA:68,0
DA:69,0
DA:70,0
DA:73,0
DA:74,0
DA:75,0
DA:76,0
DA:77,0
DA:78,0
DA:79,0
DA:81,0
DA:84,0
DA:96,0
DA:98,0
DA:99,0
DA:100,0
DA:101,0
DA:102,0
DA:103,0
DA:104,0
DA:105,0
DA:109,0
DA:112,0
DA:113,0
DA:114,0
DA:117,0
DA:118,0
DA:120,0
DA:121,0
DA:122,0
DA:131,0
DA:132,0
DA:135,0
DA:136,0
DA:141,0
DA:142,0
DA:143,0
DA:146,0
DA:147,0
DA:150,0
LF:69
LH:0
BRDA:48,1,0,0
BRDA:48,1,1,0
BRDA:56,2,0,0
BRDA:56,2,1,0
BRDA:56,3,0,0
BRDA:56,3,1,0
BRDA:56,3,2,0
BRDA:60,4,0,0
BRDA:60,4,1,0
BRDA:78,5,0,0
BRDA:78,5,1,0
BRDA:79,6,0,0
BRDA:79,6,1,0
BRDA:79,7,0,0
BRDA:79,7,1,0
BRDA:98,8,0,0
BRDA:98,8,1,0
BRDA:100,9,0,0
BRDA:100,9,1,0
BRDA:102,10,0,0
BRDA:102,10,1,0
BRDA:104,11,0,0
BRDA:104,11,1,0
BRDA:113,12,0,0
BRDA:113,12,1,0
BRDA:117,13,0,0
BRDA:117,13,1,0
BRDA:121,14,0,0
BRDA:121,14,1,0
BRDA:137,15,0,0
BRDA:137,15,1,0
BRDA:66,16,0,0
BRDA:66,16,1,0
BRDA:66,16,2,0
BRDA:66,17,0,0
BRDA:66,17,1,0
BRDA:67,18,0,0
BRDA:67,18,1,0
BRDA:67,18,2,0
BRDA:67,19,0,0
BRDA:67,19,1,0
BRDA:68,20,0,0
BRDA:68,20,1,0
BRDA:68,20,2,0
BRDA:68,21,0,0
BRDA:68,21,1,0
BRDA:69,22,0,0
BRDA:69,22,1,0
BRDA:69,22,2,0
BRDA:69,23,0,0
BRDA:69,23,1,0
BRF:51
BRH:0
end_of_record
TN:
SF:/Users/thiagolima/Documents/projetos/ibge/brasil/codigofonte/ClientApp/app/root.module.ts
FN:56,(anonymous_1)
FN:56,RootModule
FNF:2
FNH:0
FNDA:0,(anonymous_1)
FNDA:0,RootModule
DA:1,0
DA:2,0
DA:3,0
DA:5,0
DA:7,0
DA:8,0
DA:10,0
DA:11,0
DA:12,0
DA:13,0
DA:14,0
DA:16,0
DA:17,0
DA:19,0
DA:20,0
DA:21,0
DA:23,0
DA:25,0
DA:56,0
LF:19
LH:0
BRF:0
BRH:0
end_of_record
TN:
SF:/Users/thiagolima/Documents/projetos/ibge/brasil/codigofonte/ClientApp/app/sandbox/sandbox.component.ts
FN:12,(anonymous_2)
FN:32,SandboxComponent
FN:45,(anonymous_4)
FNF:3
FNH:0
FNDA:0,(anonymous_2)
FNDA:0,SandboxComponent
FNDA:0,(anonymous_4)
DA:1,0
DA:3,0
DA:12,0
DA:14,0
DA:32,0
DA:45,0
DA:54,0
LF:7
LH:0
BRF:0
BRH:0
end_of_record
TN:
SF:/Users/thiagolima/Documents/projetos/ibge/brasil/codigofonte/ClientApp/app/sandbox/sandbox.module.ts
FN:19,(anonymous_1)
FN:19,SandboxModule
FNF:2
FNH:0
FNDA:0,(anonymous_1)
FNDA:0,SandboxModule
DA:1,0
DA:4,0
DA:5,0
DA:6,0
DA:19,0
LF:5
LH:0
BRF:0
BRH:0
end_of_record
TN:
SF:/Users/thiagolima/Documents/projetos/ibge/brasil/codigofonte/ClientApp/app/shared/cache.service.ts
FN:4,(anonymous_4)
FN:7,CacheService
FN:14,(anonymous_6)
FN:22,(anonymous_7)
FN:30,(anonymous_8)
FN:38,(anonymous_9)
FN:45,(anonymous_10)
FN:47,(anonymous_11)
FN:54,(anonymous_12)
FN:55,(anonymous_13)
FN:65,(anonymous_14)
FN:72,(anonymous_15)
FN:80,(anonymous_16)
FNF:13
FNH:0
FNDA:0,(anonymous_4)
FNDA:0,CacheService
FNDA:0,(anonymous_6)
FNDA:0,(anonymous_7)
FNDA:0,(anonymous_8)
FNDA:0,(anonymous_9)
FNDA:0,(anonymous_10)
FNDA:0,(anonymous_11)
FNDA:0,(anonymous_12)
FNDA:0,(anonymous_13)
FNDA:0,(anonymous_14)
FNDA:0,(anonymous_15)
FNDA:0,(anonymous_16)
DA:1,0
DA:4,0
DA:5,0
DA:7,0
DA:14,0
DA:15,0
DA:16,0
DA:22,0
DA:23,0
DA:24,0
DA:30,0
DA:31,0
DA:32,0
DA:38,0
DA:39,0
DA:45,0
DA:46,0
DA:47,0
DA:48,0
DA:54,0
DA:55,0
DA:56,0
DA:57,0
DA:58,0
DA:65,0
DA:66,0
DA:72,0
DA:73,0
DA:74,0
DA:77,0
DA:80,0
DA:81,0
DA:88,0
LF:33
LH:0
BRDA:73,1,0,0
BRDA:73,1,1,0
BRDA:73,2,0,0
BRDA:73,2,1,0
BRDA:81,3,0,0
BRDA:81,3,1,0
BRDA:81,3,2,0
BRDA:81,3,3,0
BRDA:81,3,4,0
BRDA:81,3,5,0
BRF:10
BRH:0
end_of_record
TN:
SF:/Users/thiagolima/Documents/projetos/ibge/brasil/codigofonte/ClientApp/app/shared/common.service.ts
FN:5,(anonymous_2)
FN:14,CommonService
FN:16,(anonymous_4)
FNF:3
FNH:0
FNDA:0,(anonymous_2)
FNDA:0,CommonService
FNDA:0,(anonymous_4)
DA:1,0
DA:2,0
DA:5,0
DA:7,0
DA:12,0
DA:16,0
DA:18,0
DA:19,0
DA:22,0
LF:9
LH:0
BRDA:18,1,0,0
BRDA:18,1,1,0
BRF:2
BRH:0
end_of_record
TN:
SF:/Users/thiagolima/Documents/projetos/ibge/brasil/codigofonte/ClientApp/app/shared/foto.service.ts
FN:4,(anonymous_1)
FN:4,FotosService
FNF:2
FNH:0
FNDA:0,(anonymous_1)
FNDA:0,FotosService
DA:1,0
DA:4,0
DA:6,0
LF:3
LH:0
BRF:0
BRH:0
end_of_record
TN:
SF:/Users/thiagolima/Documents/projetos/ibge/brasil/codigofonte/ClientApp/app/shared/is-mobile.service.ts
FN:5,(anonymous_2)
FN:16,IsMobileService
FN:22,(anonymous_4)
FN:26,(anonymous_5)
FN:31,(anonymous_6)
FN:36,(anonymous_7)
FN:41,(anonymous_8)
FN:46,(anonymous_9)
FN:51,(anonymous_10)
FNF:9
FNH:0
FNDA:0,(anonymous_2)
FNDA:0,IsMobileService
FNDA:0,(anonymous_4)
FNDA:0,(anonymous_5)
FNDA:0,(anonymous_6)
FNDA:0,(anonymous_7)
FNDA:0,(anonymous_8)
FNDA:0,(anonymous_9)
FNDA:0,(anonymous_10)
DA:1,0
DA:2,0
DA:5,0
DA:7,0
DA:8,0
DA:9,0
DA:10,0
DA:11,0
DA:14,0
DA:17,0
DA:18,0
DA:22,0
DA:23,0
DA:26,0
DA:27,0
DA:28,0
DA:31,0
DA:32,0
DA:33,0
DA:36,0
DA:37,0
DA:38,0
DA:41,0
DA:42,0
DA:43,0
DA:46,0
DA:47,0
DA:48,0
DA:51,0
DA:52,0
DA:55,0
LF:31
LH:0
BRDA:17,1,0,0
BRDA:17,1,1,0
BRDA:23,2,0,0
BRDA:23,2,1,0
BRDA:27,3,0,0
BRDA:27,3,1,0
BRDA:32,4,0,0
BRDA:32,4,1,0
BRDA:37,5,0,0
BRDA:37,5,1,0
BRDA:42,6,0,0
BRDA:42,6,1,0
BRDA:47,7,0,0
BRDA:47,7,1,0
BRDA:47,8,0,0
BRDA:47,8,1,0
BRDA:52,9,0,0
BRDA:52,9,1,0
BRDA:52,9,2,0
BRDA:52,9,3,0
BRDA:52,9,4,0
BRF:21
BRH:0
end_of_record
TN:
SF:/Users/thiagolima/Documents/projetos/ibge/brasil/codigofonte/ClientApp/app/shared/qrcode/qrcode.component.ts
FN:13,(anonymous_2)
FN:22,QRCodeComponent
FN:25,(anonymous_4)
FN:26,(anonymous_5)
FNF:4
FNH:0
FNDA:0,(anonymous_2)
FNDA:0,QRCodeComponent
FNDA:0,(anonymous_4)
FNDA:0,(anonymous_5)
DA:1,0
DA:3,0
DA:5,0
DA:13,0
DA:14,0
DA:16,0
DA:17,0
DA:19,0
DA:22,0
DA:25,0
DA:26,0
DA:27,0
DA:28,0
DA:32,0
LF:14
LH:0
BRDA:27,1,0,0
BRDA:27,1,1,0
BRF:2
BRH:0
end_of_record
TN:
SF:/Users/thiagolima/Documents/projetos/ibge/brasil/codigofonte/ClientApp/app/shared/resultado.pipe.ts
FN:20,(anonymous_1)
FN:20,ResultadoPipe
FN:21,(anonymous_3)
FN:81,(anonymous_4)
FN:93,(anonymous_5)
FNF:5
FNH:0
FNDA:0,(anonymous_1)
FNDA:0,ResultadoPipe
FNDA:0,(anonymous_3)
FNDA:0,(anonymous_4)
FNDA:0,(anonymous_5)
DA:1,0
DA:20,0
DA:21,0
DA:57,0
DA:59,0
DA:61,0
DA:63,0
DA:65,0
DA:67,0
DA:69,0
DA:71,0
DA:76,0
DA:79,0
DA:80,0
DA:81,0
DA:83,0
DA:85,0
DA:86,0
DA:87,0
DA:89,0
DA:93,0
DA:94,0
DA:95,0
DA:96,0
DA:97,0
DA:98,0
DA:99,0
DA:101,0
DA:103,0
LF:29
LH:0
BRDA:59,1,0,0
BRDA:59,1,1,0
BRDA:59,2,0,0
BRDA:59,2,1,0
BRDA:59,3,0,0
BRDA:59,3,1,0
BRDA:62,4,0,0
BRDA:62,4,1,0
BRDA:62,4,2,0
BRDA:62,4,3,0
BRDA:62,4,4,0
BRDA:62,4,5,0
BRDA:62,4,6,0
BRDA:62,4,7,0
BRDA:62,4,8,0
BRDA:62,4,9,0
BRDA:79,5,0,0
BRDA:79,5,1,0
BRDA:81,6,0,0
BRDA:81,6,1,0
BRDA:83,7,0,0
BRDA:83,7,1,0
BRDA:87,8,0,0
BRDA:87,8,1,0
BRDA:93,9,0,0
BRDA:93,9,1,0
BRDA:98,10,0,0
BRDA:98,10,1,0
BRF:28
BRH:0
end_of_record
TN:
SF:/Users/thiagolima/Documents/projetos/ibge/brasil/codigofonte/ClientApp/app/shared/router-params.service.ts
FN:12,(anonymous_2)
FN:18,RouterParamsService
FN:21,(anonymous_4)
FN:23,(anonymous_5)
FN:24,(anonymous_6)
FN:34,(anonymous_7)
FN:36,(anonymous_8)
FN:45,(anonymous_9)
FN:46,(anonymous_10)
FN:49,(anonymous_11)
FN:57,(anonymous_12)
FNF:11
FNH:0
FNDA:0,(anonymous_2)
FNDA:0,RouterParamsService
FNDA:0,(anonymous_4)
FNDA:0,(anonymous_5)
FNDA:0,(anonymous_6)
FNDA:0,(anonymous_7)
FNDA:0,(anonymous_8)
FNDA:0,(anonymous_9)
FNDA:0,(anonymous_10)
FNDA:0,(anonymous_11)
FNDA:0,(anonymous_12)
DA:1,0
DA:2,0
DA:3,0
DA:6,0
DA:7,0
DA:8,0
DA:9,0
DA:12,0
DA:16,0
DA:17,0
DA:18,0
DA:20,0
DA:21,0
DA:23,0
DA:26,0
DA:27,0
DA:33,0
DA:34,0
DA:37,0
DA:38,0
DA:39,0
DA:45,0
DA:46,0
DA:49,0
DA:50,0
DA:55,0
DA:57,0
DA:58,0
DA:59,0
DA:60,0
DA:62,0
DA:64,0
DA:67,0
LF:33
LH:0
BRDA:26,1,0,0
BRDA:26,1,1,0
BRDA:37,2,0,0
BRDA:37,2,1,0
BRDA:37,3,0,0
BRDA:37,3,1,0
BRDA:45,4,0,0
BRDA:45,4,1,0
BRDA:46,5,0,0
BRDA:46,5,1,0
BRDA:49,6,0,0
BRDA:49,6,1,0
BRDA:49,7,0,0
BRDA:49,7,1,0
BRDA:49,8,0,0
BRDA:49,8,1,0
BRDA:55,9,0,0
BRDA:55,9,1,0
BRDA:17,10,0,0
BRDA:17,10,1,0
BRDA:17,10,2,0
BRDA:17,11,0,0
BRDA:17,11,1,0
BRF:23
BRH:0
end_of_record
TN:
SF:/Users/thiagolima/Documents/projetos/ibge/brasil/codigofonte/ClientApp/app/shared/shared.module.ts
FN:18,getLRU
FN:66,(anonymous_2)
FN:66,SharedModule
FN:67,(anonymous_4)
FNF:4
FNH:0
FNDA:0,getLRU
FNDA:0,(anonymous_2)
FNDA:0,SharedModule
FNDA:0,(anonymous_4)
DA:1,0
DA:2,0
DA:3,0
DA:4,0
DA:6,0
DA:7,0
DA:10,0
DA:11,0
DA:12,0
DA:13,0
DA:14,0
DA:15,0
DA:16,0
DA:18,0
DA:19,0
DA:22,0
DA:31,0
DA:36,0
DA:41,0
DA:66,0
DA:67,0
DA:68,0
DA:75,0
LF:23
LH:0
BRF:0
BRH:0
end_of_record
TN:
SF:/Users/thiagolima/Documents/projetos/ibge/brasil/codigofonte/ClientApp/app/shared/system-cache.service.ts
FN:85,(anonymous_4)
FN:89,SystemCacheService
FN:93,(anonymous_6)
FN:95,(anonymous_7)
FN:96,(anonymous_8)
FN:97,(anonymous_9)
FN:98,(anonymous_10)
FN:99,(anonymous_11)
FN:100,(anonymous_12)
FN:102,(anonymous_13)
FN:105,(anonymous_14)
FN:109,(anonymous_15)
FN:110,(anonymous_16)
FN:112,(anonymous_17)
FN:120,(anonymous_18)
FN:121,(anonymous_19)
FN:126,(anonymous_20)
FN:130,(anonymous_21)
FN:137,(anonymous_22)
FN:141,(anonymous_23)
FN:142,(anonymous_24)
FN:146,(anonymous_25)
FN:159,(anonymous_26)
FN:166,(anonymous_27)
FN:174,(anonymous_28)
FN:182,(anonymous_29)
FN:192,(anonymous_30)
FN:199,(anonymous_31)
FN:201,(anonymous_32)
FN:208,(anonymous_33)
FN:209,(anonymous_34)
FN:215,(anonymous_35)
FN:216,(anonymous_36)
FN:251,(anonymous_37)
FN:258,(anonymous_38)
FN:266,(anonymous_39)
FNF:36
FNH:0
FNDA:0,(anonymous_4)
FNDA:0,SystemCacheService
FNDA:0,(anonymous_6)
FNDA:0,(anonymous_7)
FNDA:0,(anonymous_8)
FNDA:0,(anonymous_9)
FNDA:0,(anonymous_10)
FNDA:0,(anonymous_11)
FNDA:0,(anonymous_12)
FNDA:0,(anonymous_13)
FNDA:0,(anonymous_14)
FNDA:0,(anonymous_15)
FNDA:0,(anonymous_16)
FNDA:0,(anonymous_17)
FNDA:0,(anonymous_18)
FNDA:0,(anonymous_19)
FNDA:0,(anonymous_20)
FNDA:0,(anonymous_21)
FNDA:0,(anonymous_22)
FNDA:0,(anonymous_23)
FNDA:0,(anonymous_24)
FNDA:0,(anonymous_25)
FNDA:0,(anonymous_26)
FNDA:0,(anonymous_27)
FNDA:0,(anonymous_28)
FNDA:0,(anonymous_29)
FNDA:0,(anonymous_30)
FNDA:0,(anonymous_31)
FNDA:0,(anonymous_32)
FNDA:0,(anonymous_33)
FNDA:0,(anonymous_34)
FNDA:0,(anonymous_35)
FNDA:0,(anonymous_36)
FNDA:0,(anonymous_37)
FNDA:0,(anonymous_38)
FNDA:0,(anonymous_39)
DA:1,0
DA:4,0
DA:5,0
DA:10,0
DA:85,0
DA:86,0
DA:89,0
DA:92,0
DA:93,0
DA:95,0
DA:96,0
DA:97,0
DA:98,0
DA:99,0
DA:100,0
DA:102,0
DA:105,0
DA:106,0
DA:107,0
DA:109,0
DA:110,0
DA:111,0
DA:112,0
DA:114,0
DA:117,0
DA:120,0
DA:121,0
DA:126,0
DA:127,0
DA:130,0
DA:131,0
DA:137,0
DA:138,0
DA:141,0
DA:142,0
DA:146,0
DA:147,0
DA:149,0
DA:150,0
DA:152,0
DA:159,0
DA:160,0
DA:166,0
DA:167,0
DA:168,0
DA:174,0
DA:175,0
DA:176,0
DA:182,0
DA:183,0
DA:184,0
DA:186,0
DA:192,0
DA:193,0
DA:199,0
DA:200,0
DA:201,0
DA:202,0
DA:208,0
DA:209,0
DA:210,0
DA:211,0
DA:212,0
DA:215,0
DA:216,0
DA:217,0
DA:218,0
DA:219,0
DA:221,0
DA:223,0
DA:224,0
DA:227,0
DA:238,0
DA:239,0
DA:242,0
DA:243,0
DA:251,0
DA:252,0
DA:258,0
DA:259,0
DA:260,0
DA:263,0
DA:266,0
DA:267,0
DA:274,0
LF:85
LH:0
BRDA:110,1,0,0
BRDA:110,1,1,0
BRDA:111,2,0,0
BRDA:111,2,1,0
BRDA:112,3,0,0
BRDA:112,3,1,0
BRDA:114,4,0,0
BRDA:114,4,1,0
BRDA:149,5,0,0
BRDA:149,5,1,0
BRDA:222,6,0,0
BRDA:222,6,1,0
BRDA:222,6,2,0
BRDA:259,7,0,0
BRDA:259,7,1,0
BRDA:259,8,0,0
BRDA:259,8,1,0
BRDA:267,9,0,0
BRDA:267,9,1,0
BRDA:267,9,2,0
BRDA:267,9,3,0
BRDA:267,9,4,0
BRDA:267,9,5,0
BRF:23
BRH:0
end_of_record
TN:
SF:/Users/thiagolima/Documents/projetos/ibge/brasil/codigofonte/ClientApp/app/shared/topojson.v2.ts
FN:10,(anonymous_0)
FN:14,(anonymous_1)
FN:23,(anonymous_2)
FN:31,(anonymous_3)
FN:34,bboxPoint
FN:42,bboxGeometry
FN:54,(anonymous_6)
FN:75,(anonymous_7)
FN:80,(anonymous_8)
FN:82,(anonymous_9)
FN:86,feature$1
FN:96,object
FN:100,arc
FN:108,point
FN:112,line
FN:119,ring
FN:125,polygon
FN:129,geometry
FN:147,(anonymous_18)
FN:155,(anonymous_19)
FN:162,(anonymous_20)
FN:196,ends
FN:198,(anonymous_22)
FN:203,flush
FN:209,(anonymous_24)
FN:216,(anonymous_25)
FN:221,(anonymous_26)
FN:225,meshArcs
FN:232,extractArcs
FN:237,extract0
FN:242,extract1
FN:246,extract2
FN:250,extract3
FN:254,geometry
FN:266,(anonymous_34)
FN:267,(anonymous_35)
FN:272,planarRingArea
FN:278,(anonymous_37)
FN:282,mergeArcs
FN:289,geometry
FN:297,extract
FN:298,(anonymous_41)
[...]
FN:320,(anonymous_48)
FN:335,(anonymous_49)
FN:336,(anonymous_50)
FN:341,(anonymous_51)
FN:344,(anonymous_52)
FN:348,(anonymous_53)
FN:378,(anonymous_54)
FN:381,(anonymous_55)
FN:390,(anonymous_56)
FN:399,(anonymous_57)
FN:401,(anonymous_58)
FN:405,(anonymous_59)
FN:405,(anonymous_60)
FN:407,(anonymous_61)
FN:408,(anonymous_62)
FNF:61
FNH:0
FNDA:0,(anonymous_2)
FNDA:0,SinteseService
FNDA:0,(anonymous_4)
FNDA:0,(anonymous_5)
FNDA:0,(anonymous_6)
FNDA:0,(anonymous_7)
FNDA:0,(anonymous_8)
FNDA:0,(anonymous_9)
FNDA:0,(anonymous_10)
FNDA:0,(anonymous_11)
FNDA:0,(anonymous_12)
FNDA:0,(anonymous_13)
FNDA:0,(anonymous_14)
FNDA:0,(anonymous_15)
FNDA:0,(anonymous_16)
FNDA:0,(anonymous_17)
FNDA:0,(anonymous_18)
FNDA:0,(anonymous_19)
FNDA:0,(anonymous_20)
FNDA:0,(anonymous_21)
FNDA:0,(anonymous_22)
FNDA:0,(anonymous_23)
FNDA:0,(anonymous_24)
FNDA:0,(anonymous_25)
FNDA:0,(anonymous_26)
FNDA:0,(anonymous_27)
FNDA:0,(anonymous_28)
FNDA:0,(anonymous_29)
FNDA:0,(anonymous_30)
FNDA:0,(anonymous_31)
FNDA:0,(anonymous_32)
FNDA:0,(anonymous_33)
FNDA:0,(anonymous_34)
FNDA:0,(anonymous_35)
FNDA:0,(anonymous_36)
FNDA:0,(anonymous_37)
FNDA:0,(anonymous_38)
FNDA:0,(anonymous_39)
FNDA:0,(anonymous_40)
FNDA:0,(anonymous_41)
FNDA:0,(anonymous_42)
FNDA:0,(anonymous_43)
FNDA:0,(anonymous_44)
FNDA:0,(anonymous_45)
FNDA:0,(anonymous_46)
FNDA:0,(anonymous_47)
FNDA:0,(anonymous_48)
FNDA:0,(anonymous_49)
FNDA:0,(anonymous_50)
FNDA:0,(anonymous_51)
FNDA:0,(anonymous_52)
FNDA:0,(anonymous_53)
FNDA:0,(anonymous_54)
FNDA:0,(anonymous_55)
FNDA:0,(anonymous_56)
FNDA:0,(anonymous_57)
FNDA:0,(anonymous_58)
FNDA:0,(anonymous_59)
FNDA:0,(anonymous_60)
FNDA:0,(anonymous_61)
FNDA:0,(anonymous_62)
DA:1,0
DA:2,0
DA:4,0
DA:5,0
DA:8,0
DA:9,0
DA:10,0
DA:11,0
DA:19,0
DA:22,0
DA:25,0
DA:26,0
DA:40,0
DA:42,0
DA:43,0
DA:46,0
DA:57,0
DA:59,0
DA:61,0
DA:64,0
DA:66,0
DA:68,0
DA:69,0
DA:72,0
DA:74,0
DA:75,0
DA:77,0
DA:79,0
DA:82,0
DA:86,0
DA:98,0
DA:100,0
DA:102,0
DA:104,0
DA:105,0
DA:108,0
DA:110,0
DA:111,0
DA:113,0
DA:115,0
DA:118,0
DA:122,0
DA:133,0
DA:134,0
DA:138,0
DA:140,0
DA:142,0
DA:145,0
DA:147,0
DA:148,0
DA:151,0
DA:164,0
DA:166,0
DA:167,0
DA:170,0
DA:172,0
DA:176,0
DA:178,0
DA:179,0
DA:181,0
DA:183,0
DA:191,0
DA:193,0
DA:195,0
DA:198,0
DA:202,0
DA:203,0
DA:206,0
DA:210,0
DA:219,0
DA:221,0
DA:223,0
DA:226,0
DA:228,0
DA:233,0
DA:235,0
DA:237,0
DA:239,0
DA:241,0
DA:246,0
DA:248,0
DA:250,0
DA:251,0
DA:252,0
DA:254,0
DA:256,0
DA:269,0
DA:271,0
DA:281,0
DA:282,0
DA:298,0
DA:299,0
DA:300,0
DA:303,0
DA:305,0
DA:315,0
DA:316,0
DA:317,0
DA:318,0
DA:321,0
DA:322,0
DA:326,0
DA:335,0
DA:336,0
DA:337,0
DA:338,0
DA:339,0
DA:341,0
DA:342,0
DA:343,0
DA:344,0
DA:345,0
DA:346,0
DA:347,0
DA:348,0
DA:349,0
DA:350,0
DA:351,0
DA:352,0
DA:359,0
DA:361,0
DA:366,0
DA:376,0
DA:378,0
DA:379,0
DA:380,0
DA:381,0
DA:382,0
DA:384,0
DA:385,0
DA:388,0
DA:391,0
DA:392,0
DA:399,0
DA:401,0
DA:402,0
DA:403,0
DA:405,0
DA:407,0
DA:408,0
DA:409,0
DA:415,0
DA:421,0
LF:143
LH:0
BRDA:48,1,0,0
BRDA:48,1,1,0
BRDA:57,2,0,0
BRDA:57,2,1,0
BRDA:64,3,0,0
BRDA:64,3,1,0
BRDA:79,4,0,0
BRDA:79,4,1,0
BRDA:98,5,0,0
BRDA:98,5,1,0
BRDA:102,6,0,0
BRDA:102,6,1,0
BRDA:115,7,0,0
BRDA:115,7,1,0
BRDA:133,8,0,0
BRDA:133,8,1,0
BRDA:134,9,0,0
BRDA:134,9,1,0
BRDA:147,10,0,0
BRDA:147,10,1,0
BRDA:164,11,0,0
BRDA:164,11,1,0
BRDA:176,12,0,0
BRDA:176,12,1,0
BRDA:176,13,0,0
BRDA:176,13,1,0
BRDA:176,14,0,0
BRDA:176,14,1,0
BRDA:176,15,0,0
BRDA:176,15,1,0
BRDA:212,16,0,0
BRDA:212,16,1,0
BRDA:213,17,0,0
BRDA:213,17,1,0
BRDA:214,18,0,0
BRDA:214,18,1,0
BRDA:239,19,0,0
BRDA:239,19,1,0
BRDA:254,20,0,0
BRDA:254,20,1,0
BRDA:299,21,0,0
BRDA:299,21,1,0
BRDA:300,22,0,0
BRDA:300,22,1,0
BRDA:303,23,0,0
BRDA:303,23,1,0
BRDA:316,24,0,0
BRDA:316,24,1,0
BRDA:316,25,0,0
BRDA:316,25,1,0
BRDA:323,26,0,0
BRDA:323,26,1,0
BRDA:351,27,0,0
BRDA:351,27,1,0
BRDA:25,28,0,0
BRDA:25,28,1,0
BRDA:25,28,2,0
BRDA:25,29,0,0
BRDA:25,29,1,0
BRF:59
BRH:0
end_of_record
TN:
SF:/Users/thiagolima/Documents/projetos/ibge/brasil/codigofonte/ClientApp/app/submenu/submenu.component.ts
FN:15,(anonymous_2)
FN:34,SubmenuComponent
FN:37,(anonymous_4)
FN:41,(anonymous_5)
FN:41,(anonymous_6)
FN:42,(anonymous_7)
FN:45,(anonymous_8)
FN:57,(anonymous_9)
FN:61,(anonymous_10)
FN:65,(anonymous_11)
FNF:10
FNH:0
FNDA:0,(anonymous_2)
FNDA:0,SubmenuComponent
FNDA:0,(anonymous_4)
FNDA:0,(anonymous_5)
FNDA:0,(anonymous_6)
FNDA:0,(anonymous_7)
FNDA:0,(anonymous_8)
FNDA:0,(anonymous_9)
FNDA:0,(anonymous_10)
FNDA:0,(anonymous_11)
DA:1,0
DA:2,0
DA:5,0
DA:6,0
DA:7,0
DA:15,0
DA:17,0
DA:20,0
DA:24,0
DA:28,0
DA:29,0
DA:32,0
DA:33,0
DA:34,0
DA:37,0
DA:40,0
DA:41,0
DA:42,0
DA:45,0
DA:47,0
DA:48,0
DA:51,0
DA:52,0
DA:54,0
DA:57,0
DA:58,0
DA:61,0
DA:62,0
DA:63,0
DA:65,0
DA:66,0
DA:67,0
DA:68,0
DA:74,0
LF:34
LH:0
BRDA:41,1,0,0
BRDA:41,1,1,0
BRDA:51,2,0,0
BRDA:51,2,1,0
BRDA:51,3,0,0
BRDA:51,3,1,0
BRDA:66,4,0,0
BRDA:66,4,1,0
BRDA:32,5,0,0
BRDA:32,5,1,0
BRDA:32,5,2,0
BRDA:32,6,0,0
BRDA:32,6,1,0
BRDA:33,7,0,0
BRDA:33,7,1,0
BRDA:33,7,2,0
BRDA:33,8,0,0
BRDA:33,8,1,0
BRF:18
BRH:0
end_of_record
TN:
SF:/Users/thiagolima/Documents/projetos/ibge/brasil/codigofonte/ClientApp/app/utils/flatFunctions.ts
FN:4,flatTree
FN:6,(anonymous_1)
FN:11,(anonymous_2)
FN:16,flatMap
FN:19,flat
FN:22,reduceOnTree
FN:24,(anonymous_6)
FN:26,(anonymous_7)
FNF:8
FNH:0
FNDA:0,flatTree
FNDA:0,(anonymous_1)
FNDA:0,(anonymous_2)
FNDA:0,flatMap
FNDA:0,flat
FNDA:0,reduceOnTree
FNDA:0,(anonymous_6)
FNDA:0,(anonymous_7)
DA:4,0
DA:5,0
DA:6,0
DA:8,0
DA:10,0
DA:11,0
DA:14,0
DA:16,0
DA:17,0
DA:19,0
DA:20,0
DA:22,0
DA:23,0
DA:24,0
DA:25,0
DA:26,0
LF:16
LH:0
BRDA:4,1,0,0
BRDA:4,1,1,0
BRDA:5,2,0,0
BRDA:5,2,1,0
BRDA:10,3,0,0
BRDA:10,3,1,0
BRDA:10,4,0,0
BRDA:10,4,1,0
BRDA:23,5,0,0
BRDA:23,5,1,0
BRDA:28,6,0,0
BRDA:28,6,1,0
BRF:12
BRH:0
end_of_record
TN:
SF:/Users/thiagolima/Documents/projetos/ibge/brasil/codigofonte/ClientApp/app/utils/loadChildrenModule.ts
FN:1,(anonymous_0)
FN:6,(anonymous_1)
FN:7,(anonymous_2)
FN:9,(anonymous_3)
FN:15,_filepath
FN:18,_filepathAOT
FN:22,_module
FN:25,_moduleAOT
FNF:8
FNH:0
FNDA:0,(anonymous_0)
FNDA:0,(anonymous_1)
FNDA:0,(anonymous_2)
FNDA:0,(anonymous_3)
FNDA:0,_filepath
FNDA:0,_filepathAOT
FNDA:0,_module
FNDA:0,_moduleAOT
DA:1,0
DA:3,0
DA:4,0
DA:6,0
DA:7,0
DA:8,0
DA:9,0
DA:16,0
DA:19,0
DA:23,0
DA:26,0
LF:11
LH:0
BRDA:3,1,0,0
BRDA:3,1,1,0
BRDA:4,2,0,0
BRDA:4,2,1,0
BRF:4
BRH:0
end_of_record
TN:
SF:/Users/thiagolima/Documents/projetos/ibge/brasil/codigofonte/ClientApp/app/utils/range.ts
FN:1,range
FNF:1
FNH:0
FNDA:0,range
DA:1,0
DA:2,0
DA:3,0
DA:5,0
DA:6,0
DA:9,0
DA:10,0
DA:11,0
DA:14,0
DA:15,0
DA:16,0
DA:17,0
DA:20,0
LF:13
LH:0
BRDA:1,1,0,0
BRDA:1,1,1,0
BRDA:2,2,0,0
BRDA:2,2,1,0
BRDA:3,3,0,0
BRDA:3,3,1,0
BRDA:5,4,0,0
BRDA:5,4,1,0
BRDA:5,5,0,0
BRDA:5,5,1,0
BRDA:5,5,2,0
BRDA:10,6,0,0
BRDA:10,6,1,0
BRDA:15,7,0,0
BRDA:15,7,1,0
BRF:15
BRH:0
end_of_record
TN:
SF:/Users/thiagolima/Documents/projetos/ibge/brasil/codigofonte/ClientApp/app/utils/resultado.pipe.ts
FN:20,(anonymous_1)
FN:20,ResultadoPipe
FN:21,(anonymous_3)
FN:83,(anonymous_4)
FN:95,(anonymous_5)
FNF:5
FNH:0
FNDA:0,(anonymous_1)
FNDA:0,ResultadoPipe
FNDA:0,(anonymous_3)
FNDA:0,(anonymous_4)
FNDA:0,(anonymous_5)
DA:1,0
DA:20,0
DA:21,0
DA:57,0
DA:61,0
DA:63,0
DA:65,0
DA:67,0
DA:69,0
DA:71,0
DA:73,0
DA:78,0
DA:81,0
DA:82,0
DA:83,0
DA:85,0
DA:87,0
DA:88,0
DA:89,0
DA:91,0
DA:95,0
DA:96,0
DA:97,0
DA:98,0
DA:99,0
DA:100,0
DA:101,0
DA:103,0
DA:105,0
LF:29
LH:0
BRDA:61,1,0,0
BRDA:61,1,1,0
BRDA:61,2,0,0
BRDA:61,2,1,0
BRDA:61,3,0,0
BRDA:61,3,1,0
BRDA:64,4,0,0
BRDA:64,4,1,0
BRDA:64,4,2,0
BRDA:64,4,3,0
BRDA:64,4,4,0
BRDA:64,4,5,0
BRDA:64,4,6,0
BRDA:64,4,7,0
BRDA:64,4,8,0
BRDA:64,4,9,0
BRDA:81,5,0,0
BRDA:81,5,1,0
BRDA:83,6,0,0
BRDA:83,6,1,0
BRDA:85,7,0,0
BRDA:85,7,1,0
BRDA:89,8,0,0
BRDA:89,8,1,0
BRDA:95,9,0,0
BRDA:95,9,1,0
BRDA:100,10,0,0
BRDA:100,10,1,0
BRF:28
BRH:0
end_of_record
TN:
SF:/Users/thiagolima/Documents/projetos/ibge/brasil/codigofonte/ClientApp/app/utils/slug.ts
FN:1,slugify
FN:136,symbols
FN:140,(anonymous_2)
FN:144,makeSlug
FN:151,(anonymous_4)
FN:157,(anonymous_5)
FN:165,(anonymous_6)
FNF:7
FNH:0
FNDA:0,slugify
FNDA:0,symbols
FNDA:0,(anonymous_2)
FNDA:0,makeSlug
FNDA:0,(anonymous_4)
FNDA:0,(anonymous_5)
FNDA:0,(anonymous_6)
DA:1,0
DA:3,0
DA:13,0
DA:23,0
DA:25,0
DA:30,0
DA:117,0
DA:137,0
DA:138,0
DA:139,0
DA:140,0
DA:141,0
DA:145,0
DA:146,0
DA:147,0
DA:148,0
DA:149,0
DA:150,0
DA:151,0
DA:152,0
DA:154,0
DA:155,0
DA:156,0
DA:157,0
DA:158,0
DA:159,0
DA:160,0
DA:162,0
DA:163,0
DA:164,0
DA:165,0
DA:166,0
DA:167,0
DA:168,0
DA:169,0
DA:170,0
DA:171,0
DA:173,0
DA:174,0
DA:175,0
DA:177,0
DA:179,0
DA:180,0
DA:181,0
DA:182,0
DA:184,0
DA:187,0
DA:188,0
DA:189,0
DA:191,0
DA:192,0
DA:193,0
DA:194,0
DA:195,0
DA:196,0
LF:55
LH:0
BRDA:137,1,0,0
BRDA:137,1,1,0
BRDA:146,2,0,0
BRDA:146,2,1,0
BRDA:148,3,0,0
BRDA:148,3,1,0
BRDA:149,4,0,0
BRDA:149,4,1,0
BRDA:152,5,0,0
BRDA:152,5,1,0
BRDA:154,6,0,0
BRDA:154,6,1,0
BRDA:159,7,0,0
BRDA:159,7,1,0
BRDA:165,8,0,0
BRDA:165,8,1,0
BRDA:167,9,0,0
BRDA:167,9,1,0
BRDA:173,10,0,0
BRDA:173,10,1,0
BRDA:179,11,0,0
BRDA:179,11,1,0
BRDA:179,12,0,0
BRDA:179,12,1,0
BRDA:188,13,0,0
BRDA:188,13,1,0
BRDA:194,14,0,0
BRDA:194,14,1,0
BRF:28
BRH:0
end_of_record
TN:
SF:/Users/thiagolima/Documents/projetos/ibge/brasil/codigofonte/ClientApp/app/utils/unicodeSo.ts
FNF:0
FNH:0
DA:1,0
LF:1
LH:0
BRF:0
BRH:0
end_of_record
TN:
SF:/Users/thiagolima/Documents/projetos/ibge/brasil/codigofonte/ClientApp/app/utils/validador.class.ts
FN:7,(anonymous_0)
FN:11,Validador
FN:13,(anonymous_2)
FN:14,(anonymous_3)
FN:17,(anonymous_4)
FN:23,(anonymous_5)
FN:29,(anonymous_6)
FN:30,(anonymous_7)
FN:42,(anonymous_8)
FNF:9
FNH:0
FNDA:0,(anonymous_0)
FNDA:0,Validador
FNDA:0,(anonymous_2)
FNDA:0,(anonymous_3)
FNDA:0,(anonymous_4)
FNDA:0,(anonymous_5)
FNDA:0,(anonymous_6)
FNDA:0,(anonymous_7)
FNDA:0,(anonymous_8)
DA:7,0
DA:8,0
DA:9,0
DA:13,0
DA:14,0
DA:17,0
DA:18,0
DA:19,0
DA:23,0
DA:24,0
DA:25,0
DA:26,0
DA:29,0
DA:30,0
DA:31,0
DA:33,0
DA:36,0
DA:37,0
DA:39,0
DA:42,0
DA:43,0
DA:45,0
LF:22
LH:0
BRDA:18,1,0,0
BRDA:18,1,1,0
BRDA:25,2,0,0
BRDA:25,2,1,0
BRDA:31,3,0,0
BRDA:31,3,1,0
BRDA:36,4,0,0
BRDA:36,4,1,0
BRDA:43,5,0,0
BRDA:43,5,1,0
BRF:10
BRH:0
end_of_record
TN:
SF:/Users/thiagolima/Documents/projetos/ibge/brasil/codigofonte/ClientApp/app/v3-router.guard.ts
FN:6,(anonymous_2)
FN:9,V3RouterGuard
FN:12,(anonymous_4)
FNF:3
FNH:0
FNDA:0,(anonymous_2)
FNDA:0,V3RouterGuard
FNDA:0,(anonymous_4)
DA:1,0
DA:2,0
DA:3,0
DA:6,0
DA:8,0
DA:9,0
DA:12,0
DA:13,0
DA:16,0
DA:17,0
DA:19,0
DA:20,0
DA:22,0
LF:13
LH:0
BRDA:8,1,0,0
BRDA:8,1,1,0
BRDA:8,1,2,0
BRDA:8,2,0,0
BRDA:8,2,1,0
BRF:5
BRH:0
end_of_record
TN:
SF:/Users/thiagolima/Documents/projetos/ibge/brasil/codigofonte/ClientApp/app/valid-parameters.guard.ts
FN:7,(anonymous_2)
FN:9,ValidParametersGuard
FN:13,(anonymous_4)
FNF:3
FNH:0
FNDA:0,(anonymous_2)
FNDA:0,ValidParametersGuard
FNDA:0,(anonymous_4)
DA:1,0
DA:4,0
DA:7,0
DA:9,0
DA:12,0
DA:15,0
DA:16,0
DA:17,0
DA:18,0
DA:22,0
DA:23,0
DA:24,0
DA:25,0
DA:29,0
DA:31,0
LF:15
LH:0
BRDA:15,1,0,0
BRDA:15,1,1,0
BRDA:17,2,0,0
BRDA:17,2,1,0
BRDA:22,3,0,0
BRDA:22,3,1,0
BRDA:24,4,0,0
BRDA:24,4,1,0
BRF:8
BRH:0
end_of_record
TN:
SF:/Users/thiagolima/Documents/projetos/ibge/brasil/codigofonte/ClientApp/app/visao-historica/visao-historica.component.ts
FN:9,(anonymous_2)
FN:10,VisaoHistoricaComponent
FN:12,(anonymous_4)
FNF:3
FNH:0
FNDA:0,(anonymous_2)
FNDA:0,VisaoHistoricaComponent
FNDA:0,(anonymous_4)
DA:1,0
DA:9,0
DA:12,0
DA:13,0
LF:4
LH:0
BRF:0
BRH:0
end_of_record
TN:
SF:/Users/thiagolima/Documents/projetos/ibge/brasil/codigofonte/ClientApp/app/visao-historica/visao-historica.module.ts
FN:19,(anonymous_1)
FN:19,VisaoHistoricaModule
FNF:2
FNH:0
FNDA:0,(anonymous_1)
FNDA:0,VisaoHistoricaModule
DA:1,0
DA:3,0
DA:4,0
DA:19,0
LF:4
LH:0
BRF:0
BRH:0
end_of_record
TN:
SF:/Users/thiagolima/Documents/projetos/ibge/brasil/codigofonte/ClientApp/app.module.ts
FN:28,(anonymous_1)
FN:28,AppModule
FNF:2
FNH:0
FNDA:0,(anonymous_1)
FNDA:0,AppModule
DA:1,0
DA:2,0
DA:3,0
DA:4,0
DA:6,0
DA:7,0
DA:8,0
DA:10,0
DA:28,0
DA:29,0
LF:10
LH:0
BRF:0
BRH:0
end_of_record
TN:
SF:/Users/thiagolima/Documents/projetos/ibge/brasil/codigofonte/ClientApp/backend/api.ts
FN:12,serverApi
FN:22,(anonymous_1)
FN:26,(anonymous_2)
FN:40,createTodoApi
FN:45,(anonymous_4)
FN:48,(anonymous_5)
FN:53,(anonymous_6)
FN:69,(anonymous_7)
FN:83,(anonymous_8)
FN:88,(anonymous_9)
FN:96,(anonymous_10)
FNF:11
FNH:0
FNDA:0,serverApi
FNDA:0,(anonymous_1)
FNDA:0,(anonymous_2)
FNDA:0,createTodoApi
FNDA:0,(anonymous_4)
FNDA:0,(anonymous_5)
FNDA:0,(anonymous_6)
FNDA:0,(anonymous_7)
FNDA:0,(anonymous_8)
FNDA:0,(anonymous_9)
FNDA:0,(anonymous_10)
DA:1,0
DA:2,0
DA:5,0
DA:6,0
DA:9,0
DA:12,0
DA:13,0
DA:14,0
DA:15,0
DA:16,0
DA:17,0
DA:19,0
DA:21,0
DA:23,0
DA:24,0
DA:26,0
DA:32,0
DA:33,0
DA:40,0
DA:42,0
DA:44,0
DA:46,0
DA:48,0
DA:49,0
DA:54,0
DA:55,0
DA:56,0
DA:57,0
DA:63,0
DA:66,0
DA:69,0
DA:71,0
DA:72,0
DA:73,0
DA:74,0
DA:75,0
DA:76,0
DA:78,0
DA:82,0
DA:84,0
DA:86,0
DA:89,0
DA:91,0
DA:92,0
DA:94,0
DA:97,0
DA:99,0
DA:100,0
DA:102,0
DA:105,0
LF:50
LH:0
BRDA:15,1,0,0
BRDA:15,1,1,0
BRDA:56,2,0,0
BRDA:56,2,1,0
BRF:4
BRH:0
end_of_record
TN:
SF:/Users/thiagolima/Documents/projetos/ibge/brasil/codigofonte/ClientApp/backend/cache.ts
FN:6,(anonymous_0)
FN:15,(anonymous_1)
FN:16,(anonymous_2)
FNF:3
FNH:0
FNDA:0,(anonymous_0)
FNDA:0,(anonymous_1)
FNDA:0,(anonymous_2)
DA:3,0
DA:4,0
DA:7,0
DA:8,0
DA:9,0
DA:10,0
DA:11,0
DA:13,0
DA:15,0
DA:16,0
LF:10
LH:0
BRDA:9,1,0,0
BRDA:9,1,1,0
BRF:2
BRH:0
end_of_record
TN:
SF:/Users/thiagolima/Documents/projetos/ibge/brasil/codigofonte/ClientApp/backend/db.ts
FN:3,(anonymous_0)
FNF:1
FNH:0
FNDA:0,(anonymous_0)
DA:2,0
DA:4,0
DA:5,0
LF:3
LH:0
BRF:0
BRH:0
end_of_record
TN:
SF:/Users/thiagolima/Documents/projetos/ibge/brasil/codigofonte/ClientApp/backend/servicodados.ts
FN:9,(anonymous_0)
FN:14,(anonymous_1)
FN:16,(anonymous_2)
FN:23,(anonymous_3)
FN:31,(anonymous_4)
FN:33,(anonymous_5)
FN:40,(anonymous_6)
FN:46,mockServices
FN:52,(anonymous_8)
FN:53,(anonymous_9)
FN:57,(anonymous_10)
FN:58,(anonymous_11)
FN:64,(anonymous_12)
FN:65,(anonymous_13)
FN:69,(anonymous_14)
FN:71,(anonymous_15)
FN:72,(anonymous_16)
FN:80,(anonymous_17)
FN:81,(anonymous_18)
FN:87,(anonymous_19)
FN:88,(anonymous_20)
FN:89,(anonymous_21)
FN:99,(anonymous_22)
FN:123,_resumeIndicador
FN:133,(anonymous_24)
FN:139,_checkUnidade
FN:185,(anonymous_26)
FN:193,(anonymous_27)
FN:195,(anonymous_28)
FN:198,(anonymous_29)
FN:205,(anonymous_30)
FN:212,(anonymous_31)
FN:218,(anonymous_32)
FN:221,(anonymous_33)
FN:222,(anonymous_34)
FN:225,(anonymous_35)
FN:226,(anonymous_36)
FN:235,(anonymous_37)
FN:241,(anonymous_38)
FN:244,(anonymous_39)
FN:251,(anonymous_40)
FN:254,(anonymous_41)
FN:260,(anonymous_42)
FN:279,(anonymous_43)
FN:285,(anonymous_44)
FN:289,(anonymous_45)
FN:301,(anonymous_46)
FN:302,(anonymous_47)
FN:303,(anonymous_48)
FN:313,(anonymous_49)
FN:317,registerPesquisa
FN:322,(anonymous_51)
FN:324,(anonymous_52)
FN:332,generateHashIndicador
FN:339,(anonymous_54)
FNF:55
FNH:0
FNDA:0,(anonymous_0)
FNDA:0,(anonymous_1)
FNDA:0,(anonymous_2)
FNDA:0,(anonymous_3)
FNDA:0,(anonymous_4)
FNDA:0,(anonymous_5)
FNDA:0,(anonymous_6)
FNDA:0,mockServices
FNDA:0,(anonymous_8)
FNDA:0,(anonymous_9)
FNDA:0,(anonymous_10)
FNDA:0,(anonymous_11)
FNDA:0,(anonymous_12)
FNDA:0,(anonymous_13)
FNDA:0,(anonymous_14)
FNDA:0,(anonymous_15)
FNDA:0,(anonymous_16)
FNDA:0,(anonymous_17)
FNDA:0,(anonymous_18)
FNDA:0,(anonymous_19)
FNDA:0,(anonymous_20)
FNDA:0,(anonymous_21)
FNDA:0,(anonymous_22)
FNDA:0,_resumeIndicador
FNDA:0,(anonymous_24)
FNDA:0,_checkUnidade
FNDA:0,(anonymous_26)
FNDA:0,(anonymous_27)
FNDA:0,(anonymous_28)
FNDA:0,(anonymous_29)
FNDA:0,(anonymous_30)
FNDA:0,(anonymous_31)
FNDA:0,(anonymous_32)
FNDA:0,(anonymous_33)
FNDA:0,(anonymous_34)
FNDA:0,(anonymous_35)
FNDA:0,(anonymous_36)
FNDA:0,(anonymous_37)
FNDA:0,(anonymous_38)
FNDA:0,(anonymous_39)
FNDA:0,(anonymous_40)
FNDA:0,(anonymous_41)
FNDA:0,(anonymous_42)
FNDA:0,(anonymous_43)
FNDA:0,(anonymous_44)
FNDA:0,(anonymous_45)
FNDA:0,(anonymous_46)
FNDA:0,(anonymous_47)
FNDA:0,(anonymous_48)
FNDA:0,(anonymous_49)
FNDA:0,registerPesquisa
FNDA:0,(anonymous_51)
FNDA:0,(anonymous_52)
FNDA:0,generateHashIndicador
FNDA:0,(anonymous_54)
DA:1,0
DA:2,0
DA:4,0
DA:6,0
DA:10,0
DA:14,0
DA:16,0
DA:18,0
DA:19,0
DA:22,0
DA:23,0
DA:25,0
DA:26,0
DA:29,0
DA:31,0
DA:33,0
DA:34,0
DA:35,0
DA:36,0
DA:40,0
DA:46,0
DA:48,0
DA:50,0
DA:53,0
DA:54,0
DA:57,0
DA:58,0
DA:59,0
DA:60,0
DA:64,0
DA:65,0
DA:66,0
DA:68,0
DA:69,0
DA:72,0
DA:73,0
DA:77,0
DA:80,0
DA:81,0
DA:82,0
DA:84,0
DA:87,0
DA:88,0
DA:89,0
DA:90,0
DA:91,0
DA:94,0
DA:98,0
DA:100,0
DA:118,0
DA:120,0
DA:121,0
DA:124,0
DA:126,0
DA:127,0
DA:130,0
DA:131,0
DA:133,0
DA:134,0
DA:135,0
DA:140,0
DA:141,0
DA:144,0
DA:145,0
DA:146,0
DA:152,0
DA:153,0
DA:154,0
DA:155,0
DA:159,0
DA:160,0
DA:166,0
DA:167,0
DA:168,0
DA:169,0
DA:173,0
DA:174,0
DA:175,0
DA:176,0
DA:181,0
DA:182,0
DA:184,0
DA:185,0
DA:186,0
DA:190,0
DA:193,0
DA:194,0
DA:196,0
DA:199,0
DA:206,0
DA:211,0
DA:214,0
DA:215,0
DA:216,0
DA:217,0
DA:218,0
DA:220,0
DA:221,0
DA:222,0
DA:225,0
DA:226,0
DA:227,0
DA:229,0
DA:234,0
DA:236,0
DA:237,0
DA:238,0
DA:240,0
DA:241,0
DA:243,0
DA:244,0
DA:245,0
DA:251,0
DA:252,0
DA:253,0
DA:254,0
DA:255,0
DA:256,0
DA:257,0
DA:260,0
DA:261,0
DA:266,0
DA:276,0
DA:279,0
DA:280,0
DA:282,0
DA:284,0
DA:285,0
DA:288,0
DA:289,0
DA:290,0
DA:298,0
DA:301,0
DA:302,0
DA:303,0
DA:304,0
DA:305,0
DA:307,0
DA:310,0
DA:313,0
DA:314,0
DA:317,0
DA:318,0
DA:319,0
DA:320,0
DA:321,0
DA:322,0
DA:324,0
DA:325,0
DA:326,0
DA:329,0
DA:332,0
DA:333,0
DA:334,0
DA:336,0
DA:338,0
DA:339,0
DA:341,0
LF:158
LH:0
BRDA:18,1,0,0
BRDA:18,1,1,0
BRDA:22,2,0,0
BRDA:22,2,1,0
BRDA:25,3,0,0
BRDA:25,3,1,0
BRDA:25,4,0,0
BRDA:25,4,1,0
BRDA:90,5,0,0
BRDA:90,5,1,0
BRDA:120,6,0,0
BRDA:120,6,1,0
BRDA:121,7,0,0
BRDA:121,7,1,0
BRDA:126,8,0,0
BRDA:126,8,1,0
BRDA:130,9,0,0
BRDA:130,9,1,0
BRDA:130,10,0,0
BRDA:130,10,1,0
BRDA:140,11,0,0
BRDA:140,11,1,0
BRDA:144,12,0,0
BRDA:144,12,1,0
BRDA:145,13,0,0
BRDA:145,13,1,0
BRDA:145,14,0,0
BRDA:145,14,1,0
BRDA:152,15,0,0
BRDA:152,15,1,0
BRDA:153,16,0,0
BRDA:153,16,1,0
BRDA:159,17,0,0
BRDA:159,17,1,0
BRDA:166,18,0,0
BRDA:166,18,1,0
BRDA:167,19,0,0
BRDA:167,19,1,0
BRDA:173,20,0,0
BRDA:173,20,1,0
BRDA:174,21,0,0
BRDA:174,21,1,0
BRDA:181,22,0,0
BRDA:181,22,1,0
BRDA:184,23,0,0
BRDA:184,23,1,0
BRDA:184,24,0,0
BRDA:184,24,1,0
BRDA:186,25,0,0
BRDA:186,25,1,0
BRDA:190,26,0,0
BRDA:190,26,1,0
BRDA:216,27,0,0
BRDA:216,27,1,0
BRDA:216,28,0,0
BRDA:216,28,1,0
BRDA:217,29,0,0
BRDA:217,29,1,0
BRDA:217,30,0,0
BRDA:217,30,1,0
BRDA:222,31,0,0
BRDA:222,31,1,0
BRDA:237,32,0,0
BRDA:237,32,1,0
BRDA:237,33,0,0
BRDA:237,33,1,0
BRDA:238,34,0,0
BRDA:238,34,1,0
BRDA:238,35,0,0
BRDA:238,35,1,0
BRDA:243,36,0,0
BRDA:243,36,1,0
BRDA:243,37,0,0
BRDA:243,37,1,0
BRDA:255,38,0,0
BRDA:255,38,1,0
BRDA:285,39,0,0
BRDA:285,39,1,0
BRDA:304,40,0,0
BRDA:304,40,1,0
BRDA:310,41,0,0
BRDA:310,41,1,0
BRDA:321,42,0,0
BRDA:321,42,1,0
BRDA:325,43,0,0
BRDA:325,43,1,0
BRDA:333,44,0,0
BRDA:333,44,1,0
BRDA:338,45,0,0
BRDA:338,45,1,0
BRF:90
BRH:0
end_of_record
TN:
SF:/Users/thiagolima/Documents/projetos/ibge/brasil/codigofonte/ClientApp/boot-client.ts
FN:10,(anonymous_0)
FN:17,(anonymous_1)
FNF:2
FNH:0
FNDA:0,(anonymous_0)
FNDA:0,(anonymous_1)
DA:1,0
DA:2,0
DA:3,0
DA:4,0
DA:8,0
DA:9,0
DA:10,0
DA:12,0
DA:16,0
DA:17,0
DA:18,0
DA:19,0
DA:21,0
LF:13
LH:0
BRDA:8,1,0,0
BRDA:8,1,1,0
BRDA:18,2,0,0
BRDA:18,2,1,0
BRF:4
BRH:0
end_of_record
TN:
SF:/Users/thiagolima/Documents/projetos/ibge/brasil/codigofonte/ClientApp/boot-server.ts
FN:10,default_1
FN:11,(anonymous_1)
FN:23,(anonymous_2)
FN:30,(anonymous_3)
FN:30,(anonymous_4)
FNF:5
FNH:0
FNDA:0,default_1
FNDA:0,(anonymous_1)
FNDA:0,(anonymous_2)
FNDA:0,(anonymous_3)
FNDA:0,(anonymous_4)
DA:1,0
DA:2,0
DA:3,0
DA:4,0
DA:5,0
DA:7,0
DA:8,0
DA:10,0
DA:11,0
DA:12,0
DA:25,0
DA:26,0
DA:30,0
DA:31,0
LF:14
LH:0
BRF:0
BRH:0
end_of_record
TN:
SF:/Users/thiagolima/Documents/projetos/ibge/brasil/codigofonte/ClientApp/test/boot-tests.ts
FN:17,(anonymous_0)
FNF:1
FNH:0
FNDA:0,(anonymous_0)
DA:2,0
DA:3,0
DA:4,0
DA:5,0
DA:6,0
DA:7,0
DA:8,0
DA:9,0
DA:10,0
DA:17,0
DA:20,0
DA:26,0
DA:29,0
DA:32,0
LF:14
LH:0
BRF:0
BRH:0
end_of_record
