<?xml version="1.0" encoding="UTF-8"?>
<coverage generated="1494283200560" clover="3.2.0">
  <project timestamp="1494283200560" name="All files">
    <metrics statements="5555" coveredstatements="490" conditionals="4212" coveredconditionals="182" methods="1451" coveredmethods="101" elements="11218" coveredelements="773" complexity="0" loc="5555" ncloc="5555" packages="46" files="119" classes="119">
      <package name="ClientApp">
        <metrics statements="64" coveredstatements="9" conditionals="30" coveredconditionals="0" methods="16" coveredmethods="1"/>
        <file name="app.module.ts" path="/Users/thiagolima/Documents/projetos/ibge/brasil/codigofonte/ClientApp/app.module.ts">
          <metrics statements="19" coveredstatements="0" conditionals="22" coveredconditionals="0" methods="3" coveredmethods="0"/>
          <line num="1" count="0" type="stmt"/>
          <line num="2" count="0" type="cond" truecount="0" falsecount="3"/>
          <line num="3" count="0" type="cond" truecount="0" falsecount="4"/>
          <line num="4" count="0" type="cond" truecount="0" falsecount="4"/>
          <line num="5" count="0" type="cond" truecount="0" falsecount="8"/>
          <line num="6" count="0" type="cond" truecount="0" falsecount="3"/>
          <line num="8" count="0" type="stmt"/>
          <line num="9" count="0" type="stmt"/>
          <line num="10" count="0" type="stmt"/>
          <line num="11" count="0" type="stmt"/>
          <line num="12" count="0" type="stmt"/>
          <line num="13" count="0" type="stmt"/>
          <line num="14" count="0" type="stmt"/>
          <line num="15" count="0" type="stmt"/>
          <line num="16" count="0" type="stmt"/>
          <line num="17" count="0" type="stmt"/>
          <line num="20" count="0" type="stmt"/>
          <line num="22" count="0" type="stmt"/>
          <line num="40" count="0" type="stmt"/>
        </file>
        <file name="boot-client.ts" path="/Users/thiagolima/Documents/projetos/ibge/brasil/codigofonte/ClientApp/boot-client.ts">
          <metrics statements="15" coveredstatements="0" conditionals="4" coveredconditionals="0" methods="2" coveredmethods="0"/>
          <line num="1" count="0" type="stmt"/>
          <line num="2" count="0" type="stmt"/>
          <line num="3" count="0" type="stmt"/>
          <line num="4" count="0" type="stmt"/>
          <line num="5" count="0" type="stmt"/>
          <line num="6" count="0" type="stmt"/>
          <line num="9" count="0" type="cond" truecount="0" falsecount="2"/>
          <line num="10" count="0" type="stmt"/>
          <line num="11" count="0" type="stmt"/>
          <line num="14" count="0" type="stmt"/>
          <line num="17" count="0" type="stmt"/>
          <line num="18" count="0" type="stmt"/>
          <line num="19" count="0" type="cond" truecount="0" falsecount="2"/>
          <line num="20" count="0" type="stmt"/>
          <line num="23" count="0" type="stmt"/>
        </file>
        <file name="boot-server.ts" path="/Users/thiagolima/Documents/projetos/ibge/brasil/codigofonte/ClientApp/boot-server.ts">
          <metrics statements="16" coveredstatements="0" conditionals="0" coveredconditionals="0" methods="5" coveredmethods="0"/>
          <line num="1" count="0" type="stmt"/>
          <line num="2" count="0" type="stmt"/>
          <line num="3" count="0" type="stmt"/>
          <line num="4" count="0" type="stmt"/>
          <line num="5" count="0" type="stmt"/>
          <line num="6" count="0" type="stmt"/>
          <line num="7" count="0" type="stmt"/>
          <line num="8" count="0" type="stmt"/>
          <line num="9" count="0" type="stmt"/>
          <line num="11" count="0" type="stmt"/>
          <line num="12" count="0" type="stmt"/>
          <line num="25" count="0" type="stmt"/>
          <line num="26" count="0" type="stmt"/>
          <line num="29" count="0" type="stmt"/>
          <line num="30" count="0" type="stmt"/>
          <line num="34" count="0" type="stmt"/>
        </file>
        <file name="setupJest.ts" path="/Users/thiagolima/Documents/projetos/ibge/brasil/codigofonte/ClientApp/setupJest.ts">
          <metrics statements="14" coveredstatements="9" conditionals="4" coveredconditionals="0" methods="6" coveredmethods="1"/>
          <line num="1" count="7" type="stmt"/>
          <line num="2" count="7" type="stmt"/>
          <line num="3" count="7" type="stmt"/>
          <line num="5" count="7" type="stmt"/>
          <line num="6" count="14" type="stmt"/>
          <line num="7" count="14" type="stmt"/>
          <line num="8" count="0" type="cond" truecount="0" falsecount="2"/>
          <line num="9" count="0" type="cond" truecount="0" falsecount="2"/>
          <line num="10" count="0" type="stmt"/>
          <line num="11" count="0" type="stmt"/>
          <line num="14" count="7" type="stmt"/>
          <line num="15" count="7" type="stmt"/>
          <line num="16" count="7" type="stmt"/>
          <line num="17" count="0" type="stmt"/>
        </file>
      </package>
      <package name="ClientApp.api">
        <metrics statements="9" coveredstatements="0" conditionals="0" coveredconditionals="0" methods="0" coveredmethods="0"/>
        <file name="brasil.ts" path="/Users/thiagolima/Documents/projetos/ibge/brasil/codigofonte/ClientApp/api/brasil.ts">
          <metrics statements="3" coveredstatements="0" conditionals="0" coveredconditionals="0" methods="0" coveredmethods="0"/>
          <line num="1" count="0" type="stmt"/>
          <line num="2" count="0" type="stmt"/>
          <line num="3" count="0" type="stmt"/>
        </file>
        <file name="municipios.ts" path="/Users/thiagolima/Documents/projetos/ibge/brasil/codigofonte/ClientApp/api/municipios.ts">
          <metrics statements="3" coveredstatements="0" conditionals="0" coveredconditionals="0" methods="0" coveredmethods="0"/>
          <line num="1" count="0" type="stmt"/>
          <line num="2" count="0" type="stmt"/>
          <line num="3" count="0" type="stmt"/>
        </file>
        <file name="ufs.ts" path="/Users/thiagolima/Documents/projetos/ibge/brasil/codigofonte/ClientApp/api/ufs.ts">
          <metrics statements="3" coveredstatements="0" conditionals="0" coveredconditionals="0" methods="0" coveredmethods="0"/>
          <line num="1" count="0" type="stmt"/>
          <line num="2" count="0" type="stmt"/>
          <line num="3" count="0" type="stmt"/>
        </file>
      </package>
      <package name="ClientApp.app">
        <metrics statements="265" coveredstatements="0" conditionals="291" coveredconditionals="0" methods="59" coveredmethods="0"/>
        <file name="empty-location.guard.ts" path="/Users/thiagolima/Documents/projetos/ibge/brasil/codigofonte/ClientApp/app/empty-location.guard.ts">
          <metrics statements="31" coveredstatements="0" conditionals="43" coveredconditionals="0" methods="5" coveredmethods="0"/>
          <line num="1" count="0" type="stmt"/>
          <line num="2" count="0" type="cond" truecount="0" falsecount="3"/>
          <line num="3" count="0" type="cond" truecount="0" falsecount="4"/>
          <line num="4" count="0" type="cond" truecount="0" falsecount="4"/>
          <line num="5" count="0" type="cond" truecount="0" falsecount="8"/>
          <line num="6" count="0" type="cond" truecount="0" falsecount="3"/>
          <line num="8" count="0" type="cond" truecount="0" falsecount="3"/>
          <line num="9" count="0" type="cond" truecount="0" falsecount="4"/>
          <line num="11" count="0" type="stmt"/>
          <line num="12" count="0" type="stmt"/>
          <line num="13" count="0" type="stmt"/>
          <line num="14" count="0" type="stmt"/>
          <line num="15" count="0" type="stmt"/>
          <line num="16" count="0" type="stmt"/>
          <line num="18" count="0" type="stmt"/>
          <line num="19" count="0" type="stmt"/>
          <line num="21" count="0" type="stmt"/>
          <line num="23" count="0" type="cond" truecount="0" falsecount="2"/>
          <line num="24" count="0" type="stmt"/>
          <line num="26" count="0" type="cond" truecount="0" falsecount="2"/>
          <line num="27" count="0" type="stmt"/>
          <line num="30" count="0" type="stmt"/>
          <line num="31" count="0" type="stmt"/>
          <line num="32" count="0" type="stmt"/>
          <line num="33" count="0" type="stmt"/>
          <line num="34" count="0" type="stmt"/>
          <line num="35" count="0" type="stmt"/>
          <line num="37" count="0" type="stmt"/>
          <line num="39" count="0" type="stmt"/>
          <line num="41" count="0" type="stmt"/>
          <line num="45" count="0" type="stmt"/>
        </file>
        <file name="empty.component.ts" path="/Users/thiagolima/Documents/projetos/ibge/brasil/codigofonte/ClientApp/app/empty.component.ts">
          <metrics statements="15" coveredstatements="0" conditionals="29" coveredconditionals="0" methods="5" coveredmethods="0"/>
          <line num="1" count="0" type="stmt"/>
          <line num="2" count="0" type="cond" truecount="0" falsecount="3"/>
          <line num="3" count="0" type="cond" truecount="0" falsecount="4"/>
          <line num="4" count="0" type="cond" truecount="0" falsecount="4"/>
          <line num="5" count="0" type="cond" truecount="0" falsecount="8"/>
          <line num="6" count="0" type="cond" truecount="0" falsecount="3"/>
          <line num="8" count="0" type="cond" truecount="0" falsecount="3"/>
          <line num="9" count="0" type="cond" truecount="0" falsecount="4"/>
          <line num="11" count="0" type="stmt"/>
          <line num="12" count="0" type="stmt"/>
          <line num="13" count="0" type="stmt"/>
          <line num="16" count="0" type="stmt"/>
          <line num="17" count="0" type="stmt"/>
          <line num="19" count="0" type="stmt"/>
          <line num="26" count="0" type="stmt"/>
        </file>
        <file name="global-config.ts" path="/Users/thiagolima/Documents/projetos/ibge/brasil/codigofonte/ClientApp/app/global-config.ts">
          <metrics statements="30" coveredstatements="0" conditionals="4" coveredconditionals="0" methods="18" coveredmethods="0"/>
          <line num="1" count="0" type="stmt"/>
          <line num="2" count="0" type="stmt"/>
          <line num="3" count="0" type="stmt"/>
          <line num="6" count="0" type="stmt"/>
          <line num="8" count="0" type="stmt"/>
          <line num="13" count="0" type="stmt"/>
          <line num="14" count="0" type="stmt"/>
          <line num="16" count="0" type="stmt"/>
          <line num="18" count="0" type="stmt"/>
          <line num="20" count="0" type="stmt"/>
          <line num="23" count="0" type="stmt"/>
          <line num="25" count="0" type="stmt"/>
          <line num="26" count="0" type="stmt"/>
          <line num="32" count="0" type="stmt"/>
          <line num="34" count="0" type="stmt"/>
          <line num="35" count="0" type="stmt"/>
          <line num="41" count="0" type="stmt"/>
          <line num="43" count="0" type="stmt"/>
          <line num="44" count="0" type="stmt"/>
          <line num="45" count="0" type="stmt"/>
          <line num="47" count="0" type="cond" truecount="0" falsecount="2"/>
          <line num="48" count="0" type="cond" truecount="0" falsecount="2"/>
          <line num="49" count="0" type="stmt"/>
          <line num="51" count="0" type="stmt"/>
          <line num="52" count="0" type="stmt"/>
          <line num="58" count="0" type="stmt"/>
          <line num="65" count="0" type="stmt"/>
          <line num="66" count="0" type="stmt"/>
          <line num="72" count="0" type="stmt"/>
          <line num="74" count="0" type="stmt"/>
        </file>
        <file name="root-routing.module.ts" path="/Users/thiagolima/Documents/projetos/ibge/brasil/codigofonte/ClientApp/app/root-routing.module.ts">
          <metrics statements="22" coveredstatements="0" conditionals="22" coveredconditionals="0" methods="3" coveredmethods="0"/>
          <line num="1" count="0" type="stmt"/>
          <line num="2" count="0" type="cond" truecount="0" falsecount="3"/>
          <line num="3" count="0" type="cond" truecount="0" falsecount="4"/>
          <line num="4" count="0" type="cond" truecount="0" falsecount="4"/>
          <line num="5" count="0" type="cond" truecount="0" falsecount="8"/>
          <line num="6" count="0" type="cond" truecount="0" falsecount="3"/>
          <line num="8" count="0" type="stmt"/>
          <line num="9" count="0" type="stmt"/>
          <line num="10" count="0" type="stmt"/>
          <line num="11" count="0" type="stmt"/>
          <line num="12" count="0" type="stmt"/>
          <line num="13" count="0" type="stmt"/>
          <line num="14" count="0" type="stmt"/>
          <line num="15" count="0" type="stmt"/>
          <line num="16" count="0" type="stmt"/>
          <line num="17" count="0" type="stmt"/>
          <line num="18" count="0" type="stmt"/>
          <line num="19" count="0" type="stmt"/>
          <line num="31" count="0" type="stmt"/>
          <line num="34" count="0" type="stmt"/>
          <line num="36" count="0" type="stmt"/>
          <line num="89" count="0" type="stmt"/>
        </file>
        <file name="root.component.ts" path="/Users/thiagolima/Documents/projetos/ibge/brasil/codigofonte/ClientApp/app/root.component.ts">
          <metrics statements="88" coveredstatements="0" conditionals="90" coveredconditionals="0" methods="15" coveredmethods="0"/>
          <line num="1" count="0" type="stmt"/>
          <line num="2" count="0" type="cond" truecount="0" falsecount="3"/>
          <line num="3" count="0" type="cond" truecount="0" falsecount="4"/>
          <line num="4" count="0" type="cond" truecount="0" falsecount="4"/>
          <line num="5" count="0" type="cond" truecount="0" falsecount="8"/>
          <line num="6" count="0" type="cond" truecount="0" falsecount="3"/>
          <line num="8" count="0" type="cond" truecount="0" falsecount="3"/>
          <line num="9" count="0" type="cond" truecount="0" falsecount="4"/>
          <line num="11" count="0" type="stmt"/>
          <line num="12" count="0" type="stmt"/>
          <line num="13" count="0" type="stmt"/>
          <line num="14" count="0" type="stmt"/>
          <line num="15" count="0" type="stmt"/>
          <line num="16" count="0" type="stmt"/>
          <line num="17" count="0" type="stmt"/>
          <line num="18" count="0" type="stmt"/>
          <line num="19" count="0" type="stmt"/>
          <line num="20" count="0" type="stmt"/>
          <line num="21" count="0" type="stmt"/>
          <line num="23" count="0" type="stmt"/>
          <line num="24" count="0" type="stmt"/>
          <line num="25" count="0" type="stmt"/>
          <line num="26" count="0" type="stmt"/>
          <line num="27" count="0" type="stmt"/>
          <line num="28" count="0" type="stmt"/>
          <line num="29" count="0" type="stmt"/>
          <line num="30" count="0" type="stmt"/>
          <line num="31" count="0" type="stmt"/>
          <line num="32" count="0" type="stmt"/>
          <line num="33" count="0" type="stmt"/>
          <line num="34" count="0" type="stmt"/>
          <line num="36" count="0" type="stmt"/>
          <line num="37" count="0" type="stmt"/>
          <line num="38" count="0" type="cond" truecount="0" falsecount="2"/>
          <line num="39" count="0" type="stmt"/>
          <line num="40" count="0" type="stmt"/>
          <line num="43" count="0" type="stmt"/>
          <line num="44" count="0" type="stmt"/>
          <line num="45" count="0" type="cond" truecount="0" falsecount="5"/>
          <line num="46" count="0" type="stmt"/>
          <line num="48" count="0" type="cond" truecount="0" falsecount="2"/>
          <line num="49" count="0" type="stmt"/>
          <line num="52" count="0" type="stmt"/>
          <line num="53" count="0" type="stmt"/>
          <line num="54" count="0" type="stmt"/>
          <line num="56" count="0" type="stmt"/>
          <line num="57" count="0" type="stmt"/>
          <line num="58" count="0" type="stmt"/>
          <line num="59" count="0" type="cond" truecount="0" falsecount="2"/>
          <line num="60" count="0" type="stmt"/>
          <line num="62" count="0" type="cond" truecount="0" falsecount="4"/>
          <line num="63" count="0" type="stmt"/>
          <line num="65" count="0" type="stmt"/>
          <line num="67" count="0" type="stmt"/>
          <line num="77" count="0" type="stmt"/>
          <line num="78" count="0" type="stmt"/>
          <line num="80" count="0" type="cond" truecount="0" falsecount="2"/>
          <line num="81" count="0" type="stmt"/>
          <line num="82" count="0" type="cond" truecount="0" falsecount="2"/>
          <line num="83" count="0" type="stmt"/>
          <line num="85" count="0" type="cond" truecount="0" falsecount="2"/>
          <line num="86" count="0" type="stmt"/>
          <line num="88" count="0" type="cond" truecount="0" falsecount="2"/>
          <line num="89" count="0" type="stmt"/>
          <line num="92" count="0" type="stmt"/>
          <line num="94" count="0" type="stmt"/>
          <line num="95" count="0" type="cond" truecount="0" falsecount="2"/>
          <line num="96" count="0" type="stmt"/>
          <line num="99" count="0" type="cond" truecount="0" falsecount="2"/>
          <line num="100" count="0" type="stmt"/>
          <line num="102" count="0" type="stmt"/>
          <line num="103" count="0" type="cond" truecount="0" falsecount="2"/>
          <line num="104" count="0" type="stmt"/>
          <line num="113" count="0" type="stmt"/>
          <line num="114" count="0" type="stmt"/>
          <line num="116" count="0" type="stmt"/>
          <line num="117" count="0" type="cond" truecount="0" falsecount="2"/>
          <line num="121" count="0" type="stmt"/>
          <line num="122" count="0" type="stmt"/>
          <line num="123" count="0" type="stmt"/>
          <line num="125" count="0" type="stmt"/>
          <line num="126" count="0" type="stmt"/>
          <line num="128" count="0" type="stmt"/>
          <line num="130" count="0" type="stmt"/>
          <line num="134" count="0" type="stmt"/>
          <line num="140" count="0" type="stmt"/>
          <line num="146" count="0" type="stmt"/>
          <line num="154" count="0" type="stmt"/>
        </file>
        <file name="root.module.ts" path="/Users/thiagolima/Documents/projetos/ibge/brasil/codigofonte/ClientApp/app/root.module.ts">
          <metrics statements="29" coveredstatements="0" conditionals="22" coveredconditionals="0" methods="3" coveredmethods="0"/>
          <line num="1" count="0" type="stmt"/>
          <line num="2" count="0" type="cond" truecount="0" falsecount="3"/>
          <line num="3" count="0" type="cond" truecount="0" falsecount="4"/>
          <line num="4" count="0" type="cond" truecount="0" falsecount="4"/>
          <line num="5" count="0" type="cond" truecount="0" falsecount="8"/>
          <line num="6" count="0" type="cond" truecount="0" falsecount="3"/>
          <line num="8" count="0" type="stmt"/>
          <line num="9" count="0" type="stmt"/>
          <line num="10" count="0" type="stmt"/>
          <line num="11" count="0" type="stmt"/>
          <line num="12" count="0" type="stmt"/>
          <line num="13" count="0" type="stmt"/>
          <line num="14" count="0" type="stmt"/>
          <line num="15" count="0" type="stmt"/>
          <line num="16" count="0" type="stmt"/>
          <line num="17" count="0" type="stmt"/>
          <line num="18" count="0" type="stmt"/>
          <line num="19" count="0" type="stmt"/>
          <line num="20" count="0" type="stmt"/>
          <line num="21" count="0" type="stmt"/>
          <line num="22" count="0" type="stmt"/>
          <line num="23" count="0" type="stmt"/>
          <line num="24" count="0" type="stmt"/>
          <line num="25" count="0" type="stmt"/>
          <line num="26" count="0" type="stmt"/>
          <line num="27" count="0" type="stmt"/>
          <line num="30" count="0" type="stmt"/>
          <line num="32" count="0" type="stmt"/>
          <line num="63" count="0" type="stmt"/>
        </file>
        <file name="v3-router.guard.ts" path="/Users/thiagolima/Documents/projetos/ibge/brasil/codigofonte/ClientApp/app/v3-router.guard.ts">
          <metrics statements="24" coveredstatements="0" conditionals="39" coveredconditionals="0" methods="5" coveredmethods="0"/>
          <line num="1" count="0" type="stmt"/>
          <line num="2" count="0" type="cond" truecount="0" falsecount="3"/>
          <line num="3" count="0" type="cond" truecount="0" falsecount="4"/>
          <line num="4" count="0" type="cond" truecount="0" falsecount="4"/>
          <line num="5" count="0" type="cond" truecount="0" falsecount="8"/>
          <line num="6" count="0" type="cond" truecount="0" falsecount="3"/>
          <line num="8" count="0" type="cond" truecount="0" falsecount="3"/>
          <line num="9" count="0" type="cond" truecount="0" falsecount="4"/>
          <line num="11" count="0" type="stmt"/>
          <line num="12" count="0" type="stmt"/>
          <line num="13" count="0" type="stmt"/>
          <line num="14" count="0" type="stmt"/>
          <line num="15" count="0" type="stmt"/>
          <line num="17" count="0" type="stmt"/>
          <line num="18" count="0" type="stmt"/>
          <line num="20" count="0" type="stmt"/>
          <line num="21" count="0" type="stmt"/>
          <line num="22" count="0" type="stmt"/>
          <line num="23" count="0" type="stmt"/>
          <line num="24" count="0" type="stmt"/>
          <line num="25" count="0" type="stmt"/>
          <line num="27" count="0" type="stmt"/>
          <line num="29" count="0" type="stmt"/>
          <line num="33" count="0" type="stmt"/>
        </file>
        <file name="valid-parameters.guard.ts" path="/Users/thiagolima/Documents/projetos/ibge/brasil/codigofonte/ClientApp/app/valid-parameters.guard.ts">
          <metrics statements="26" coveredstatements="0" conditionals="42" coveredconditionals="0" methods="5" coveredmethods="0"/>
          <line num="1" count="0" type="stmt"/>
          <line num="2" count="0" type="cond" truecount="0" falsecount="3"/>
          <line num="3" count="0" type="cond" truecount="0" falsecount="4"/>
          <line num="4" count="0" type="cond" truecount="0" falsecount="4"/>
          <line num="5" count="0" type="cond" truecount="0" falsecount="8"/>
          <line num="6" count="0" type="cond" truecount="0" falsecount="3"/>
          <line num="8" count="0" type="cond" truecount="0" falsecount="3"/>
          <line num="9" count="0" type="cond" truecount="0" falsecount="4"/>
          <line num="11" count="0" type="stmt"/>
          <line num="12" count="0" type="stmt"/>
          <line num="13" count="0" type="stmt"/>
          <line num="14" count="0" type="stmt"/>
          <line num="16" count="0" type="stmt"/>
          <line num="18" count="0" type="stmt"/>
          <line num="19" count="0" type="cond" truecount="0" falsecount="2"/>
          <line num="20" count="0" type="stmt"/>
          <line num="21" count="0" type="cond" truecount="0" falsecount="2"/>
          <line num="22" count="0" type="stmt"/>
          <line num="25" count="0" type="cond" truecount="0" falsecount="2"/>
          <line num="26" count="0" type="stmt"/>
          <line num="27" count="0" type="cond" truecount="0" falsecount="2"/>
          <line num="28" count="0" type="stmt"/>
          <line num="31" count="0" type="stmt"/>
          <line num="33" count="0" type="stmt"/>
          <line num="35" count="0" type="stmt"/>
          <line num="39" count="0" type="stmt"/>
        </file>
      </package>
      <package name="ClientApp.app.app">
        <metrics statements="12" coveredstatements="0" conditionals="22" coveredconditionals="0" methods="3" coveredmethods="0"/>
        <file name="app.component.ts" path="/Users/thiagolima/Documents/projetos/ibge/brasil/codigofonte/ClientApp/app/app/app.component.ts">
          <metrics statements="12" coveredstatements="0" conditionals="22" coveredconditionals="0" methods="3" coveredmethods="0"/>
          <line num="1" count="0" type="stmt"/>
          <line num="2" count="0" type="cond" truecount="0" falsecount="3"/>
          <line num="3" count="0" type="cond" truecount="0" falsecount="4"/>
          <line num="4" count="0" type="cond" truecount="0" falsecount="4"/>
          <line num="5" count="0" type="cond" truecount="0" falsecount="8"/>
          <line num="6" count="0" type="cond" truecount="0" falsecount="3"/>
          <line num="8" count="0" type="stmt"/>
          <line num="9" count="0" type="stmt"/>
          <line num="10" count="0" type="stmt"/>
          <line num="13" count="0" type="stmt"/>
          <line num="15" count="0" type="stmt"/>
          <line num="22" count="0" type="stmt"/>
        </file>
      </package>
      <package name="ClientApp.app.barra-gov">
        <metrics statements="28" coveredstatements="0" conditionals="40" coveredconditionals="0" methods="12" coveredmethods="0"/>
        <file name="barra-gov.ts" path="/Users/thiagolima/Documents/projetos/ibge/brasil/codigofonte/ClientApp/app/barra-gov/barra-gov.ts">
          <metrics statements="28" coveredstatements="0" conditionals="40" coveredconditionals="0" methods="12" coveredmethods="0"/>
          <line num="1" count="0" type="stmt"/>
          <line num="2" count="0" type="cond" truecount="0" falsecount="3"/>
          <line num="3" count="0" type="cond" truecount="0" falsecount="4"/>
          <line num="4" count="0" type="cond" truecount="0" falsecount="4"/>
          <line num="5" count="0" type="cond" truecount="0" falsecount="8"/>
          <line num="6" count="0" type="cond" truecount="0" falsecount="3"/>
          <line num="8" count="0" type="cond" truecount="0" falsecount="3"/>
          <line num="9" count="0" type="cond" truecount="0" falsecount="4"/>
          <line num="11" count="0" type="stmt"/>
          <line num="12" count="0" type="stmt"/>
          <line num="13" count="0" type="stmt"/>
          <line num="14" count="0" type="stmt"/>
          <line num="16" count="0" type="stmt"/>
          <line num="17" count="0" type="stmt"/>
          <line num="18" count="0" type="stmt"/>
          <line num="20" count="0" type="cond" truecount="0" falsecount="2"/>
          <line num="21" count="0" type="cond" truecount="0" falsecount="2"/>
          <line num="25" count="0" type="stmt"/>
          <line num="28" count="0" type="stmt"/>
          <line num="31" count="0" type="stmt"/>
          <line num="34" count="0" type="stmt"/>
          <line num="37" count="0" type="cond" truecount="0" falsecount="2"/>
          <line num="40" count="0" type="cond" truecount="0" falsecount="5"/>
          <line num="43" count="0" type="stmt"/>
          <line num="45" count="0" type="stmt"/>
          <line num="47" count="0" type="stmt"/>
          <line num="49" count="0" type="stmt"/>
          <line num="56" count="0" type="stmt"/>
        </file>
      </package>
      <package name="ClientApp.app.cache">
        <metrics statements="77" coveredstatements="59" conditionals="26" coveredconditionals="19" methods="23" coveredmethods="17"/>
        <file name="basic-lru-cache.model.ts" path="/Users/thiagolima/Documents/projetos/ibge/brasil/codigofonte/ClientApp/app/cache/basic-lru-cache.model.ts">
          <metrics statements="61" coveredstatements="59" conditionals="22" coveredconditionals="19" methods="18" coveredmethods="17"/>
          <line num="1" count="3" type="stmt"/>
          <line num="2" count="3" type="stmt"/>
          <line num="3" count="3" type="stmt"/>
          <line num="4" count="3" type="stmt"/>
          <line num="6" count="12" type="cond" truecount="1" falsecount="1"/>
          <line num="7" count="12" type="stmt"/>
          <line num="8" count="12" type="stmt"/>
          <line num="13" count="3" type="stmt"/>
          <line num="14" count="16" type="stmt"/>
          <line num="15" count="16" type="stmt"/>
          <line num="20" count="3" type="stmt"/>
          <line num="21" count="19" type="stmt"/>
          <line num="22" count="19" type="stmt"/>
          <line num="23" count="19" type="stmt"/>
          <line num="31" count="3" type="stmt"/>
          <line num="32" count="16" type="stmt"/>
          <line num="33" count="16" type="cond" truecount="2" falsecount="0"/>
          <line num="34" count="8" type="stmt"/>
          <line num="35" count="8" type="stmt"/>
          <line num="36" count="8" type="stmt"/>
          <line num="38" count="8" type="stmt"/>
          <line num="40" count="3" type="stmt"/>
          <line num="41" count="0" type="stmt"/>
          <line num="46" count="3" type="stmt"/>
          <line num="47" count="1" type="stmt"/>
          <line num="49" count="3" type="stmt"/>
          <line num="50" count="12" type="stmt"/>
          <line num="52" count="3" type="stmt"/>
          <line num="53" count="39" type="stmt"/>
          <line num="55" count="3" type="stmt"/>
          <line num="56" count="19" type="cond" truecount="2" falsecount="0"/>
          <line num="57" count="2" type="stmt"/>
          <line num="60" count="3" type="stmt"/>
          <line num="61" count="23" type="cond" truecount="2" falsecount="0"/>
          <line num="63" count="3" type="stmt"/>
          <line num="64" count="2" type="stmt"/>
          <line num="65" count="2" type="stmt"/>
          <line num="66" count="3" type="stmt"/>
          <line num="67" count="2" type="cond" truecount="1" falsecount="1"/>
          <line num="68" count="2" type="stmt"/>
          <line num="69" count="2" type="stmt"/>
          <line num="70" count="2" type="stmt"/>
          <line num="71" count="2" type="stmt"/>
          <line num="72" count="3" type="stmt"/>
          <line num="74" count="2" type="stmt"/>
          <line num="78" count="3" type="stmt"/>
          <line num="79" count="2" type="stmt"/>
          <line num="80" count="2" type="stmt"/>
          <line num="81" count="4" type="stmt"/>
          <line num="82" count="4" type="cond" truecount="2" falsecount="0"/>
          <line num="83" count="3" type="stmt"/>
          <line num="85" count="4" type="stmt"/>
          <line num="86" count="4" type="stmt"/>
          <line num="89" count="3" type="stmt"/>
          <line num="90" count="51" type="cond" truecount="3" falsecount="1"/>
          <line num="91" count="0" type="stmt"/>
          <line num="93" count="51" type="stmt"/>
          <line num="95" count="3" type="stmt"/>
          <line num="96" count="51" type="cond" truecount="6" falsecount="0"/>
          <line num="103" count="3" type="stmt"/>
          <line num="105" count="3" type="stmt"/>
        </file>
        <file name="cacheFactory.service.ts" path="/Users/thiagolima/Documents/projetos/ibge/brasil/codigofonte/ClientApp/app/cache/cacheFactory.service.ts">
          <metrics statements="16" coveredstatements="0" conditionals="4" coveredconditionals="0" methods="5" coveredmethods="0"/>
          <line num="1" count="0" type="stmt"/>
          <line num="2" count="0" type="stmt"/>
          <line num="3" count="0" type="stmt"/>
          <line num="4" count="0" type="stmt"/>
          <line num="7" count="0" type="stmt"/>
          <line num="8" count="0" type="stmt"/>
          <line num="10" count="0" type="stmt"/>
          <line num="11" count="0" type="cond" truecount="0" falsecount="2"/>
          <line num="12" count="0" type="stmt"/>
          <line num="14" count="0" type="stmt"/>
          <line num="16" count="0" type="stmt"/>
          <line num="17" count="0" type="cond" truecount="0" falsecount="2"/>
          <line num="19" count="0" type="stmt"/>
          <line num="21" count="0" type="stmt"/>
          <line num="22" count="0" type="stmt"/>
          <line num="23" count="0" type="stmt"/>
        </file>
      </package>
      <package name="ClientApp.app.cache.decorators">
        <metrics statements="51" coveredstatements="48" conditionals="6" coveredconditionals="5" methods="9" coveredmethods="8"/>
        <file name="index.ts" path="/Users/thiagolima/Documents/projetos/ibge/brasil/codigofonte/ClientApp/app/cache/decorators/index.ts">
          <metrics statements="6" coveredstatements="6" conditionals="0" coveredconditionals="0" methods="0" coveredmethods="0"/>
          <line num="1" count="2" type="stmt"/>
          <line num="2" count="2" type="stmt"/>
          <line num="3" count="2" type="stmt"/>
          <line num="4" count="2" type="stmt"/>
          <line num="5" count="2" type="stmt"/>
          <line num="6" count="2" type="stmt"/>
        </file>
        <file name="rx-cache.decorator.ts" path="/Users/thiagolima/Documents/projetos/ibge/brasil/codigofonte/ClientApp/app/cache/decorators/rx-cache.decorator.ts">
          <metrics statements="28" coveredstatements="25" conditionals="4" coveredconditionals="3" methods="6" coveredmethods="5"/>
          <line num="1" count="2" type="stmt"/>
          <line num="2" count="2" type="stmt"/>
          <line num="3" count="2" type="stmt"/>
          <line num="4" count="2" type="stmt"/>
          <line num="5" count="3" type="stmt"/>
          <line num="6" count="3" type="stmt"/>
          <line num="7" count="3" type="stmt"/>
          <line num="9" count="3" type="stmt"/>
          <line num="12" count="2" type="cond" truecount="1" falsecount="1"/>
          <line num="13" count="2" type="stmt"/>
          <line num="14" count="2" type="stmt"/>
          <line num="15" count="2" type="stmt"/>
          <line num="16" count="3" type="stmt"/>
          <line num="17" count="3" type="stmt"/>
          <line num="18" count="3" type="stmt"/>
          <line num="20" count="3" type="stmt"/>
          <line num="21" count="3" type="stmt"/>
          <line num="22" count="3" type="cond" truecount="2" falsecount="0"/>
          <line num="23" count="2" type="stmt"/>
          <line num="24" count="2" type="stmt"/>
          <line num="25" count="2" type="stmt"/>
          <line num="26" count="0" type="stmt"/>
          <line num="27" count="0" type="stmt"/>
          <line num="28" count="0" type="stmt"/>
          <line num="32" count="3" type="stmt"/>
          <line num="34" count="2" type="stmt"/>
          <line num="35" count="2" type="stmt"/>
          <line num="38" count="2" type="stmt"/>
        </file>
        <file name="sync-cache.decorator.ts" path="/Users/thiagolima/Documents/projetos/ibge/brasil/codigofonte/ClientApp/app/cache/decorators/sync-cache.decorator.ts">
          <metrics statements="17" coveredstatements="17" conditionals="2" coveredconditionals="2" methods="3" coveredmethods="3"/>
          <line num="1" count="2" type="stmt"/>
          <line num="2" count="2" type="stmt"/>
          <line num="4" count="2" type="stmt"/>
          <line num="5" count="2" type="stmt"/>
          <line num="6" count="2" type="stmt"/>
          <line num="7" count="2" type="stmt"/>
          <line num="8" count="3" type="stmt"/>
          <line num="9" count="3" type="stmt"/>
          <line num="10" count="3" type="stmt"/>
          <line num="12" count="3" type="stmt"/>
          <line num="13" count="3" type="cond" truecount="2" falsecount="0"/>
          <line num="14" count="2" type="stmt"/>
          <line num="15" count="2" type="stmt"/>
          <line num="18" count="3" type="stmt"/>
          <line num="20" count="2" type="stmt"/>
          <line num="21" count="2" type="stmt"/>
          <line num="24" count="2" type="stmt"/>
        </file>
      </package>
      <package name="ClientApp.app.core">
        <metrics statements="29" coveredstatements="0" conditionals="34" coveredconditionals="0" methods="7" coveredmethods="0"/>
        <file name="core.guard.ts" path="/Users/thiagolima/Documents/projetos/ibge/brasil/codigofonte/ClientApp/app/core/core.guard.ts">
          <metrics statements="5" coveredstatements="0" conditionals="2" coveredconditionals="0" methods="1" coveredmethods="0"/>
          <line num="1" count="0" type="stmt"/>
          <line num="2" count="0" type="stmt"/>
          <line num="4" count="0" type="cond" truecount="0" falsecount="2"/>
          <line num="5" count="0" type="stmt"/>
          <line num="8" count="0" type="stmt"/>
        </file>
        <file name="core.module.ts" path="/Users/thiagolima/Documents/projetos/ibge/brasil/codigofonte/ClientApp/app/core/core.module.ts">
          <metrics statements="24" coveredstatements="0" conditionals="32" coveredconditionals="0" methods="6" coveredmethods="0"/>
          <line num="1" count="0" type="stmt"/>
          <line num="2" count="0" type="cond" truecount="0" falsecount="3"/>
          <line num="3" count="0" type="cond" truecount="0" falsecount="4"/>
          <line num="4" count="0" type="cond" truecount="0" falsecount="4"/>
          <line num="5" count="0" type="cond" truecount="0" falsecount="8"/>
          <line num="6" count="0" type="cond" truecount="0" falsecount="3"/>
          <line num="8" count="0" type="cond" truecount="0" falsecount="3"/>
          <line num="9" count="0" type="cond" truecount="0" falsecount="4"/>
          <line num="11" count="0" type="cond" truecount="0" falsecount="3"/>
          <line num="12" count="0" type="stmt"/>
          <line num="14" count="0" type="stmt"/>
          <line num="15" count="0" type="stmt"/>
          <line num="16" count="0" type="stmt"/>
          <line num="17" count="0" type="stmt"/>
          <line num="18" count="0" type="stmt"/>
          <line num="19" count="0" type="stmt"/>
          <line num="20" count="0" type="stmt"/>
          <line num="21" count="0" type="stmt"/>
          <line num="22" count="0" type="stmt"/>
          <line num="23" count="0" type="stmt"/>
          <line num="25" count="0" type="stmt"/>
          <line num="27" count="0" type="stmt"/>
          <line num="29" count="0" type="stmt"/>
          <line num="52" count="0" type="stmt"/>
        </file>
      </package>
      <package name="ClientApp.app.core.busca">
        <metrics statements="157" coveredstatements="0" conditionals="120" coveredconditionals="0" methods="32" coveredmethods="0"/>
        <file name="busca.component.ts" path="/Users/thiagolima/Documents/projetos/ibge/brasil/codigofonte/ClientApp/app/core/busca/busca.component.ts">
          <metrics statements="99" coveredstatements="0" conditionals="60" coveredconditionals="0" methods="17" coveredmethods="0"/>
          <line num="1" count="0" type="stmt"/>
          <line num="2" count="0" type="cond" truecount="0" falsecount="3"/>
          <line num="3" count="0" type="cond" truecount="0" falsecount="4"/>
          <line num="4" count="0" type="cond" truecount="0" falsecount="4"/>
          <line num="5" count="0" type="cond" truecount="0" falsecount="8"/>
          <line num="6" count="0" type="cond" truecount="0" falsecount="3"/>
          <line num="8" count="0" type="cond" truecount="0" falsecount="3"/>
          <line num="9" count="0" type="cond" truecount="0" falsecount="4"/>
          <line num="11" count="0" type="stmt"/>
          <line num="12" count="0" type="stmt"/>
          <line num="13" count="0" type="stmt"/>
          <line num="14" count="0" type="stmt"/>
          <line num="15" count="0" type="stmt"/>
          <line num="16" count="0" type="stmt"/>
          <line num="18" count="0" type="stmt"/>
          <line num="19" count="0" type="stmt"/>
          <line num="20" count="0" type="stmt"/>
          <line num="21" count="0" type="stmt"/>
          <line num="22" count="0" type="stmt"/>
          <line num="23" count="0" type="stmt"/>
          <line num="24" count="0" type="stmt"/>
          <line num="25" count="0" type="stmt"/>
          <line num="26" count="0" type="stmt"/>
          <line num="27" count="0" type="stmt"/>
          <line num="28" count="0" type="stmt"/>
          <line num="29" count="0" type="stmt"/>
          <line num="30" count="0" type="stmt"/>
          <line num="31" count="0" type="stmt"/>
          <line num="32" count="0" type="stmt"/>
          <line num="34" count="0" type="stmt"/>
          <line num="35" count="0" type="stmt"/>
          <line num="36" count="0" type="stmt"/>
          <line num="37" count="0" type="stmt"/>
          <line num="40" count="0" type="stmt"/>
          <line num="41" count="0" type="stmt"/>
          <line num="43" count="0" type="stmt"/>
          <line num="44" count="0" type="stmt"/>
          <line num="45" count="0" type="stmt"/>
          <line num="47" count="0" type="stmt"/>
          <line num="49" count="0" type="stmt"/>
          <line num="50" count="0" type="stmt"/>
          <line num="51" count="0" type="stmt"/>
          <line num="52" count="0" type="stmt"/>
          <line num="53" count="0" type="stmt"/>
          <line num="54" count="0" type="stmt"/>
          <line num="55" count="0" type="stmt"/>
          <line num="56" count="0" type="stmt"/>
          <line num="57" count="0" type="stmt"/>
          <line num="58" count="0" type="stmt"/>
          <line num="59" count="0" type="stmt"/>
          <line num="66" count="0" type="stmt"/>
          <line num="68" count="0" type="stmt"/>
          <line num="69" count="0" type="stmt"/>
          <line num="70" count="0" type="stmt"/>
          <line num="71" count="0" type="stmt"/>
          <line num="72" count="0" type="stmt"/>
          <line num="73" count="0" type="cond" truecount="0" falsecount="2"/>
          <line num="74" count="0" type="stmt"/>
          <line num="75" count="0" type="stmt"/>
          <line num="77" count="0" type="cond" truecount="0" falsecount="2"/>
          <line num="78" count="0" type="stmt"/>
          <line num="79" count="0" type="stmt"/>
          <line num="80" count="0" type="stmt"/>
          <line num="82" count="0" type="stmt"/>
          <line num="90" count="0" type="cond" truecount="0" falsecount="2"/>
          <line num="91" count="0" type="stmt"/>
          <line num="95" count="0" type="stmt"/>
          <line num="96" count="0" type="stmt"/>
          <line num="97" count="0" type="stmt"/>
          <line num="98" count="0" type="stmt"/>
          <line num="100" count="0" type="stmt"/>
          <line num="101" count="0" type="stmt"/>
          <line num="102" count="0" type="cond" truecount="0" falsecount="3"/>
          <line num="104" count="0" type="stmt"/>
          <line num="105" count="0" type="stmt"/>
          <line num="107" count="0" type="stmt"/>
          <line num="108" count="0" type="stmt"/>
          <line num="110" count="0" type="stmt"/>
          <line num="111" count="0" type="stmt"/>
          <line num="114" count="0" type="stmt"/>
          <line num="115" count="0" type="stmt"/>
          <line num="116" count="0" type="cond" truecount="0" falsecount="2"/>
          <line num="117" count="0" type="stmt"/>
          <line num="120" count="0" type="stmt"/>
          <line num="122" count="0" type="stmt"/>
          <line num="124" count="0" type="stmt"/>
          <line num="125" count="0" type="stmt"/>
          <line num="126" count="0" type="stmt"/>
          <line num="127" count="0" type="stmt"/>
          <line num="129" count="0" type="stmt"/>
          <line num="130" count="0" type="stmt"/>
          <line num="131" count="0" type="stmt"/>
          <line num="132" count="0" type="stmt"/>
          <line num="133" count="0" type="stmt"/>
          <line num="135" count="0" type="stmt"/>
          <line num="137" count="0" type="stmt"/>
          <line num="141" count="0" type="stmt"/>
          <line num="145" count="0" type="stmt"/>
          <line num="153" count="0" type="stmt"/>
        </file>
        <file name="busca.service.ts" path="/Users/thiagolima/Documents/projetos/ibge/brasil/codigofonte/ClientApp/app/core/busca/busca.service.ts">
          <metrics statements="58" coveredstatements="0" conditionals="60" coveredconditionals="0" methods="15" coveredmethods="0"/>
          <line num="1" count="0" type="stmt"/>
          <line num="2" count="0" type="cond" truecount="0" falsecount="3"/>
          <line num="3" count="0" type="cond" truecount="0" falsecount="4"/>
          <line num="4" count="0" type="cond" truecount="0" falsecount="4"/>
          <line num="5" count="0" type="cond" truecount="0" falsecount="8"/>
          <line num="6" count="0" type="cond" truecount="0" falsecount="3"/>
          <line num="8" count="0" type="cond" truecount="0" falsecount="3"/>
          <line num="9" count="0" type="cond" truecount="0" falsecount="4"/>
          <line num="11" count="0" type="stmt"/>
          <line num="12" count="0" type="stmt"/>
          <line num="13" count="0" type="stmt"/>
          <line num="14" count="0" type="stmt"/>
          <line num="15" count="0" type="stmt"/>
          <line num="16" count="0" type="stmt"/>
          <line num="17" count="0" type="stmt"/>
          <line num="18" count="0" type="stmt"/>
          <line num="19" count="0" type="stmt"/>
          <line num="20" count="0" type="stmt"/>
          <line num="21" count="0" type="stmt"/>
          <line num="22" count="0" type="stmt"/>
          <line num="23" count="0" type="stmt"/>
          <line num="25" count="0" type="stmt"/>
          <line num="26" count="0" type="stmt"/>
          <line num="27" count="0" type="stmt"/>
          <line num="28" count="0" type="stmt"/>
          <line num="29" count="0" type="stmt"/>
          <line num="30" count="0" type="stmt"/>
          <line num="33" count="0" type="stmt"/>
          <line num="34" count="0" type="stmt"/>
          <line num="35" count="0" type="stmt"/>
          <line num="36" count="0" type="stmt"/>
          <line num="37" count="0" type="cond" truecount="0" falsecount="2"/>
          <line num="38" count="0" type="stmt"/>
          <line num="40" count="0" type="stmt"/>
          <line num="41" count="0" type="stmt"/>
          <line num="42" count="0" type="stmt"/>
          <line num="43" count="0" type="cond" truecount="0" falsecount="2"/>
          <line num="44" count="0" type="stmt"/>
          <line num="46" count="0" type="stmt"/>
          <line num="48" count="0" type="stmt"/>
          <line num="52" count="0" type="stmt"/>
          <line num="53" count="0" type="stmt"/>
          <line num="54" count="0" type="stmt"/>
          <line num="55" count="0" type="stmt"/>
          <line num="57" count="0" type="stmt"/>
          <line num="58" count="0" type="stmt"/>
          <line num="59" count="0" type="stmt"/>
          <line num="61" count="0" type="stmt"/>
          <line num="62" count="0" type="stmt"/>
          <line num="73" count="0" type="stmt"/>
          <line num="76" count="0" type="stmt"/>
          <line num="77" count="0" type="stmt"/>
          <line num="79" count="0" type="cond" truecount="0" falsecount="3"/>
          <line num="82" count="0" type="cond" truecount="0" falsecount="2"/>
          <line num="85" count="0" type="cond" truecount="0" falsecount="2"/>
          <line num="89" count="0" type="stmt"/>
          <line num="91" count="0" type="stmt"/>
          <line num="95" count="0" type="stmt"/>
        </file>
      </package>
      <package name="ClientApp.app.core.seletor-localidade">
        <metrics statements="162" coveredstatements="0" conditionals="140" coveredconditionals="0" methods="34" coveredmethods="0"/>
        <file name="seletor-localidade.component.ts" path="/Users/thiagolima/Documents/projetos/ibge/brasil/codigofonte/ClientApp/app/core/seletor-localidade/seletor-localidade.component.ts">
          <metrics statements="162" coveredstatements="0" conditionals="140" coveredconditionals="0" methods="34" coveredmethods="0"/>
          <line num="1" count="0" type="stmt"/>
          <line num="2" count="0" type="cond" truecount="0" falsecount="3"/>
          <line num="3" count="0" type="cond" truecount="0" falsecount="4"/>
          <line num="4" count="0" type="cond" truecount="0" falsecount="4"/>
          <line num="5" count="0" type="cond" truecount="0" falsecount="8"/>
          <line num="6" count="0" type="cond" truecount="0" falsecount="3"/>
          <line num="8" count="0" type="cond" truecount="0" falsecount="3"/>
          <line num="9" count="0" type="cond" truecount="0" falsecount="4"/>
          <line num="11" count="0" type="stmt"/>
          <line num="12" count="0" type="stmt"/>
          <line num="13" count="0" type="stmt"/>
          <line num="14" count="0" type="stmt"/>
          <line num="15" count="0" type="stmt"/>
          <line num="16" count="0" type="stmt"/>
          <line num="17" count="0" type="stmt"/>
          <line num="18" count="0" type="stmt"/>
          <line num="19" count="0" type="stmt"/>
          <line num="20" count="0" type="stmt"/>
          <line num="21" count="0" type="stmt"/>
          <line num="22" count="0" type="stmt"/>
          <line num="23" count="0" type="stmt"/>
          <line num="24" count="0" type="stmt"/>
          <line num="26" count="0" type="stmt"/>
          <line num="27" count="0" type="stmt"/>
          <line num="28" count="0" type="stmt"/>
          <line num="29" count="0" type="stmt"/>
          <line num="30" count="0" type="stmt"/>
          <line num="31" count="0" type="stmt"/>
          <line num="32" count="0" type="stmt"/>
          <line num="33" count="0" type="stmt"/>
          <line num="34" count="0" type="stmt"/>
          <line num="35" count="0" type="stmt"/>
          <line num="36" count="0" type="stmt"/>
          <line num="37" count="0" type="stmt"/>
          <line num="38" count="0" type="stmt"/>
          <line num="39" count="0" type="stmt"/>
          <line num="45" count="0" type="cond" truecount="0" falsecount="2"/>
          <line num="46" count="0" type="stmt"/>
          <line num="47" count="0" type="stmt"/>
          <line num="48" count="0" type="cond" truecount="0" falsecount="2"/>
          <line num="49" count="0" type="stmt"/>
          <line num="51" count="0" type="stmt"/>
          <line num="52" count="0" type="cond" truecount="0" falsecount="2"/>
          <line num="53" count="0" type="stmt"/>
          <line num="55" count="0" type="stmt"/>
          <line num="56" count="0" type="stmt"/>
          <line num="58" count="0" type="stmt"/>
          <line num="59" count="0" type="stmt"/>
          <line num="64" count="0" type="cond" truecount="0" falsecount="4"/>
          <line num="67" count="0" type="stmt"/>
          <line num="74" count="0" type="stmt"/>
          <line num="77" count="0" type="stmt"/>
          <line num="78" count="0" type="cond" truecount="0" falsecount="2"/>
          <line num="79" count="0" type="stmt"/>
          <line num="81" count="0" type="cond" truecount="0" falsecount="2"/>
          <line num="82" count="0" type="stmt"/>
          <line num="84" count="0" type="cond" truecount="0" falsecount="2"/>
          <line num="85" count="0" type="stmt"/>
          <line num="86" count="0" type="stmt"/>
          <line num="87" count="0" type="cond" truecount="0" falsecount="2"/>
          <line num="88" count="0" type="stmt"/>
          <line num="89" count="0" type="cond" truecount="0" falsecount="2"/>
          <line num="90" count="0" type="stmt"/>
          <line num="93" count="0" type="stmt"/>
          <line num="95" count="0" type="stmt"/>
          <line num="96" count="0" type="stmt"/>
          <line num="97" count="0" type="cond" truecount="0" falsecount="2"/>
          <line num="98" count="0" type="stmt"/>
          <line num="100" count="0" type="cond" truecount="0" falsecount="4"/>
          <line num="101" count="0" type="stmt"/>
          <line num="103" count="0" type="stmt"/>
          <line num="105" count="0" type="cond" truecount="0" falsecount="2"/>
          <line num="106" count="0" type="cond" truecount="0" falsecount="2"/>
          <line num="108" count="0" type="stmt"/>
          <line num="110" count="0" type="stmt"/>
          <line num="113" count="0" type="stmt"/>
          <line num="114" count="0" type="cond" truecount="0" falsecount="2"/>
          <line num="115" count="0" type="stmt"/>
          <line num="116" count="0" type="stmt"/>
          <line num="119" count="0" type="stmt"/>
          <line num="120" count="0" type="stmt"/>
          <line num="126" count="0" type="stmt"/>
          <line num="128" count="0" type="stmt"/>
          <line num="131" count="0" type="stmt"/>
          <line num="132" count="0" type="cond" truecount="0" falsecount="2"/>
          <line num="133" count="0" type="stmt"/>
          <line num="135" count="0" type="stmt"/>
          <line num="136" count="0" type="cond" truecount="0" falsecount="2"/>
          <line num="137" count="0" type="stmt"/>
          <line num="138" count="0" type="stmt"/>
          <line num="139" count="0" type="stmt"/>
          <line num="143" count="0" type="stmt"/>
          <line num="145" count="0" type="cond" truecount="0" falsecount="2"/>
          <line num="146" count="0" type="stmt"/>
          <line num="152" count="0" type="stmt"/>
          <line num="153" count="0" type="stmt"/>
          <line num="154" count="0" type="stmt"/>
          <line num="157" count="0" type="stmt"/>
          <line num="159" count="0" type="stmt"/>
          <line num="162" count="0" type="stmt"/>
          <line num="163" count="0" type="cond" truecount="0" falsecount="2"/>
          <line num="164" count="0" type="stmt"/>
          <line num="166" count="0" type="stmt"/>
          <line num="167" count="0" type="stmt"/>
          <line num="168" count="0" type="stmt"/>
          <line num="171" count="0" type="stmt"/>
          <line num="173" count="0" type="stmt"/>
          <line num="175" count="0" type="stmt"/>
          <line num="177" count="0" type="cond" truecount="0" falsecount="4"/>
          <line num="179" count="0" type="stmt"/>
          <line num="181" count="0" type="cond" truecount="0" falsecount="6"/>
          <line num="182" count="0" type="stmt"/>
          <line num="183" count="0" type="stmt"/>
          <line num="184" count="0" type="stmt"/>
          <line num="185" count="0" type="stmt"/>
          <line num="187" count="0" type="stmt"/>
          <line num="188" count="0" type="stmt"/>
          <line num="189" count="0" type="stmt"/>
          <line num="190" count="0" type="stmt"/>
          <line num="191" count="0" type="stmt"/>
          <line num="192" count="0" type="stmt"/>
          <line num="194" count="0" type="stmt"/>
          <line num="195" count="0" type="cond" truecount="0" falsecount="2"/>
          <line num="196" count="0" type="stmt"/>
          <line num="197" count="0" type="stmt"/>
          <line num="198" count="0" type="stmt"/>
          <line num="200" count="0" type="cond" truecount="0" falsecount="2"/>
          <line num="202" count="0" type="stmt"/>
          <line num="203" count="0" type="stmt"/>
          <line num="204" count="0" type="cond" truecount="0" falsecount="2"/>
          <line num="205" count="0" type="stmt"/>
          <line num="209" count="0" type="stmt"/>
          <line num="210" count="0" type="cond" truecount="0" falsecount="2"/>
          <line num="211" count="0" type="cond" truecount="0" falsecount="2"/>
          <line num="212" count="0" type="stmt"/>
          <line num="214" count="0" type="cond" truecount="0" falsecount="2"/>
          <line num="215" count="0" type="cond" truecount="0" falsecount="2"/>
          <line num="216" count="0" type="stmt"/>
          <line num="217" count="0" type="cond" truecount="0" falsecount="2"/>
          <line num="218" count="0" type="stmt"/>
          <line num="221" count="0" type="cond" truecount="0" falsecount="2"/>
          <line num="222" count="0" type="stmt"/>
          <line num="223" count="0" type="cond" truecount="0" falsecount="2"/>
          <line num="224" count="0" type="stmt"/>
          <line num="227" count="0" type="stmt"/>
          <line num="228" count="0" type="stmt"/>
          <line num="230" count="0" type="stmt"/>
          <line num="231" count="0" type="cond" truecount="0" falsecount="4"/>
          <line num="232" count="0" type="stmt"/>
          <line num="235" count="0" type="stmt"/>
          <line num="238" count="0" type="stmt"/>
          <line num="239" count="0" type="cond" truecount="0" falsecount="2"/>
          <line num="240" count="0" type="stmt"/>
          <line num="243" count="0" type="stmt"/>
          <line num="245" count="0" type="stmt"/>
          <line num="249" count="0" type="stmt"/>
          <line num="253" count="0" type="stmt"/>
          <line num="257" count="0" type="stmt"/>
          <line num="261" count="0" type="stmt"/>
          <line num="267" count="0" type="stmt"/>
          <line num="273" count="0" type="stmt"/>
          <line num="282" count="0" type="stmt"/>
        </file>
      </package>
      <package name="ClientApp.app.core.titulo-browser">
        <metrics statements="53" coveredstatements="0" conditionals="69" coveredconditionals="0" methods="8" coveredmethods="0"/>
        <file name="titulo-browser.component.ts" path="/Users/thiagolima/Documents/projetos/ibge/brasil/codigofonte/ClientApp/app/core/titulo-browser/titulo-browser.component.ts">
          <metrics statements="53" coveredstatements="0" conditionals="69" coveredconditionals="0" methods="8" coveredmethods="0"/>
          <line num="1" count="0" type="stmt"/>
          <line num="2" count="0" type="cond" truecount="0" falsecount="3"/>
          <line num="3" count="0" type="cond" truecount="0" falsecount="4"/>
          <line num="4" count="0" type="cond" truecount="0" falsecount="4"/>
          <line num="5" count="0" type="cond" truecount="0" falsecount="8"/>
          <line num="6" count="0" type="cond" truecount="0" falsecount="3"/>
          <line num="8" count="0" type="cond" truecount="0" falsecount="3"/>
          <line num="9" count="0" type="cond" truecount="0" falsecount="4"/>
          <line num="11" count="0" type="stmt"/>
          <line num="12" count="0" type="stmt"/>
          <line num="13" count="0" type="stmt"/>
          <line num="14" count="0" type="stmt"/>
          <line num="15" count="0" type="stmt"/>
          <line num="16" count="0" type="stmt"/>
          <line num="17" count="0" type="stmt"/>
          <line num="21" count="0" type="stmt"/>
          <line num="23" count="0" type="stmt"/>
          <line num="24" count="0" type="stmt"/>
          <line num="25" count="0" type="stmt"/>
          <line num="26" count="0" type="stmt"/>
          <line num="27" count="0" type="stmt"/>
          <line num="29" count="0" type="stmt"/>
          <line num="30" count="0" type="stmt"/>
          <line num="31" count="0" type="stmt"/>
          <line num="32" count="0" type="cond" truecount="0" falsecount="4"/>
          <line num="33" count="0" type="stmt"/>
          <line num="34" count="0" type="stmt"/>
          <line num="35" count="0" type="cond" truecount="0" falsecount="2"/>
          <line num="36" count="0" type="stmt"/>
          <line num="39" count="0" type="stmt"/>
          <line num="41" count="0" type="stmt"/>
          <line num="42" count="0" type="cond" truecount="0" falsecount="2"/>
          <line num="43" count="0" type="stmt"/>
          <line num="44" count="0" type="stmt"/>
          <line num="46" count="0" type="cond" truecount="0" falsecount="2"/>
          <line num="47" count="0" type="stmt"/>
          <line num="48" count="0" type="stmt"/>
          <line num="50" count="0" type="cond" truecount="0" falsecount="2"/>
          <line num="51" count="0" type="stmt"/>
          <line num="52" count="0" type="cond" truecount="0" falsecount="2"/>
          <line num="53" count="0" type="stmt"/>
          <line num="54" count="0" type="stmt"/>
          <line num="55" count="0" type="cond" truecount="0" falsecount="2"/>
          <line num="56" count="0" type="stmt"/>
          <line num="57" count="0" type="cond" truecount="0" falsecount="2"/>
          <line num="58" count="0" type="stmt"/>
          <line num="61" count="0" type="stmt"/>
          <line num="62" count="0" type="cond" truecount="0" falsecount="2"/>
          <line num="63" count="0" type="stmt"/>
          <line num="65" count="0" type="stmt"/>
          <line num="73" count="0" type="stmt"/>
          <line num="75" count="0" type="stmt"/>
          <line num="82" count="0" type="stmt"/>
        </file>
      </package>
      <package name="ClientApp.app.infografia">
        <metrics statements="149" coveredstatements="0" conditionals="146" coveredconditionals="0" methods="41" coveredmethods="0"/>
        <file name="infografia.module.ts" path="/Users/thiagolima/Documents/projetos/ibge/brasil/codigofonte/ClientApp/app/infografia/infografia.module.ts">
          <metrics statements="17" coveredstatements="0" conditionals="22" coveredconditionals="0" methods="3" coveredmethods="0"/>
          <line num="1" count="0" type="stmt"/>
          <line num="2" count="0" type="cond" truecount="0" falsecount="3"/>
          <line num="3" count="0" type="cond" truecount="0" falsecount="4"/>
          <line num="4" count="0" type="cond" truecount="0" falsecount="4"/>
          <line num="5" count="0" type="cond" truecount="0" falsecount="8"/>
          <line num="6" count="0" type="cond" truecount="0" falsecount="3"/>
          <line num="8" count="0" type="stmt"/>
          <line num="9" count="0" type="stmt"/>
          <line num="10" count="0" type="stmt"/>
          <line num="11" count="0" type="stmt"/>
          <line num="12" count="0" type="stmt"/>
          <line num="13" count="0" type="stmt"/>
          <line num="14" count="0" type="stmt"/>
          <line num="15" count="0" type="stmt"/>
          <line num="18" count="0" type="stmt"/>
          <line num="20" count="0" type="stmt"/>
          <line num="41" count="0" type="stmt"/>
        </file>
        <file name="ng2-charts.module.ts" path="/Users/thiagolima/Documents/projetos/ibge/brasil/codigofonte/ClientApp/app/infografia/ng2-charts.module.ts">
          <metrics statements="132" coveredstatements="0" conditionals="124" coveredconditionals="0" methods="38" coveredmethods="0"/>
          <line num="1" count="0" type="stmt"/>
          <line num="2" count="0" type="cond" truecount="0" falsecount="3"/>
          <line num="3" count="0" type="cond" truecount="0" falsecount="4"/>
          <line num="4" count="0" type="cond" truecount="0" falsecount="4"/>
          <line num="5" count="0" type="cond" truecount="0" falsecount="8"/>
          <line num="6" count="0" type="cond" truecount="0" falsecount="3"/>
          <line num="8" count="0" type="cond" truecount="0" falsecount="3"/>
          <line num="9" count="0" type="cond" truecount="0" falsecount="4"/>
          <line num="11" count="0" type="stmt"/>
          <line num="12" count="0" type="stmt"/>
          <line num="13" count="0" type="stmt"/>
          <line num="15" count="0" type="stmt"/>
          <line num="17" count="0" type="stmt"/>
          <line num="18" count="0" type="stmt"/>
          <line num="19" count="0" type="stmt"/>
          <line num="20" count="0" type="stmt"/>
          <line num="21" count="0" type="stmt"/>
          <line num="22" count="0" type="stmt"/>
          <line num="23" count="0" type="stmt"/>
          <line num="25" count="0" type="stmt"/>
          <line num="26" count="0" type="cond" truecount="0" falsecount="2"/>
          <line num="27" count="0" type="stmt"/>
          <line num="28" count="0" type="stmt"/>
          <line num="29" count="0" type="stmt"/>
          <line num="30" count="0" type="cond" truecount="0" falsecount="4"/>
          <line num="31" count="0" type="stmt"/>
          <line num="35" count="0" type="stmt"/>
          <line num="36" count="0" type="cond" truecount="0" falsecount="4"/>
          <line num="38" count="0" type="cond" truecount="0" falsecount="4"/>
          <line num="39" count="0" type="cond" truecount="0" falsecount="2"/>
          <line num="40" count="0" type="stmt"/>
          <line num="43" count="0" type="stmt"/>
          <line num="51" count="0" type="stmt"/>
          <line num="54" count="0" type="stmt"/>
          <line num="55" count="0" type="cond" truecount="0" falsecount="4"/>
          <line num="56" count="0" type="stmt"/>
          <line num="57" count="0" type="stmt"/>
          <line num="60" count="0" type="stmt"/>
          <line num="61" count="0" type="stmt"/>
          <line num="62" count="0" type="stmt"/>
          <line num="63" count="0" type="stmt"/>
          <line num="64" count="0" type="cond" truecount="0" falsecount="2"/>
          <line num="65" count="0" type="stmt"/>
          <line num="68" count="0" type="cond" truecount="0" falsecount="2"/>
          <line num="69" count="0" type="cond" truecount="0" falsecount="2"/>
          <line num="70" count="0" type="stmt"/>
          <line num="71" count="0" type="cond" truecount="0" falsecount="4"/>
          <line num="72" count="0" type="stmt"/>
          <line num="74" count="0" type="stmt"/>
          <line num="77" count="0" type="cond" truecount="0" falsecount="2"/>
          <line num="78" count="0" type="stmt"/>
          <line num="79" count="0" type="stmt"/>
          <line num="82" count="0" type="stmt"/>
          <line num="90" count="0" type="cond" truecount="0" falsecount="2"/>
          <line num="91" count="0" type="stmt"/>
          <line num="93" count="0" type="stmt"/>
          <line num="95" count="0" type="stmt"/>
          <line num="96" count="0" type="cond" truecount="0" falsecount="2"/>
          <line num="97" count="0" type="stmt"/>
          <line num="98" count="0" type="stmt"/>
          <line num="99" count="0" type="cond" truecount="0" falsecount="2"/>
          <line num="100" count="0" type="stmt"/>
          <line num="105" count="0" type="stmt"/>
          <line num="108" count="0" type="stmt"/>
          <line num="109" count="0" type="stmt"/>
          <line num="110" count="0" type="stmt"/>
          <line num="112" count="0" type="cond" truecount="0" falsecount="6"/>
          <line num="113" count="0" type="cond" truecount="0" falsecount="2"/>
          <line num="114" count="0" type="stmt"/>
          <line num="115" count="0" type="cond" truecount="0" falsecount="2"/>
          <line num="119" count="0" type="stmt"/>
          <line num="122" count="0" type="cond" truecount="0" falsecount="6"/>
          <line num="124" count="0" type="cond" truecount="0" falsecount="2"/>
          <line num="126" count="0" type="stmt"/>
          <line num="127" count="0" type="cond" truecount="0" falsecount="4"/>
          <line num="128" count="0" type="stmt"/>
          <line num="131" count="0" type="stmt"/>
          <line num="133" count="0" type="stmt"/>
          <line num="136" count="0" type="cond" truecount="0" falsecount="2"/>
          <line num="137" count="0" type="stmt"/>
          <line num="139" count="0" type="stmt"/>
          <line num="141" count="0" type="stmt"/>
          <line num="146" count="0" type="stmt"/>
          <line num="147" count="0" type="stmt"/>
          <line num="149" count="0" type="stmt"/>
          <line num="151" count="0" type="stmt"/>
          <line num="165" count="0" type="stmt"/>
          <line num="169" count="0" type="stmt"/>
          <line num="173" count="0" type="stmt"/>
          <line num="177" count="0" type="stmt"/>
          <line num="181" count="0" type="stmt"/>
          <line num="185" count="0" type="stmt"/>
          <line num="189" count="0" type="stmt"/>
          <line num="193" count="0" type="stmt"/>
          <line num="197" count="0" type="stmt"/>
          <line num="201" count="0" type="stmt"/>
          <line num="205" count="0" type="stmt"/>
          <line num="207" count="0" type="stmt"/>
          <line num="210" count="0" type="stmt"/>
          <line num="213" count="0" type="stmt"/>
          <line num="223" count="0" type="stmt"/>
          <line num="231" count="0" type="stmt"/>
          <line num="232" count="0" type="stmt"/>
          <line num="233" count="0" type="stmt"/>
          <line num="234" count="0" type="stmt"/>
          <line num="235" count="0" type="stmt"/>
          <line num="236" count="0" type="stmt"/>
          <line num="237" count="0" type="stmt"/>
          <line num="241" count="0" type="stmt"/>
          <line num="242" count="0" type="stmt"/>
          <line num="243" count="0" type="stmt"/>
          <line num="244" count="0" type="stmt"/>
          <line num="245" count="0" type="stmt"/>
          <line num="249" count="0" type="stmt"/>
          <line num="257" count="0" type="cond" truecount="0" falsecount="2"/>
          <line num="265" count="0" type="stmt"/>
          <line num="266" count="0" type="stmt"/>
          <line num="267" count="0" type="cond" truecount="0" falsecount="2"/>
          <line num="269" count="0" type="stmt"/>
          <line num="279" count="0" type="cond" truecount="0" falsecount="4"/>
          <line num="280" count="0" type="stmt"/>
          <line num="282" count="0" type="cond" truecount="0" falsecount="2"/>
          <line num="283" count="0" type="stmt"/>
          <line num="285" count="0" type="cond" truecount="0" falsecount="4"/>
          <line num="286" count="0" type="stmt"/>
          <line num="288" count="0" type="cond" truecount="0" falsecount="4"/>
          <line num="289" count="0" type="stmt"/>
          <line num="291" count="0" type="stmt"/>
          <line num="293" count="0" type="stmt"/>
          <line num="296" count="0" type="stmt"/>
          <line num="298" count="0" type="stmt"/>
          <line num="309" count="0" type="stmt"/>
        </file>
      </package>
      <package name="ClientApp.app.infografia.cartograma">
        <metrics statements="267" coveredstatements="0" conditionals="188" coveredconditionals="0" methods="62" coveredmethods="0"/>
        <file name="cartograma.component.ts" path="/Users/thiagolima/Documents/projetos/ibge/brasil/codigofonte/ClientApp/app/infografia/cartograma/cartograma.component.ts">
          <metrics statements="122" coveredstatements="0" conditionals="98" coveredconditionals="0" methods="31" coveredmethods="0"/>
          <line num="1" count="0" type="stmt"/>
          <line num="2" count="0" type="cond" truecount="0" falsecount="3"/>
          <line num="3" count="0" type="cond" truecount="0" falsecount="4"/>
          <line num="4" count="0" type="cond" truecount="0" falsecount="4"/>
          <line num="5" count="0" type="cond" truecount="0" falsecount="8"/>
          <line num="6" count="0" type="cond" truecount="0" falsecount="3"/>
          <line num="8" count="0" type="cond" truecount="0" falsecount="3"/>
          <line num="9" count="0" type="cond" truecount="0" falsecount="4"/>
          <line num="11" count="0" type="stmt"/>
          <line num="12" count="0" type="stmt"/>
          <line num="13" count="0" type="stmt"/>
          <line num="14" count="0" type="stmt"/>
          <line num="15" count="0" type="stmt"/>
          <line num="16" count="0" type="stmt"/>
          <line num="17" count="0" type="stmt"/>
          <line num="18" count="0" type="stmt"/>
          <line num="19" count="0" type="stmt"/>
          <line num="20" count="0" type="stmt"/>
          <line num="21" count="0" type="stmt"/>
          <line num="22" count="0" type="stmt"/>
          <line num="23" count="0" type="stmt"/>
          <line num="30" count="0" type="stmt"/>
          <line num="32" count="0" type="stmt"/>
          <line num="33" count="0" type="stmt"/>
          <line num="34" count="0" type="stmt"/>
          <line num="35" count="0" type="stmt"/>
          <line num="36" count="0" type="stmt"/>
          <line num="37" count="0" type="stmt"/>
          <line num="39" count="0" type="stmt"/>
          <line num="40" count="0" type="stmt"/>
          <line num="41" count="0" type="stmt"/>
          <line num="43" count="0" type="stmt"/>
          <line num="44" count="0" type="stmt"/>
          <line num="45" count="0" type="stmt"/>
          <line num="49" count="0" type="stmt"/>
          <line num="52" count="0" type="stmt"/>
          <line num="55" count="0" type="stmt"/>
          <line num="56" count="0" type="cond" truecount="0" falsecount="2"/>
          <line num="59" count="0" type="stmt"/>
          <line num="60" count="0" type="stmt"/>
          <line num="61" count="0" type="stmt"/>
          <line num="64" count="0" type="stmt"/>
          <line num="65" count="0" type="cond" truecount="0" falsecount="2"/>
          <line num="66" count="0" type="stmt"/>
          <line num="67" count="0" type="cond" truecount="0" falsecount="2"/>
          <line num="70" count="0" type="stmt"/>
          <line num="71" count="0" type="stmt"/>
          <line num="72" count="0" type="cond" truecount="0" falsecount="2"/>
          <line num="73" count="0" type="stmt"/>
          <line num="74" count="0" type="stmt"/>
          <line num="76" count="0" type="stmt"/>
          <line num="77" count="0" type="stmt"/>
          <line num="78" count="0" type="stmt"/>
          <line num="81" count="0" type="stmt"/>
          <line num="82" count="0" type="cond" truecount="0" falsecount="6"/>
          <line num="85" count="0" type="stmt"/>
          <line num="87" count="0" type="cond" truecount="0" falsecount="6"/>
          <line num="90" count="0" type="stmt"/>
          <line num="93" count="0" type="stmt"/>
          <line num="94" count="0" type="cond" truecount="0" falsecount="2"/>
          <line num="95" count="0" type="stmt"/>
          <line num="96" count="0" type="cond" truecount="0" falsecount="2"/>
          <line num="97" count="0" type="stmt"/>
          <line num="99" count="0" type="stmt"/>
          <line num="102" count="0" type="stmt"/>
          <line num="105" count="0" type="stmt"/>
          <line num="106" count="0" type="stmt"/>
          <line num="108" count="0" type="stmt"/>
          <line num="109" count="0" type="stmt"/>
          <line num="111" count="0" type="stmt"/>
          <line num="112" count="0" type="stmt"/>
          <line num="114" count="0" type="stmt"/>
          <line num="115" count="0" type="stmt"/>
          <line num="116" count="0" type="stmt"/>
          <line num="117" count="0" type="cond" truecount="0" falsecount="2"/>
          <line num="119" count="0" type="stmt"/>
          <line num="120" count="0" type="stmt"/>
          <line num="122" count="0" type="stmt"/>
          <line num="124" count="0" type="stmt"/>
          <line num="128" count="0" type="stmt"/>
          <line num="132" count="0" type="stmt"/>
          <line num="136" count="0" type="stmt"/>
          <line num="140" count="0" type="stmt"/>
          <line num="149" count="0" type="stmt"/>
          <line num="150" count="0" type="stmt"/>
          <line num="152" count="0" type="stmt"/>
          <line num="153" count="0" type="stmt"/>
          <line num="154" count="0" type="stmt"/>
          <line num="156" count="0" type="stmt"/>
          <line num="157" count="0" type="stmt"/>
          <line num="158" count="0" type="stmt"/>
          <line num="161" count="0" type="stmt"/>
          <line num="162" count="0" type="cond" truecount="0" falsecount="2"/>
          <line num="165" count="0" type="stmt"/>
          <line num="167" count="0" type="stmt"/>
          <line num="168" count="0" type="cond" truecount="0" falsecount="2"/>
          <line num="169" count="0" type="stmt"/>
          <line num="170" count="0" type="stmt"/>
          <line num="172" count="0" type="cond" truecount="0" falsecount="2"/>
          <line num="173" count="0" type="stmt"/>
          <line num="175" count="0" type="cond" truecount="0" falsecount="2"/>
          <line num="176" count="0" type="stmt"/>
          <line num="178" count="0" type="cond" truecount="0" falsecount="2"/>
          <line num="179" count="0" type="stmt"/>
          <line num="182" count="0" type="stmt"/>
          <line num="184" count="0" type="stmt"/>
          <line num="187" count="0" type="stmt"/>
          <line num="188" count="0" type="cond" truecount="0" falsecount="4"/>
          <line num="189" count="0" type="stmt"/>
          <line num="191" count="0" type="cond" truecount="0" falsecount="4"/>
          <line num="192" count="0" type="stmt"/>
          <line num="195" count="0" type="stmt"/>
          <line num="198" count="0" type="stmt"/>
          <line num="200" count="0" type="stmt"/>
          <line num="204" count="0" type="stmt"/>
          <line num="208" count="0" type="stmt"/>
          <line num="212" count="0" type="stmt"/>
          <line num="216" count="0" type="stmt"/>
          <line num="220" count="0" type="stmt"/>
          <line num="224" count="0" type="stmt"/>
          <line num="228" count="0" type="stmt"/>
          <line num="236" count="0" type="stmt"/>
        </file>
        <file name="mapa.service.ts" path="/Users/thiagolima/Documents/projetos/ibge/brasil/codigofonte/ClientApp/app/infografia/cartograma/mapa.service.ts">
          <metrics statements="145" coveredstatements="0" conditionals="90" coveredconditionals="0" methods="31" coveredmethods="0"/>
          <line num="1" count="0" type="stmt"/>
          <line num="2" count="0" type="cond" truecount="0" falsecount="3"/>
          <line num="3" count="0" type="cond" truecount="0" falsecount="4"/>
          <line num="4" count="0" type="cond" truecount="0" falsecount="4"/>
          <line num="5" count="0" type="cond" truecount="0" falsecount="8"/>
          <line num="6" count="0" type="cond" truecount="0" falsecount="3"/>
          <line num="8" count="0" type="cond" truecount="0" falsecount="3"/>
          <line num="9" count="0" type="cond" truecount="0" falsecount="4"/>
          <line num="11" count="0" type="cond" truecount="0" falsecount="3"/>
          <line num="12" count="0" type="stmt"/>
          <line num="14" count="0" type="stmt"/>
          <line num="15" count="0" type="stmt"/>
          <line num="16" count="0" type="stmt"/>
          <line num="17" count="0" type="stmt"/>
          <line num="18" count="0" type="stmt"/>
          <line num="19" count="0" type="stmt"/>
          <line num="20" count="0" type="stmt"/>
          <line num="21" count="0" type="stmt"/>
          <line num="22" count="0" type="stmt"/>
          <line num="23" count="0" type="stmt"/>
          <line num="25" count="0" type="stmt"/>
          <line num="26" count="0" type="stmt"/>
          <line num="27" count="0" type="stmt"/>
          <line num="29" count="0" type="stmt"/>
          <line num="31" count="0" type="stmt"/>
          <line num="32" count="0" type="stmt"/>
          <line num="33" count="0" type="stmt"/>
          <line num="34" count="0" type="stmt"/>
          <line num="35" count="0" type="stmt"/>
          <line num="37" count="0" type="stmt"/>
          <line num="38" count="0" type="stmt"/>
          <line num="40" count="0" type="stmt"/>
          <line num="41" count="0" type="stmt"/>
          <line num="42" count="0" type="stmt"/>
          <line num="43" count="0" type="stmt"/>
          <line num="44" count="0" type="stmt"/>
          <line num="45" count="0" type="stmt"/>
          <line num="46" count="0" type="stmt"/>
          <line num="47" count="0" type="stmt"/>
          <line num="48" count="0" type="stmt"/>
          <line num="49" count="0" type="stmt"/>
          <line num="50" count="0" type="cond" truecount="0" falsecount="2"/>
          <line num="51" count="0" type="stmt"/>
          <line num="58" count="0" type="stmt"/>
          <line num="60" count="0" type="stmt"/>
[...]
          <line num="5" count="2" type="cond" truecount="1" falsecount="1"/>
          <line num="9" count="3" type="stmt"/>
          <line num="11" count="2" type="stmt"/>
          <line num="12" count="6" type="stmt"/>
          <line num="13" count="6" type="cond" truecount="1" falsecount="1"/>
          <line num="14" count="0" type="stmt"/>
          <line num="16" count="6" type="stmt"/>
          <line num="17" count="6" type="stmt"/>
          <line num="21" count="0" type="stmt"/>
          <line num="22" count="0" type="stmt"/>
          <line num="23" count="0" type="cond" truecount="0" falsecount="2"/>
          <line num="24" count="0" type="stmt"/>
          <line num="26" count="0" type="stmt"/>
          <line num="27" count="0" type="stmt"/>
          <line num="31" count="6" type="stmt"/>
          <line num="32" count="6" type="stmt"/>
          <line num="33" count="6" type="cond" truecount="1" falsecount="1"/>
          <line num="34" count="0" type="stmt"/>
          <line num="35" count="0" type="stmt"/>
          <line num="37" count="6" type="stmt"/>
          <line num="39" count="6" type="cond" truecount="1" falsecount="1"/>
          <line num="40" count="0" type="stmt"/>
          <line num="42" count="6" type="stmt"/>
          <line num="45" count="6" type="cond" truecount="2" falsecount="0"/>
        </file>
        <file name="index.ts" path="/Users/thiagolima/Documents/projetos/ibge/brasil/codigofonte/ClientApp/app/utils2/index.ts">
          <metrics statements="8" coveredstatements="8" conditionals="0" coveredconditionals="0" methods="0" coveredmethods="0"/>
          <line num="1" count="3" type="stmt"/>
          <line num="2" count="3" type="stmt"/>
          <line num="3" count="3" type="stmt"/>
          <line num="4" count="3" type="stmt"/>
          <line num="5" count="3" type="stmt"/>
          <line num="6" count="3" type="stmt"/>
          <line num="7" count="3" type="stmt"/>
          <line num="8" count="3" type="stmt"/>
        </file>
      </package>
      <package name="ClientApp.app.visao-historica">
        <metrics statements="29" coveredstatements="0" conditionals="51" coveredconditionals="0" methods="8" coveredmethods="0"/>
        <file name="visao-historica.component.ts" path="/Users/thiagolima/Documents/projetos/ibge/brasil/codigofonte/ClientApp/app/visao-historica/visao-historica.component.ts">
          <metrics statements="15" coveredstatements="0" conditionals="29" coveredconditionals="0" methods="5" coveredmethods="0"/>
          <line num="1" count="0" type="stmt"/>
          <line num="2" count="0" type="cond" truecount="0" falsecount="3"/>
          <line num="3" count="0" type="cond" truecount="0" falsecount="4"/>
          <line num="4" count="0" type="cond" truecount="0" falsecount="4"/>
          <line num="5" count="0" type="cond" truecount="0" falsecount="8"/>
          <line num="6" count="0" type="cond" truecount="0" falsecount="3"/>
          <line num="8" count="0" type="cond" truecount="0" falsecount="3"/>
          <line num="9" count="0" type="cond" truecount="0" falsecount="4"/>
          <line num="11" count="0" type="stmt"/>
          <line num="12" count="0" type="stmt"/>
          <line num="13" count="0" type="stmt"/>
          <line num="16" count="0" type="stmt"/>
          <line num="17" count="0" type="stmt"/>
          <line num="19" count="0" type="stmt"/>
          <line num="27" count="0" type="stmt"/>
        </file>
        <file name="visao-historica.module.ts" path="/Users/thiagolima/Documents/projetos/ibge/brasil/codigofonte/ClientApp/app/visao-historica/visao-historica.module.ts">
          <metrics statements="14" coveredstatements="0" conditionals="22" coveredconditionals="0" methods="3" coveredmethods="0"/>
          <line num="1" count="0" type="stmt"/>
          <line num="2" count="0" type="cond" truecount="0" falsecount="3"/>
          <line num="3" count="0" type="cond" truecount="0" falsecount="4"/>
          <line num="4" count="0" type="cond" truecount="0" falsecount="4"/>
          <line num="5" count="0" type="cond" truecount="0" falsecount="8"/>
          <line num="6" count="0" type="cond" truecount="0" falsecount="3"/>
          <line num="8" count="0" type="stmt"/>
          <line num="9" count="0" type="stmt"/>
          <line num="10" count="0" type="stmt"/>
          <line num="11" count="0" type="stmt"/>
          <line num="12" count="0" type="stmt"/>
          <line num="15" count="0" type="stmt"/>
          <line num="17" count="0" type="stmt"/>
          <line num="31" count="0" type="stmt"/>
        </file>
      </package>
      <package name="ClientApp.backend">
        <metrics statements="235" coveredstatements="0" conditionals="96" coveredconditionals="0" methods="70" coveredmethods="0"/>
        <file name="api.ts" path="/Users/thiagolima/Documents/projetos/ibge/brasil/codigofonte/ClientApp/backend/api.ts">
          <metrics statements="52" coveredstatements="0" conditionals="4" coveredconditionals="0" methods="11" coveredmethods="0"/>
          <line num="1" count="0" type="stmt"/>
          <line num="2" count="0" type="stmt"/>
          <line num="3" count="0" type="stmt"/>
          <line num="4" count="0" type="stmt"/>
          <line num="6" count="0" type="stmt"/>
          <line num="7" count="0" type="stmt"/>
          <line num="9" count="0" type="stmt"/>
          <line num="12" count="0" type="stmt"/>
          <line num="13" count="0" type="stmt"/>
          <line num="14" count="0" type="cond" truecount="0" falsecount="2"/>
          <line num="15" count="0" type="stmt"/>
          <line num="16" count="0" type="stmt"/>
          <line num="18" count="0" type="stmt"/>
          <line num="19" count="0" type="stmt"/>
          <line num="21" count="0" type="stmt"/>
          <line num="22" count="0" type="stmt"/>
          <line num="24" count="0" type="stmt"/>
          <line num="26" count="0" type="stmt"/>
          <line num="28" count="0" type="stmt"/>
          <line num="29" count="0" type="stmt"/>
          <line num="36" count="0" type="stmt"/>
          <line num="37" count="0" type="stmt"/>
          <line num="39" count="0" type="stmt"/>
          <line num="41" count="0" type="stmt"/>
          <line num="42" count="0" type="stmt"/>
          <line num="46" count="0" type="stmt"/>
          <line num="47" count="0" type="stmt"/>
          <line num="48" count="0" type="cond" truecount="0" falsecount="2"/>
          <line num="49" count="0" type="stmt"/>
          <line num="55" count="0" type="stmt"/>
          <line num="57" count="0" type="stmt"/>
          <line num="59" count="0" type="stmt"/>
          <line num="61" count="0" type="stmt"/>
          <line num="62" count="0" type="stmt"/>
          <line num="63" count="0" type="stmt"/>
          <line num="64" count="0" type="stmt"/>
          <line num="65" count="0" type="stmt"/>
          <line num="66" count="0" type="stmt"/>
          <line num="69" count="0" type="stmt"/>
          <line num="72" count="0" type="stmt"/>
          <line num="74" count="0" type="stmt"/>
          <line num="75" count="0" type="stmt"/>
          <line num="78" count="0" type="stmt"/>
          <line num="79" count="0" type="stmt"/>
          <line num="80" count="0" type="stmt"/>
          <line num="81" count="0" type="stmt"/>
          <line num="84" count="0" type="stmt"/>
          <line num="85" count="0" type="stmt"/>
          <line num="86" count="0" type="stmt"/>
          <line num="87" count="0" type="stmt"/>
          <line num="89" count="0" type="stmt"/>
          <line num="91" count="0" type="stmt"/>
        </file>
        <file name="cache.ts" path="/Users/thiagolima/Documents/projetos/ibge/brasil/codigofonte/ClientApp/backend/cache.ts">
          <metrics statements="12" coveredstatements="0" conditionals="2" coveredconditionals="0" methods="3" coveredmethods="0"/>
          <line num="1" count="0" type="stmt"/>
          <line num="2" count="0" type="stmt"/>
          <line num="3" count="0" type="stmt"/>
          <line num="4" count="0" type="stmt"/>
          <line num="7" count="0" type="stmt"/>
          <line num="8" count="0" type="stmt"/>
          <line num="9" count="0" type="cond" truecount="0" falsecount="2"/>
          <line num="10" count="0" type="stmt"/>
          <line num="11" count="0" type="stmt"/>
          <line num="13" count="0" type="stmt"/>
          <line num="15" count="0" type="stmt"/>
          <line num="16" count="0" type="stmt"/>
        </file>
        <file name="db.ts" path="/Users/thiagolima/Documents/projetos/ibge/brasil/codigofonte/ClientApp/backend/db.ts">
          <metrics statements="5" coveredstatements="0" conditionals="0" coveredconditionals="0" methods="1" coveredmethods="0"/>
          <line num="1" count="0" type="stmt"/>
          <line num="2" count="0" type="stmt"/>
          <line num="4" count="0" type="stmt"/>
          <line num="6" count="0" type="stmt"/>
          <line num="7" count="0" type="stmt"/>
        </file>
        <file name="servicodados.ts" path="/Users/thiagolima/Documents/projetos/ibge/brasil/codigofonte/ClientApp/backend/servicodados.ts">
          <metrics statements="166" coveredstatements="0" conditionals="90" coveredconditionals="0" methods="55" coveredmethods="0"/>
          <line num="1" count="0" type="stmt"/>
          <line num="2" count="0" type="stmt"/>
          <line num="3" count="0" type="stmt"/>
          <line num="4" count="0" type="stmt"/>
          <line num="5" count="0" type="stmt"/>
          <line num="6" count="0" type="stmt"/>
          <line num="9" count="0" type="stmt"/>
          <line num="12" count="0" type="stmt"/>
          <line num="14" count="0" type="stmt"/>
          <line num="16" count="0" type="cond" truecount="0" falsecount="2"/>
          <line num="17" count="0" type="stmt"/>
          <line num="19" count="0" type="cond" truecount="0" falsecount="2"/>
          <line num="20" count="0" type="stmt"/>
          <line num="22" count="0" type="cond" truecount="0" falsecount="4"/>
          <line num="23" count="0" type="stmt"/>
          <line num="26" count="0" type="stmt"/>
          <line num="28" count="0" type="stmt"/>
          <line num="30" count="0" type="stmt"/>
          <line num="31" count="0" type="stmt"/>
          <line num="32" count="0" type="stmt"/>
          <line num="33" count="0" type="stmt"/>
          <line num="37" count="0" type="stmt"/>
          <line num="41" count="0" type="stmt"/>
          <line num="42" count="0" type="stmt"/>
          <line num="45" count="0" type="stmt"/>
          <line num="46" count="0" type="stmt"/>
          <line num="48" count="0" type="stmt"/>
          <line num="49" count="0" type="stmt"/>
          <line num="50" count="0" type="stmt"/>
          <line num="51" count="0" type="stmt"/>
          <line num="54" count="0" type="stmt"/>
          <line num="55" count="0" type="stmt"/>
          <line num="56" count="0" type="stmt"/>
          <line num="57" count="0" type="stmt"/>
          <line num="58" count="0" type="stmt"/>
          <line num="61" count="0" type="stmt"/>
          <line num="62" count="0" type="stmt"/>
          <line num="65" count="0" type="stmt"/>
          <line num="67" count="0" type="stmt"/>
          <line num="68" count="0" type="stmt"/>
          <line num="69" count="0" type="stmt"/>
          <line num="71" count="0" type="stmt"/>
          <line num="73" count="0" type="stmt"/>
          <line num="74" count="0" type="stmt"/>
          <line num="75" count="0" type="stmt"/>
          <line num="76" count="0" type="stmt"/>
          <line num="77" count="0" type="cond" truecount="0" falsecount="2"/>
          <line num="78" count="0" type="stmt"/>
          <line num="81" count="0" type="stmt"/>
          <line num="84" count="0" type="stmt"/>
          <line num="86" count="0" type="stmt"/>
          <line num="104" count="0" type="stmt"/>
          <line num="105" count="0" type="cond" truecount="0" falsecount="2"/>
          <line num="106" count="0" type="cond" truecount="0" falsecount="2"/>
          <line num="108" count="0" type="stmt"/>
          <line num="109" count="0" type="cond" truecount="0" falsecount="2"/>
          <line num="110" count="0" type="stmt"/>
          <line num="112" count="0" type="cond" truecount="0" falsecount="4"/>
          <line num="113" count="0" type="stmt"/>
          <line num="115" count="0" type="stmt"/>
          <line num="116" count="0" type="stmt"/>
          <line num="117" count="0" type="stmt"/>
          <line num="121" count="0" type="cond" truecount="0" falsecount="2"/>
          <line num="122" count="0" type="stmt"/>
          <line num="124" count="0" type="cond" truecount="0" falsecount="2"/>
          <line num="125" count="0" type="cond" truecount="0" falsecount="4"/>
          <line num="126" count="0" type="stmt"/>
          <line num="132" count="0" type="cond" truecount="0" falsecount="2"/>
          <line num="133" count="0" type="cond" truecount="0" falsecount="2"/>
          <line num="134" count="0" type="stmt"/>
          <line num="135" count="0" type="stmt"/>
          <line num="138" count="0" type="cond" truecount="0" falsecount="2"/>
          <line num="139" count="0" type="stmt"/>
          <line num="145" count="0" type="cond" truecount="0" falsecount="2"/>
          <line num="146" count="0" type="cond" truecount="0" falsecount="2"/>
          <line num="147" count="0" type="stmt"/>
          <line num="148" count="0" type="stmt"/>
          <line num="151" count="0" type="cond" truecount="0" falsecount="2"/>
          <line num="152" count="0" type="cond" truecount="0" falsecount="2"/>
          <line num="153" count="0" type="stmt"/>
          <line num="154" count="0" type="stmt"/>
          <line num="158" count="0" type="cond" truecount="0" falsecount="2"/>
          <line num="159" count="0" type="stmt"/>
          <line num="160" count="0" type="cond" truecount="0" falsecount="4"/>
          <line num="161" count="0" type="stmt"/>
          <line num="162" count="0" type="cond" truecount="0" falsecount="2"/>
          <line num="165" count="0" type="cond" truecount="0" falsecount="2"/>
          <line num="167" count="0" type="stmt"/>
          <line num="168" count="0" type="stmt"/>
          <line num="170" count="0" type="stmt"/>
          <line num="173" count="0" type="stmt"/>
          <line num="180" count="0" type="stmt"/>
          <line num="183" count="0" type="stmt"/>
          <line num="185" count="0" type="stmt"/>
          <line num="186" count="0" type="stmt"/>
          <line num="187" count="0" type="cond" truecount="0" falsecount="4"/>
          <line num="188" count="0" type="stmt"/>
          <line num="189" count="0" type="cond" truecount="0" falsecount="4"/>
          <line num="190" count="0" type="stmt"/>
          <line num="191" count="0" type="stmt"/>
          <line num="192" count="0" type="stmt"/>
          <line num="194" count="0" type="stmt"/>
          <line num="195" count="0" type="cond" truecount="0" falsecount="2"/>
          <line num="197" count="0" type="stmt"/>
          <line num="198" count="0" type="stmt"/>
          <line num="199" count="0" type="stmt"/>
          <line num="201" count="0" type="stmt"/>
          <line num="204" count="0" type="stmt"/>
          <line num="206" count="0" type="stmt"/>
          <line num="207" count="0" type="cond" truecount="0" falsecount="4"/>
          <line num="208" count="0" type="stmt"/>
          <line num="209" count="0" type="cond" truecount="0" falsecount="4"/>
          <line num="210" count="0" type="stmt"/>
          <line num="211" count="0" type="stmt"/>
          <line num="212" count="0" type="stmt"/>
          <line num="213" count="0" type="cond" truecount="0" falsecount="4"/>
          <line num="214" count="0" type="stmt"/>
          <line num="215" count="0" type="stmt"/>
          <line num="216" count="0" type="stmt"/>
          <line num="223" count="0" type="stmt"/>
          <line num="224" count="0" type="stmt"/>
          <line num="225" count="0" type="stmt"/>
          <line num="227" count="0" type="stmt"/>
          <line num="228" count="0" type="cond" truecount="0" falsecount="2"/>
          <line num="229" count="0" type="stmt"/>
          <line num="230" count="0" type="stmt"/>
          <line num="232" count="0" type="stmt"/>
          <line num="233" count="0" type="stmt"/>
          <line num="234" count="0" type="stmt"/>
          <line num="242" count="0" type="stmt"/>
          <line num="244" count="0" type="stmt"/>
          <line num="245" count="0" type="stmt"/>
          <line num="246" count="0" type="stmt"/>
          <line num="247" count="0" type="stmt"/>
          <line num="248" count="0" type="cond" truecount="0" falsecount="2"/>
          <line num="249" count="0" type="stmt"/>
          <line num="251" count="0" type="stmt"/>
          <line num="253" count="0" type="stmt"/>
          <line num="254" count="0" type="stmt"/>
          <line num="256" count="0" type="stmt"/>
          <line num="258" count="0" type="stmt"/>
          <line num="259" count="0" type="stmt"/>
          <line num="260" count="0" type="stmt"/>
          <line num="261" count="0" type="cond" truecount="0" falsecount="2"/>
          <line num="262" count="0" type="stmt"/>
          <line num="265" count="0" type="stmt"/>
          <line num="267" count="0" type="cond" truecount="0" falsecount="2"/>
          <line num="269" count="0" type="stmt"/>
          <line num="270" count="0" type="stmt"/>
          <line num="272" count="0" type="stmt"/>
          <line num="273" count="0" type="stmt"/>
          <line num="274" count="0" type="stmt"/>
          <line num="275" count="0" type="stmt"/>
          <line num="276" count="0" type="cond" truecount="0" falsecount="2"/>
          <line num="277" count="0" type="stmt"/>
          <line num="279" count="0" type="stmt"/>
          <line num="280" count="0" type="cond" truecount="0" falsecount="2"/>
          <line num="281" count="0" type="stmt"/>
          <line num="284" count="0" type="stmt"/>
          <line num="286" count="0" type="stmt"/>
          <line num="287" count="0" type="cond" truecount="0" falsecount="2"/>
          <line num="288" count="0" type="stmt"/>
          <line num="290" count="0" type="stmt"/>
          <line num="291" count="0" type="cond" truecount="0" falsecount="2"/>
          <line num="292" count="0" type="stmt"/>
          <line num="294" count="0" type="stmt"/>
        </file>
      </package>
      <package name="ClientApp.test">
        <metrics statements="16" coveredstatements="0" conditionals="0" coveredconditionals="0" methods="1" coveredmethods="0"/>
        <file name="boot-tests.ts" path="/Users/thiagolima/Documents/projetos/ibge/brasil/codigofonte/ClientApp/test/boot-tests.ts">
          <metrics statements="16" coveredstatements="0" conditionals="0" coveredconditionals="0" methods="1" coveredmethods="0"/>
          <line num="1" count="0" type="stmt"/>
          <line num="2" count="0" type="stmt"/>
          <line num="4" count="0" type="stmt"/>
          <line num="5" count="0" type="stmt"/>
          <line num="6" count="0" type="stmt"/>
          <line num="7" count="0" type="stmt"/>
          <line num="8" count="0" type="stmt"/>
          <line num="9" count="0" type="stmt"/>
          <line num="10" count="0" type="stmt"/>
          <line num="11" count="0" type="stmt"/>
          <line num="12" count="0" type="stmt"/>
          <line num="14" count="0" type="stmt"/>
          <line num="16" count="0" type="stmt"/>
          <line num="18" count="0" type="stmt"/>
          <line num="20" count="0" type="stmt"/>
          <line num="22" count="0" type="stmt"/>
        </file>
      </package>
    </metrics>
  </project>
</coverage>
